This is pdfTeX, Version 3.141592653-2.6-1.40.26 (TeX Live 2024/Homebrew) (preloaded format=pdflatex 2024.10.29)  4 JUL 2025 15:41
entering extended mode
 restricted \write18 enabled.
 file:line:error style messages enabled.
 %&-line parsing enabled.
**Cover.tex
(./Cover.tex
LaTeX2e <2023-11-01> patch level 1
L3 programming layer <2024-02-20>

./Cover.tex:1: LaTeX Error: Environment titlepage undefined.

See the LaTeX manual or LaTeX Companion for explanation.
Type  H <return>  for immediate help.
 ...                                              
                                                  
l.1 \begin{titlepage}
                     
Your command was ignored.
Type  I <command> <return>  to replace it with another command,
or  <return>  to continue without it.


./Cover.tex:5: LaTeX Error: Missing \begin{document}.

See the LaTeX manual or LaTeX Companion for explanation.
Type  H <return>  for immediate help.
 ...                                              
                                                  
l.5 \begin{center}
                  
You're in trouble here.  Try typing  <return>  to proceed.
If that doesn't work, type  X <return>  to quit.


Overfull \hbox (20.0pt too wide) in paragraph at lines 5--5
[] 
 []


./Cover.tex:6: LaTeX Error: Environment tikzpicture undefined.

See the LaTeX manual or LaTeX Companion for explanation.
Type  H <return>  for immediate help.
 ...                                              
                                                  
l.6 \begin{tikzpicture}
                       
Your command was ignored.
Type  I <command> <return>  to replace it with another command,
or  <return>  to continue without it.

./Cover.tex:7: Missing number, treated as zero.
<to be read again> 
                   [
l.7  \fill[
           THRed] (0, 0) rectangle (\textwidth/3, 3pt);
A number should have been here; I inserted `0'.
(If you can't figure out why I needed to see a number,
look up `weird error' in the index to The TeXbook.)

./Cover.tex:7: Illegal unit of measure (pt inserted).
<to be read again> 
                   [
l.7  \fill[
           THRed] (0, 0) rectangle (\textwidth/3, 3pt);
Dimensions can be in units of em, ex, in, pt, pc,
cm, mm, dd, cc, nd, nc, bp, or sp; but yours is a new one!
I'll assume that you meant to say pt, for printer's points.
To recover gracefully from this error, it's best to
delete the erroneous units; e.g., type `2' to delete
two letters. (See Chapter 27 of The TeXbook.)

./Cover.tex:7: Missing number, treated as zero.
<to be read again> 
                   /
l.7  \fill[THRed] (0, 0) rectangle (\textwidth/
                                               3, 3pt);
A number should have been here; I inserted `0'.
(If you can't figure out why I needed to see a number,
look up `weird error' in the index to The TeXbook.)

./Cover.tex:7: Illegal unit of measure (pt inserted).
<to be read again> 
                   /
l.7  \fill[THRed] (0, 0) rectangle (\textwidth/
                                               3, 3pt);
Dimensions can be in units of em, ex, in, pt, pc,
cm, mm, dd, cc, nd, nc, bp, or sp; but yours is a new one!
I'll assume that you meant to say pt, for printer's points.
To recover gracefully from this error, it's best to
delete the erroneous units; e.g., type `2' to delete
two letters. (See Chapter 27 of The TeXbook.)

./Cover.tex:8: Missing number, treated as zero.
<to be read again> 
                   [
l.8  \fill[
           THOrange] (\textwidth/3, 0) rectangle (2*\textwidth/3, 3pt);
A number should have been here; I inserted `0'.
(If you can't figure out why I needed to see a number,
look up `weird error' in the index to The TeXbook.)

./Cover.tex:8: Illegal unit of measure (pt inserted).
<to be read again> 
                   [
l.8  \fill[
           THOrange] (\textwidth/3, 0) rectangle (2*\textwidth/3, 3pt);
Dimensions can be in units of em, ex, in, pt, pc,
cm, mm, dd, cc, nd, nc, bp, or sp; but yours is a new one!
I'll assume that you meant to say pt, for printer's points.
To recover gracefully from this error, it's best to
delete the erroneous units; e.g., type `2' to delete
two letters. (See Chapter 27 of The TeXbook.)

./Cover.tex:8: Missing number, treated as zero.
<to be read again> 
                   /
l.8  \fill[THOrange] (\textwidth/
                                 3, 0) rectangle (2*\textwidth/3, 3pt);
A number should have been here; I inserted `0'.
(If you can't figure out why I needed to see a number,
look up `weird error' in the index to The TeXbook.)

./Cover.tex:8: Illegal unit of measure (pt inserted).
<to be read again> 
                   /
l.8  \fill[THOrange] (\textwidth/
                                 3, 0) rectangle (2*\textwidth/3, 3pt);
Dimensions can be in units of em, ex, in, pt, pc,
cm, mm, dd, cc, nd, nc, bp, or sp; but yours is a new one!
I'll assume that you meant to say pt, for printer's points.
To recover gracefully from this error, it's best to
delete the erroneous units; e.g., type `2' to delete
two letters. (See Chapter 27 of The TeXbook.)

./Cover.tex:8: Missing number, treated as zero.
<to be read again> 
                   /
l.8 ... (\textwidth/3, 0) rectangle (2*\textwidth/
                                                  3, 3pt);
A number should have been here; I inserted `0'.
(If you can't figure out why I needed to see a number,
look up `weird error' in the index to The TeXbook.)

./Cover.tex:8: Illegal unit of measure (pt inserted).
<to be read again> 
                   /
l.8 ... (\textwidth/3, 0) rectangle (2*\textwidth/
                                                  3, 3pt);
Dimensions can be in units of em, ex, in, pt, pc,
cm, mm, dd, cc, nd, nc, bp, or sp; but yours is a new one!
I'll assume that you meant to say pt, for printer's points.
To recover gracefully from this error, it's best to
delete the erroneous units; e.g., type `2' to delete
two letters. (See Chapter 27 of The TeXbook.)

./Cover.tex:9: Missing number, treated as zero.
<to be read again> 
                   [
l.9  \fill[
           THPurple] (2*\textwidth/3, 0) rectangle (\textwidth, 3pt);
A number should have been here; I inserted `0'.
(If you can't figure out why I needed to see a number,
look up `weird error' in the index to The TeXbook.)

./Cover.tex:9: Illegal unit of measure (pt inserted).
<to be read again> 
                   [
l.9  \fill[
           THPurple] (2*\textwidth/3, 0) rectangle (\textwidth, 3pt);
Dimensions can be in units of em, ex, in, pt, pc,
cm, mm, dd, cc, nd, nc, bp, or sp; but yours is a new one!
I'll assume that you meant to say pt, for printer's points.
To recover gracefully from this error, it's best to
delete the erroneous units; e.g., type `2' to delete
two letters. (See Chapter 27 of The TeXbook.)

./Cover.tex:9: Missing number, treated as zero.
<to be read again> 
                   /
l.9  \fill[THPurple] (2*\textwidth/
                                   3, 0) rectangle (\textwidth, 3pt);
A number should have been here; I inserted `0'.
(If you can't figure out why I needed to see a number,
look up `weird error' in the index to The TeXbook.)

./Cover.tex:9: Illegal unit of measure (pt inserted).
<to be read again> 
                   /
l.9  \fill[THPurple] (2*\textwidth/
                                   3, 0) rectangle (\textwidth, 3pt);
Dimensions can be in units of em, ex, in, pt, pc,
cm, mm, dd, cc, nd, nc, bp, or sp; but yours is a new one!
I'll assume that you meant to say pt, for printer's points.
To recover gracefully from this error, it's best to
delete the erroneous units; e.g., type `2' to delete
two letters. (See Chapter 27 of The TeXbook.)

./Cover.tex:9: Illegal unit of measure (pt inserted).
<to be read again> 
                   3
l.9 ...2*\textwidth/3, 0) rectangle (\textwidth, 3
                                                  pt);
Dimensions can be in units of em, ex, in, pt, pc,
cm, mm, dd, cc, nd, nc, bp, or sp; but yours is a new one!
I'll assume that you meant to say pt, for printer's points.
To recover gracefully from this error, it's best to
delete the erroneous units; e.g., type `2' to delete
two letters. (See Chapter 27 of The TeXbook.)


./Cover.tex:10: LaTeX Error: \begin{center} on input line 5 ended by \end{tikzp
icture}.

See the LaTeX manual or LaTeX Companion for explanation.
Type  H <return>  for immediate help.
 ...                                              
                                                  
l.10 \end{tikzpicture}
                      
Your command was ignored.
Type  I <command> <return>  to replace it with another command,
or  <return>  to continue without it.


Overfull \hbox (35.73619pt too wide) in paragraph at lines 7--11
 \OT1/cmss/m/n/10 [THRed] 
 []


Overfull \hbox (11.6667pt too wide) in paragraph at lines 7--11
 \OT1/cmss/m/n/10 (0, 
 []


Overfull \hbox (8.88892pt too wide) in paragraph at lines 7--11
 \OT1/cmss/m/n/10 0) 
 []


Overfull \hbox (19.25002pt too wide) in paragraph at lines 7--11
 \OT1/cmss/m/n/10 rect- 
 []


Overfull \hbox (13.30557pt too wide) in paragraph at lines 7--11
 \OT1/cmss/m/n/10 an- 
 []


Overfull \hbox (11.83334pt too wide) in paragraph at lines 7--11
 \OT1/cmss/m/n/10 gle 
 []


Overfull \hbox (16.66672pt too wide) in paragraph at lines 7--11
 \OT1/cmss/m/n/10 (/3, 
 []


Overfull \hbox (20.44449pt too wide) in paragraph at lines 7--11
 \OT1/cmss/m/n/10 3pt); 
 []


Overfull \hbox (27.47227pt too wide) in paragraph at lines 7--11
 \OT1/cmss/m/n/10 [THO- 
 []


Overfull \hbox (6.75002pt too wide) in paragraph at lines 7--11
 \OT1/cmss/m/n/10 r- 
 []


Overfull \hbox (22.30559pt too wide) in paragraph at lines 7--11
 \OT1/cmss/m/n/10 ange] 
 []


Overfull \hbox (16.66672pt too wide) in paragraph at lines 7--11
 \OT1/cmss/m/n/10 (/3, 
 []


Overfull \hbox (8.88892pt too wide) in paragraph at lines 7--11
 \OT1/cmss/m/n/10 0) 
 []


Overfull \hbox (19.25002pt too wide) in paragraph at lines 7--11
 \OT1/cmss/m/n/10 rect- 
 []


Overfull \hbox (13.30557pt too wide) in paragraph at lines 7--11
 \OT1/cmss/m/n/10 an- 
 []


Overfull \hbox (11.83334pt too wide) in paragraph at lines 7--11
 \OT1/cmss/m/n/10 gle 
 []


Overfull \hbox (26.66675pt too wide) in paragraph at lines 7--11
 \OT1/cmss/m/n/10 (2*/3, 
 []


Overfull \hbox (20.44449pt too wide) in paragraph at lines 7--11
 \OT1/cmss/m/n/10 3pt); 
 []


Overfull \hbox (20.11116pt too wide) in paragraph at lines 7--11
 \OT1/cmss/m/n/10 [TH- 
 []


Overfull \hbox (18.30559pt too wide) in paragraph at lines 7--11
 \OT1/cmss/m/n/10 Pur- 
 []


Overfull \hbox (14.88889pt too wide) in paragraph at lines 7--11
 \OT1/cmss/m/n/10 ple] 
 []


Overfull \hbox (26.66675pt too wide) in paragraph at lines 7--11
 \OT1/cmss/m/n/10 (2*/3, 
 []


Overfull \hbox (8.88892pt too wide) in paragraph at lines 7--11
 \OT1/cmss/m/n/10 0) 
 []


Overfull \hbox (19.25002pt too wide) in paragraph at lines 7--11
 \OT1/cmss/m/n/10 rect- 
 []


Overfull \hbox (13.30557pt too wide) in paragraph at lines 7--11
 \OT1/cmss/m/n/10 an- 
 []


Overfull \hbox (11.83334pt too wide) in paragraph at lines 7--11
 \OT1/cmss/m/n/10 gle 
 []


Overfull \hbox (24.33339pt too wide) in paragraph at lines 7--11
 \OT1/cmss/m/n/10 (3pt); 
 []


./Cover.tex:15: LaTeX Error: Environment huge undefined.

See the LaTeX manual or LaTeX Companion for explanation.
Type  H <return>  for immediate help.
 ...                                              
                                                  
l.15 \begin{huge}
                 
Your command was ignored.
Type  I <command> <return>  to replace it with another command,
or  <return>  to continue without it.


./Cover.tex:18: LaTeX Error: \begin{document} ended by \end{huge}.

See the LaTeX manual or LaTeX Companion for explanation.
Type  H <return>  for immediate help.
 ...                                              
                                                  
l.18 \end{huge}
               
Your command was ignored.
Type  I <command> <return>  to replace it with another command,
or  <return>  to continue without it.

LaTeX Font Info:    Font shape `OT1/cmss/m/it' in size <10> not available
(Font)              Font shape `OT1/cmss/m/sl' tried instead on input line 21.

Overfull \hbox (76.69455pt too wide) in paragraph at lines 16--26
\OT1/cmss/m/n/10 Weiterentwicklung
 []


Overfull \hbox (20.27777pt too wide) in paragraph at lines 16--26
\OT1/cmss/m/n/10 eines
 []


Overfull \hbox (47.72229pt too wide) in paragraph at lines 16--26
\OT1/cmss/m/n/10 WordPress-
 []


Overfull \hbox (30.33336pt too wide) in paragraph at lines 16--26
\OT1/cmss/m/n/10 Plugins
 []


Overfull \hbox (12.93059pt too wide) in paragraph at lines 16--26
\OT1/cmss/m/n/10 zur
 []


Overfull \hbox (21.08337pt too wide) in paragraph at lines 16--26
\OT1/cmss/m/n/10 gam-
 []


Overfull \hbox (5.72221pt too wide) in paragraph at lines 16--26
\OT1/cmss/m/n/10 i-
 []


Overfull \hbox (33.18059pt too wide) in paragraph at lines 16--26
\OT1/cmss/m/n/10 fizierten
 []


Overfull \hbox (38.72226pt too wide) in paragraph at lines 16--26
\OT1/cmss/m/n/10 Spenden-
 []


Overfull \hbox (43.41673pt too wide) in paragraph at lines 16--26
\OT1/cmss/m/n/10 verteilung:
 []


Overfull \hbox (46.69452pt too wide) in paragraph at lines 16--26
\OT1/cmss/m/n/10 Gutenberg-
 []


Overfull \hbox (45.38899pt too wide) in paragraph at lines 16--26
\OT1/cmss/m/n/10 Integration
 []


Overfull \hbox (15.50002pt too wide) in paragraph at lines 16--26
\OT1/cmss/m/n/10 und
 []


Overfull \hbox (29.83336pt too wide) in paragraph at lines 16--26
\OT1/cmss/m/n/10 Plugin-
 []


Overfull \hbox (47.22232pt too wide) in paragraph at lines 16--26
\OT1/cmss/m/n/10 Architektur
 []


Overfull \hbox (12.75003pt too wide) in paragraph at lines 16--26
\OT1/cmss/m/n/10 am
 []


Overfull \hbox (31.72223pt too wide) in paragraph at lines 16--26
\OT1/cmss/m/n/10 Beispiel
 []


Overfull \hbox (14.77782pt too wide) in paragraph at lines 16--26
\OT1/cmss/m/n/10 von
 []


Overfull \hbox (54.08345pt too wide) in paragraph at lines 16--26
\OT1/cmss/m/n/10 ``Charigame''
 []


Overfull \hbox (7.55556pt too wide) in paragraph at lines 16--26
\OT1/cmss/m/n/10 in
 []


Overfull \hbox (15.27782pt too wide) in paragraph at lines 16--26
\OT1/cmss/m/n/10 Ko-
 []


Overfull \hbox (13.50002pt too wide) in paragraph at lines 16--26
\OT1/cmss/m/n/10 op-
 []


Overfull \hbox (11.19446pt too wide) in paragraph at lines 16--26
\OT1/cmss/m/n/10 er-
 []


Overfull \hbox (8.1389pt too wide) in paragraph at lines 16--26
\OT1/cmss/m/n/10 a-
 []


Overfull \hbox (16.16669pt too wide) in paragraph at lines 16--26
\OT1/cmss/m/n/10 tion
 []


Overfull \hbox (13.94446pt too wide) in paragraph at lines 16--26
\OT1/cmss/m/n/10 mit
 []


Overfull \hbox (13.0278pt too wide) in paragraph at lines 16--26
\OT1/cmss/m/n/10 der
 []


Overfull \hbox (32.44447pt too wide) in paragraph at lines 16--26
\OT1/cmss/m/n/10 elancer-
 []


Overfull \hbox (20.80559pt too wide) in paragraph at lines 16--26
\OT1/cmss/m/n/10 team
 []


Overfull \hbox (26.86119pt too wide) in paragraph at lines 16--26
\OT1/cmss/m/n/10 GmbH 
 []


Overfull \hbox (24.4167pt too wide) in paragraph at lines 16--26
\OT1/cmss/m/n/10 Bach-
 []


Overfull \hbox (7.77777pt too wide) in paragraph at lines 16--26
\OT1/cmss/m/n/10 e-
 []


Overfull \hbox (10.72223pt too wide) in paragraph at lines 16--26
\OT1/cmss/m/n/10 lo-
 []


Overfull \hbox (14.69449pt too wide) in paragraph at lines 16--26
\OT1/cmss/m/n/10 rar-
 []


Overfull \hbox (15.8889pt too wide) in paragraph at lines 16--26
\OT1/cmss/m/n/10 beit
 []


Overfull \hbox (12.93059pt too wide) in paragraph at lines 16--26
\OT1/cmss/m/n/10 zur
 []


Overfull \hbox (12.72224pt too wide) in paragraph at lines 16--26
\OT1/cmss/m/n/10 Er-
 []


Overfull \hbox (15.69446pt too wide) in paragraph at lines 16--26
\OT1/cmss/m/n/10 lan-
 []


Overfull \hbox (20.33337pt too wide) in paragraph at lines 16--26
\OT1/cmss/m/n/10 gung
 []


Overfull \hbox (13.44444pt too wide) in paragraph at lines 16--26
\OT1/cmss/m/n/10 des
 []


Overfull \hbox (41.33339pt too wide) in paragraph at lines 16--26
\OT1/cmss/m/n/10 akademis-
 []


Overfull \hbox (19.22223pt too wide) in paragraph at lines 16--26
\OT1/cmss/m/n/10 chen
 []


Overfull \hbox (28.33339pt too wide) in paragraph at lines 16--26
\OT1/cmss/m/n/10 Grades 
 []


Overfull \hbox (36.05562pt too wide) in paragraph at lines 16--26
\OT1/cmss/m/sl/10 Bachelor
 []


Overfull \hbox (8.05559pt too wide) in paragraph at lines 16--26
\OT1/cmss/m/sl/10 of
 []


Overfull \hbox (15.72223pt too wide) in paragraph at lines 16--26
\OT1/cmss/m/sl/10 Sci-
 []


Overfull \hbox (19.17776pt too wide) in paragraph at lines 16--26
\OT1/cmss/m/sl/10 ence 
 []


Overfull \hbox (10.33334pt too wide) in paragraph at lines 16--26
\OT1/cmss/m/n/10 im
 []


Overfull \hbox (17.66669pt too wide) in paragraph at lines 16--26
\OT1/cmss/m/n/10 Stu-
 []


Overfull \hbox (10.88889pt too wide) in paragraph at lines 16--26
\OT1/cmss/m/n/10 di-
 []


Overfull \hbox (12.94444pt too wide) in paragraph at lines 16--26
\OT1/cmss/m/n/10 en-
 []


Overfull \hbox (19.97227pt too wide) in paragraph at lines 16--26
\OT1/cmss/m/n/10 gang
 []


Overfull \hbox (16.52782pt too wide) in paragraph at lines 16--26
\OT1/cmss/m/n/10 Me-
 []


Overfull \hbox (10.88889pt too wide) in paragraph at lines 16--26
\OT1/cmss/m/n/10 di-
 []


Overfull \hbox (12.94444pt too wide) in paragraph at lines 16--26
\OT1/cmss/m/n/10 en-
 []


Overfull \hbox (10.88889pt too wide) in paragraph at lines 16--26
\OT1/cmss/m/n/10 in-
 []


Overfull \hbox (14.52782pt too wide) in paragraph at lines 16--26
\OT1/cmss/m/n/10 for-
 []


Overfull \hbox (23.63895pt too wide) in paragraph at lines 16--26
\OT1/cmss/m/n/10 matik 
 []


Overfull \hbox (9.97224pt too wide) in paragraph at lines 16--26
\OT1/cmss/m/n/10 an
 []


Overfull \hbox (13.0278pt too wide) in paragraph at lines 16--26
\OT1/cmss/m/n/10 der
 []


Overfull \hbox (34.69453pt too wide) in paragraph at lines 16--26
\OT1/cmss/m/n/10 Fakult^^?at
 []


Overfull \hbox (11.63893pt too wide) in paragraph at lines 16--26
\OT1/cmss/m/n/10 f^^?ur
 []


Overfull \hbox (11.2778pt too wide) in paragraph at lines 16--26
\OT1/cmss/m/n/10 In-
 []


Overfull \hbox (14.52782pt too wide) in paragraph at lines 16--26
\OT1/cmss/m/n/10 for-
 []


Overfull \hbox (23.63895pt too wide) in paragraph at lines 16--26
\OT1/cmss/m/n/10 matik
 []


Overfull \hbox (15.50002pt too wide) in paragraph at lines 16--26
\OT1/cmss/m/n/10 und
 []


Overfull \hbox (11.2778pt too wide) in paragraph at lines 16--26
\OT1/cmss/m/n/10 In-
 []


Overfull \hbox (12.77779pt too wide) in paragraph at lines 16--26
\OT1/cmss/m/n/10 ge-
 []


Overfull \hbox (23.91669pt too wide) in paragraph at lines 16--26
\OT1/cmss/m/n/10 nieur-
 []


Overfull \hbox (16.3889pt too wide) in paragraph at lines 16--26
\OT1/cmss/m/n/10 wis-
 []


Overfull \hbox (47.97226pt too wide) in paragraph at lines 16--26
\OT1/cmss/m/n/10 senschaften 
 []


Overfull \hbox (13.0278pt too wide) in paragraph at lines 16--26
\OT1/cmss/m/n/10 der
 []


Overfull \hbox (23.36111pt too wide) in paragraph at lines 16--26
\OT1/cmss/m/n/10 Tech-
 []


Overfull \hbox (14.72221pt too wide) in paragraph at lines 16--26
\OT1/cmss/m/n/10 nis-
 []


Overfull \hbox (19.22223pt too wide) in paragraph at lines 16--26
\OT1/cmss/m/n/10 chen
 []


Overfull \hbox (47.41673pt too wide) in paragraph at lines 16--26
\OT1/cmss/m/n/10 Hochschule
 []


Overfull \hbox (19.50005pt too wide) in paragraph at lines 16--26
\OT1/cmss/m/n/10 K^^?oln 
 []


./Cover.tex:26: LaTeX Error: The font size command \normalsize is not defined:
               there is probably something wrong with the class file.

See the LaTeX manual or LaTeX Companion for explanation.
Type  H <return>  for immediate help.
 ...                                              
                                                  
l.26 \vfill
           
Your command was ignored.
Type  I <command> <return>  to replace it with another command,
or  <return>  to continue without it.

[1{/opt/homebrew/Cellar/texlive/20240312_3/share/texmf-dist/fonts/map/pdftex/up
dmap/pdftex.map}]
LaTeX Font Info:    External font `cmex10' loaded for size
(Font)              <7> on input line 28.
LaTeX Font Info:    External font `cmex10' loaded for size
(Font)              <5> on input line 28.


./Cover.tex:41: LaTeX Error: \begin{document} ended by \end{titlepage}.

See the LaTeX manual or LaTeX Companion for explanation.
Type  H <return>  for immediate help.
 ...                                              
                                                  
l.41 \end{titlepage}
                    
Your command was ignored.
Type  I <command> <return>  to replace it with another command,
or  <return>  to continue without it.

)
! Emergency stop.
<*> Cover.tex
             
*** (job aborted, no legal \end found)

 
Here is how much of TeX's memory you used:
 44 strings out of 474116
 1160 string characters out of 5732612
 1930187 words of memory out of 5000000
 22499 multiletter control sequences out of 15000+600000
 558730 words of font info for 38 fonts, out of 8000000 for 9000
 1141 hyphenation exceptions out of 8191
 25i,6n,24p,139b,163s stack positions out of 10000i,1000n,20000p,200000b,200000s
!  ==> Fatal error occurred, no output PDF file produced!
