This is pdfTeX, Version 3.141592653-2.6-1.40.26 (TeX Live 2024/Homebrew) (preloaded format=pdflatex 2024.10.29)  5 JUL 2025 12:19
entering extended mode
 restricted \write18 enabled.
 file:line:error style messages enabled.
 %&-line parsing enabled.
**VorlageAbschlussarbeiten.tex
(./VorlageAbschlussarbeiten.tex
LaTeX2e <2023-11-01> patch level 1
L3 programming layer <2024-02-20>

(/opt/homebrew/Cellar/texlive/20240312_3/share/texmf-dist/tex/latex/koma-script
/scrreprt.cls
Document Class: scrreprt 2023/07/07 v3.41 KOMA-Script document class (report)

(/opt/homebrew/Cellar/texlive/20240312_3/share/texmf-dist/tex/latex/koma-script
/scrkbase.sty
Package: scrkbase 2023/07/07 v3.41 KOMA-Script package (KOMA-Script-dependent b
asics and keyval usage)

(/opt/homebrew/Cellar/texlive/20240312_3/share/texmf-dist/tex/latex/koma-script
/scrbase.sty
Package: scrbase 2023/07/07 v3.41 KOMA-Script package (KOMA-Script-independent 
basics and keyval usage)

(/opt/homebrew/Cellar/texlive/20240312_3/share/texmf-dist/tex/latex/koma-script
/scrlfile.sty
Package: scrlfile 2023/07/07 v3.41 KOMA-Script package (file load hooks)

(/opt/homebrew/Cellar/texlive/20240312_3/share/texmf-dist/tex/latex/koma-script
/scrlfile-hook.sty
Package: scrlfile-hook 2023/07/07 v3.41 KOMA-Script package (using LaTeX hooks)


(/opt/homebrew/Cellar/texlive/20240312_3/share/texmf-dist/tex/latex/koma-script
/scrlogo.sty
Package: scrlogo 2023/07/07 v3.41 KOMA-Script package (logo)
)))
(/opt/homebrew/Cellar/texlive/20240312_3/share/texmf-dist/tex/latex/graphics/ke
yval.sty
Package: keyval 2022/05/29 v1.15 key=value parser (DPC)
\KV@toks@=\toks17
)
Applying: [2021/05/01] Usage of raw or classic option list on input line 252.
Already applied: [0000/00/00] Usage of raw or classic option list on input line
 368.
))
(/opt/homebrew/Cellar/texlive/20240312_3/share/texmf-dist/tex/latex/koma-script
/tocbasic.sty
Package: tocbasic 2023/07/07 v3.41 KOMA-Script package (handling toc-files)
\scr@dte@tocline@numberwidth=\skip48
\scr@dte@tocline@numbox=\box51
)
Package tocbasic Info: omitting babel extension for `toc'
(tocbasic)             because of feature `nobabel' available
(tocbasic)             for `toc' on input line 135.
Class scrreprt Info: File `scrsize11pt.clo' used instead of
(scrreprt)           file `scrsize11.clo' to setup font sizes on input line 268
8.

(/opt/homebrew/Cellar/texlive/20240312_3/share/texmf-dist/tex/latex/koma-script
/scrsize11pt.clo
File: scrsize11pt.clo 2023/07/07 v3.41 KOMA-Script font size class option (11pt
)
)
(/opt/homebrew/Cellar/texlive/20240312_3/share/texmf-dist/tex/latex/koma-script
/typearea.sty
Package: typearea 2023/07/07 v3.41 KOMA-Script package (type area)
\ta@bcor=\skip49
\ta@div=\count188
\ta@hblk=\skip50
\ta@vblk=\skip51
\ta@temp=\skip52
\footheight=\skip53
Package typearea Info: These are the values describing the layout:
(typearea)             DIV  = 10
(typearea)             BCOR = 22.76219pt
(typearea)             \paperwidth      = 597.50793pt
(typearea)              \textwidth      = 402.32205pt
(typearea)              DIV departure   = -2%
(typearea)              \evensidemargin = 36.70404pt
(typearea)              \oddsidemargin  = 36.70404pt
(typearea)             \paperheight     = 845.04694pt
(typearea)              \textheight     = 555.00024pt
(typearea)              \topmargin      = 12.2347pt
(typearea)              \headheight     = 17.0pt
(typearea)              \headsep        = 20.40001pt
(typearea)              \topskip        = 11.0pt
(typearea)              \footskip       = 47.6pt
(typearea)              \baselineskip   = 13.6pt
(typearea)              on input line 1799.
)
\c@part=\count189
\c@chapter=\count190
\c@section=\count191
\c@subsection=\count192
\c@subsubsection=\count193
\c@paragraph=\count194
\c@subparagraph=\count195
\scr@dte@chapter@maxnumwidth=\skip54
Class scrreprt Info: using compatibility default `afterindent=bysign'
(scrreprt)           for `\chapter on input line 5994.
\scr@dte@section@maxnumwidth=\skip55
Class scrreprt Info: using compatibility default `runin=bysign'
(scrreprt)           for `\section on input line 6005.
Class scrreprt Info: using compatibility default `afterindent=bysign'
(scrreprt)           for `\section on input line 6005.
\scr@dte@part@maxnumwidth=\skip56
Class scrreprt Info: using compatibility default `afterindent=true'
(scrreprt)           for `\part on input line 6014.
\scr@dte@subsection@maxnumwidth=\skip57
Class scrreprt Info: using compatibility default `runin=bysign'
(scrreprt)           for `\subsection on input line 6024.
Class scrreprt Info: using compatibility default `afterindent=bysign'
(scrreprt)           for `\subsection on input line 6024.
\scr@dte@subsubsection@maxnumwidth=\skip58
Class scrreprt Info: using compatibility default `runin=bysign'
(scrreprt)           for `\subsubsection on input line 6034.
Class scrreprt Info: using compatibility default `afterindent=bysign'
(scrreprt)           for `\subsubsection on input line 6034.
\scr@dte@paragraph@maxnumwidth=\skip59
Class scrreprt Info: using compatibility default `runin=bysign'
(scrreprt)           for `\paragraph on input line 6045.
Class scrreprt Info: using compatibility default `afterindent=bysign'
(scrreprt)           for `\paragraph on input line 6045.
\scr@dte@subparagraph@maxnumwidth=\skip60
Class scrreprt Info: using compatibility default `runin=bysign'
(scrreprt)           for `\subparagraph on input line 6055.
Class scrreprt Info: using compatibility default `afterindent=bysign'
(scrreprt)           for `\subparagraph on input line 6055.
\abovecaptionskip=\skip61
\belowcaptionskip=\skip62
\c@pti@nb@sid@b@x=\box52
Package tocbasic Info: omitting babel extension for `lof'
(tocbasic)             because of feature `nobabel' available
(tocbasic)             for `lof' on input line 7240.
\scr@dte@figure@maxnumwidth=\skip63
\c@figure=\count196
Package tocbasic Info: omitting babel extension for `lot'
(tocbasic)             because of feature `nobabel' available
(tocbasic)             for `lot' on input line 7257.
\scr@dte@table@maxnumwidth=\skip64
\c@table=\count197
Class scrreprt Info: Redefining `\numberline' on input line 7428.
\bibindent=\dimen140
) (./packages.tex
(/opt/homebrew/Cellar/texlive/20240312_3/share/texmf-dist/tex/generic/iftex/ifl
uatex.sty
Package: ifluatex 2019/10/25 v1.5 ifluatex legacy package. Use iftex instead.

(/opt/homebrew/Cellar/texlive/20240312_3/share/texmf-dist/tex/generic/iftex/ift
ex.sty
Package: iftex 2022/02/03 v1.0f TeX engine tests
))
(/opt/homebrew/Cellar/texlive/20240312_3/share/texmf-dist/tex/generic/babel/bab
el.sty
Package: babel 2024/02/07 v24.2 The Babel package
\babel@savecnt=\count198
\U@D=\dimen141
\l@unhyphenated=\language89

(/opt/homebrew/Cellar/texlive/20240312_3/share/texmf-dist/tex/generic/babel/txt
babel.def)
\bbl@readstream=\read2
\bbl@dirlevel=\count199

(/opt/homebrew/Cellar/texlive/20240312_3/share/texmf-dist/tex/generic/babel-ger
man/ngerman.ldf
Language: ngerman 2024/01/19 v2.14 German support for babel (post-1996 orthogra
phy)

(/opt/homebrew/Cellar/texlive/20240312_3/share/texmf-dist/tex/generic/babel-ger
man/ngermanb.ldf
Language: ngermanb 2024/01/19 v2.14 German support for babel (post-1996 orthogr
aphy)
Package babel Info: Making " an active character on input line 122.
)))
(/opt/homebrew/Cellar/texlive/20240312_3/share/texmf-dist/tex/generic/babel/loc
ale/de/babel-ngerman.tex
Package babel Info: Importing font and identification data for ngerman
(babel)             from babel-de.ini. Reported on input line 11.
)
(/opt/homebrew/Cellar/texlive/20240312_3/share/texmf-dist/tex/latex/base/fonten
c.sty
Package: fontenc 2021/04/29 v2.0v Standard LaTeX package
)
(/opt/homebrew/Cellar/texlive/20240312_3/share/texmf-dist/tex/latex/csquotes/cs
quotes.sty
Package: csquotes 2022-09-14 v5.2n context-sensitive quotations (JAW)

(/opt/homebrew/Cellar/texlive/20240312_3/share/texmf-dist/tex/latex/etoolbox/et
oolbox.sty
Package: etoolbox 2020/10/05 v2.5k e-TeX tools for LaTeX (JAW)
\etb@tempcnta=\count266
)
\csq@reset=\count267
\csq@gtype=\count268
\csq@glevel=\count269
\csq@qlevel=\count270
\csq@maxlvl=\count271
\csq@tshold=\count272
\csq@ltx@everypar=\toks18

(/opt/homebrew/Cellar/texlive/20240312_3/share/texmf-dist/tex/latex/csquotes/cs
quotes.def
File: csquotes.def 2022-09-14 v5.2n csquotes generic definitions (JAW)
)
Package csquotes Info: Trying to load configuration file 'csquotes.cfg'...
Package csquotes Info: ... configuration file loaded successfully.

(/opt/homebrew/Cellar/texlive/20240312_3/share/texmf-dist/tex/latex/csquotes/cs
quotes.cfg
File: csquotes.cfg 
))
(/opt/homebrew/Cellar/texlive/20240312_3/share/texmf-dist/tex/latex/koma-script
/scrlayer-scrpage.sty
Package: scrlayer-scrpage 2023/07/07 v3.41 KOMA-Script package (end user interf
ace for scrlayer)

(/opt/homebrew/Cellar/texlive/20240312_3/share/texmf-dist/tex/latex/koma-script
/scrlayer.sty
Package: scrlayer 2023/07/07 v3.41 KOMA-Script package (defining layers and pag
e styles)
Package scrlayer Info: patching LaTeX kernel macro \pagestyle on input line 218
3.
)
1: section
1: chapter
1: chapter
1: section
Package scrlayer-scrpage Info: Makeing stand-alone element `pagehead' from
(scrlayer-scrpage)             alias to `pageheadfoot' on input line 1106.
)
1: section
1: chapter
1: chapter
1: section

(/opt/homebrew/Cellar/texlive/20240312_3/share/texmf-dist/tex/latex/microtype/m
icrotype.sty
Package: microtype 2023/03/13 v3.1a Micro-typographical refinements (RS)
\MT@toks=\toks19
\MT@tempbox=\box53
\MT@count=\count273
LaTeX Info: Redefining \noprotrusionifhmode on input line 1059.
LaTeX Info: Redefining \leftprotrusion on input line 1060.
\MT@prot@toks=\toks20
LaTeX Info: Redefining \rightprotrusion on input line 1078.
LaTeX Info: Redefining \textls on input line 1368.
\MT@outer@kern=\dimen142
LaTeX Info: Redefining \textmicrotypecontext on input line 1988.
\MT@listname@count=\count274

(/opt/homebrew/Cellar/texlive/20240312_3/share/texmf-dist/tex/latex/microtype/m
icrotype-pdftex.def
File: microtype-pdftex.def 2023/03/13 v3.1a Definitions specific to pdftex (RS)

LaTeX Info: Redefining \lsstyle on input line 902.
LaTeX Info: Redefining \lslig on input line 902.
\MT@outer@space=\skip65
)
Package microtype Info: Loading configuration file microtype.cfg.

(/opt/homebrew/Cellar/texlive/20240312_3/share/texmf-dist/tex/latex/microtype/m
icrotype.cfg
File: microtype.cfg 2023/03/13 v3.1a microtype main configuration file (RS)
))
(/opt/homebrew/Cellar/texlive/20240312_3/share/texmf-dist/tex/latex/pgf/fronten
dlayer/tikz.sty
(/opt/homebrew/Cellar/texlive/20240312_3/share/texmf-dist/tex/latex/pgf/basicla
yer/pgf.sty
(/opt/homebrew/Cellar/texlive/20240312_3/share/texmf-dist/tex/latex/pgf/utiliti
es/pgfrcs.sty
(/opt/homebrew/Cellar/texlive/20240312_3/share/texmf-dist/tex/generic/pgf/utili
ties/pgfutil-common.tex
\pgfutil@everybye=\toks21
\pgfutil@tempdima=\dimen143
\pgfutil@tempdimb=\dimen144
)
(/opt/homebrew/Cellar/texlive/20240312_3/share/texmf-dist/tex/generic/pgf/utili
ties/pgfutil-latex.def
\pgfutil@abb=\box54
)
(/opt/homebrew/Cellar/texlive/20240312_3/share/texmf-dist/tex/generic/pgf/utili
ties/pgfrcs.code.tex
(/opt/homebrew/Cellar/texlive/20240312_3/share/texmf-dist/tex/generic/pgf/pgf.r
evision.tex)
Package: pgfrcs 2023-01-15 v3.1.10 (3.1.10)
))
Package: pgf 2023-01-15 v3.1.10 (3.1.10)

(/opt/homebrew/Cellar/texlive/20240312_3/share/texmf-dist/tex/latex/pgf/basicla
yer/pgfcore.sty
(/opt/homebrew/Cellar/texlive/20240312_3/share/texmf-dist/tex/latex/graphics/gr
aphicx.sty
Package: graphicx 2021/09/16 v1.2d Enhanced LaTeX Graphics (DPC,SPQR)

(/opt/homebrew/Cellar/texlive/20240312_3/share/texmf-dist/tex/latex/graphics/gr
aphics.sty
Package: graphics 2022/03/10 v1.4e Standard LaTeX Graphics (DPC,SPQR)

(/opt/homebrew/Cellar/texlive/20240312_3/share/texmf-dist/tex/latex/graphics/tr
ig.sty
Package: trig 2021/08/11 v1.11 sin cos tan (DPC)
)
(/opt/homebrew/Cellar/texlive/20240312_3/share/texmf-dist/tex/latex/graphics-cf
g/graphics.cfg
File: graphics.cfg 2016/06/04 v1.11 sample graphics configuration
)
Package graphics Info: Driver file: pdftex.def on input line 107.

(/opt/homebrew/Cellar/texlive/20240312_3/share/texmf-dist/tex/latex/graphics-de
f/pdftex.def
File: pdftex.def 2022/09/22 v1.2b Graphics/color driver for pdftex
))
\Gin@req@height=\dimen145
\Gin@req@width=\dimen146
)
(/opt/homebrew/Cellar/texlive/20240312_3/share/texmf-dist/tex/latex/pgf/systeml
ayer/pgfsys.sty
(/opt/homebrew/Cellar/texlive/20240312_3/share/texmf-dist/tex/generic/pgf/syste
mlayer/pgfsys.code.tex
Package: pgfsys 2023-01-15 v3.1.10 (3.1.10)

(/opt/homebrew/Cellar/texlive/20240312_3/share/texmf-dist/tex/generic/pgf/utili
ties/pgfkeys.code.tex
\pgfkeys@pathtoks=\toks22
\pgfkeys@temptoks=\toks23

(/opt/homebrew/Cellar/texlive/20240312_3/share/texmf-dist/tex/generic/pgf/utili
ties/pgfkeyslibraryfiltered.code.tex
\pgfkeys@tmptoks=\toks24
))
\pgf@x=\dimen147
\pgf@y=\dimen148
\pgf@xa=\dimen149
\pgf@ya=\dimen150
\pgf@xb=\dimen151
\pgf@yb=\dimen152
\pgf@xc=\dimen153
\pgf@yc=\dimen154
\pgf@xd=\dimen155
\pgf@yd=\dimen156
\w@pgf@writea=\write3
\r@pgf@reada=\read3
\c@pgf@counta=\count275
\c@pgf@countb=\count276
\c@pgf@countc=\count277
\c@pgf@countd=\count278
\t@pgf@toka=\toks25
\t@pgf@tokb=\toks26
\t@pgf@tokc=\toks27
\pgf@sys@id@count=\count279

(/opt/homebrew/Cellar/texlive/20240312_3/share/texmf-dist/tex/generic/pgf/syste
mlayer/pgf.cfg
File: pgf.cfg 2023-01-15 v3.1.10 (3.1.10)
)
Driver file for pgf: pgfsys-pdftex.def

(/opt/homebrew/Cellar/texlive/20240312_3/share/texmf-dist/tex/generic/pgf/syste
mlayer/pgfsys-pdftex.def
File: pgfsys-pdftex.def 2023-01-15 v3.1.10 (3.1.10)

(/opt/homebrew/Cellar/texlive/20240312_3/share/texmf-dist/tex/generic/pgf/syste
mlayer/pgfsys-common-pdf.def
File: pgfsys-common-pdf.def 2023-01-15 v3.1.10 (3.1.10)
)))
(/opt/homebrew/Cellar/texlive/20240312_3/share/texmf-dist/tex/generic/pgf/syste
mlayer/pgfsyssoftpath.code.tex
File: pgfsyssoftpath.code.tex 2023-01-15 v3.1.10 (3.1.10)
\pgfsyssoftpath@smallbuffer@items=\count280
\pgfsyssoftpath@bigbuffer@items=\count281
)
(/opt/homebrew/Cellar/texlive/20240312_3/share/texmf-dist/tex/generic/pgf/syste
mlayer/pgfsysprotocol.code.tex
File: pgfsysprotocol.code.tex 2023-01-15 v3.1.10 (3.1.10)
))
(/opt/homebrew/Cellar/texlive/20240312_3/share/texmf-dist/tex/latex/xcolor/xcol
or.sty
Package: xcolor 2023/11/15 v3.01 LaTeX color extensions (UK)

(/opt/homebrew/Cellar/texlive/20240312_3/share/texmf-dist/tex/latex/graphics-cf
g/color.cfg
File: color.cfg 2016/01/02 v1.6 sample color configuration
)
Package xcolor Info: Driver file: pdftex.def on input line 274.

(/opt/homebrew/Cellar/texlive/20240312_3/share/texmf-dist/tex/latex/graphics/ma
thcolor.ltx)
Package xcolor Info: Model `cmy' substituted by `cmy0' on input line 1350.
Package xcolor Info: Model `hsb' substituted by `rgb' on input line 1354.
Package xcolor Info: Model `RGB' extended on input line 1366.
Package xcolor Info: Model `HTML' substituted by `rgb' on input line 1368.
Package xcolor Info: Model `Hsb' substituted by `hsb' on input line 1369.
Package xcolor Info: Model `tHsb' substituted by `hsb' on input line 1370.
Package xcolor Info: Model `HSB' substituted by `hsb' on input line 1371.
Package xcolor Info: Model `Gray' substituted by `gray' on input line 1372.
Package xcolor Info: Model `wave' substituted by `hsb' on input line 1373.
)
(/opt/homebrew/Cellar/texlive/20240312_3/share/texmf-dist/tex/generic/pgf/basic
layer/pgfcore.code.tex
Package: pgfcore 2023-01-15 v3.1.10 (3.1.10)

(/opt/homebrew/Cellar/texlive/20240312_3/share/texmf-dist/tex/generic/pgf/math/
pgfmath.code.tex
(/opt/homebrew/Cellar/texlive/20240312_3/share/texmf-dist/tex/generic/pgf/math/
pgfmathutil.code.tex)
(/opt/homebrew/Cellar/texlive/20240312_3/share/texmf-dist/tex/generic/pgf/math/
pgfmathparser.code.tex
\pgfmath@dimen=\dimen157
\pgfmath@count=\count282
\pgfmath@box=\box55
\pgfmath@toks=\toks28
\pgfmath@stack@operand=\toks29
\pgfmath@stack@operation=\toks30
)
(/opt/homebrew/Cellar/texlive/20240312_3/share/texmf-dist/tex/generic/pgf/math/
pgfmathfunctions.code.tex)
(/opt/homebrew/Cellar/texlive/20240312_3/share/texmf-dist/tex/generic/pgf/math/
pgfmathfunctions.basic.code.tex)
(/opt/homebrew/Cellar/texlive/20240312_3/share/texmf-dist/tex/generic/pgf/math/
pgfmathfunctions.trigonometric.code.tex)
(/opt/homebrew/Cellar/texlive/20240312_3/share/texmf-dist/tex/generic/pgf/math/
pgfmathfunctions.random.code.tex)
(/opt/homebrew/Cellar/texlive/20240312_3/share/texmf-dist/tex/generic/pgf/math/
pgfmathfunctions.comparison.code.tex)
(/opt/homebrew/Cellar/texlive/20240312_3/share/texmf-dist/tex/generic/pgf/math/
pgfmathfunctions.base.code.tex)
(/opt/homebrew/Cellar/texlive/20240312_3/share/texmf-dist/tex/generic/pgf/math/
pgfmathfunctions.round.code.tex)
(/opt/homebrew/Cellar/texlive/20240312_3/share/texmf-dist/tex/generic/pgf/math/
pgfmathfunctions.misc.code.tex)
(/opt/homebrew/Cellar/texlive/20240312_3/share/texmf-dist/tex/generic/pgf/math/
pgfmathfunctions.integerarithmetics.code.tex)
(/opt/homebrew/Cellar/texlive/20240312_3/share/texmf-dist/tex/generic/pgf/math/
pgfmathcalc.code.tex)
(/opt/homebrew/Cellar/texlive/20240312_3/share/texmf-dist/tex/generic/pgf/math/
pgfmathfloat.code.tex
\c@pgfmathroundto@lastzeros=\count283
))
(/opt/homebrew/Cellar/texlive/20240312_3/share/texmf-dist/tex/generic/pgf/math/
pgfint.code.tex)
(/opt/homebrew/Cellar/texlive/20240312_3/share/texmf-dist/tex/generic/pgf/basic
layer/pgfcorepoints.code.tex
File: pgfcorepoints.code.tex 2023-01-15 v3.1.10 (3.1.10)
\pgf@picminx=\dimen158
\pgf@picmaxx=\dimen159
\pgf@picminy=\dimen160
\pgf@picmaxy=\dimen161
\pgf@pathminx=\dimen162
\pgf@pathmaxx=\dimen163
\pgf@pathminy=\dimen164
\pgf@pathmaxy=\dimen165
\pgf@xx=\dimen166
\pgf@xy=\dimen167
\pgf@yx=\dimen168
\pgf@yy=\dimen169
\pgf@zx=\dimen170
\pgf@zy=\dimen171
)
(/opt/homebrew/Cellar/texlive/20240312_3/share/texmf-dist/tex/generic/pgf/basic
layer/pgfcorepathconstruct.code.tex
File: pgfcorepathconstruct.code.tex 2023-01-15 v3.1.10 (3.1.10)
\pgf@path@lastx=\dimen172
\pgf@path@lasty=\dimen173
)
(/opt/homebrew/Cellar/texlive/20240312_3/share/texmf-dist/tex/generic/pgf/basic
layer/pgfcorepathusage.code.tex
File: pgfcorepathusage.code.tex 2023-01-15 v3.1.10 (3.1.10)
\pgf@shorten@end@additional=\dimen174
\pgf@shorten@start@additional=\dimen175
)
(/opt/homebrew/Cellar/texlive/20240312_3/share/texmf-dist/tex/generic/pgf/basic
layer/pgfcorescopes.code.tex
File: pgfcorescopes.code.tex 2023-01-15 v3.1.10 (3.1.10)
\pgfpic=\box56
\pgf@hbox=\box57
\pgf@layerbox@main=\box58
\pgf@picture@serial@count=\count284
)
(/opt/homebrew/Cellar/texlive/20240312_3/share/texmf-dist/tex/generic/pgf/basic
layer/pgfcoregraphicstate.code.tex
File: pgfcoregraphicstate.code.tex 2023-01-15 v3.1.10 (3.1.10)
\pgflinewidth=\dimen176
)
(/opt/homebrew/Cellar/texlive/20240312_3/share/texmf-dist/tex/generic/pgf/basic
layer/pgfcoretransformations.code.tex
File: pgfcoretransformations.code.tex 2023-01-15 v3.1.10 (3.1.10)
\pgf@pt@x=\dimen177
\pgf@pt@y=\dimen178
\pgf@pt@temp=\dimen179
)
(/opt/homebrew/Cellar/texlive/20240312_3/share/texmf-dist/tex/generic/pgf/basic
layer/pgfcorequick.code.tex
File: pgfcorequick.code.tex 2023-01-15 v3.1.10 (3.1.10)
)
(/opt/homebrew/Cellar/texlive/20240312_3/share/texmf-dist/tex/generic/pgf/basic
layer/pgfcoreobjects.code.tex
File: pgfcoreobjects.code.tex 2023-01-15 v3.1.10 (3.1.10)
)
(/opt/homebrew/Cellar/texlive/20240312_3/share/texmf-dist/tex/generic/pgf/basic
layer/pgfcorepathprocessing.code.tex
File: pgfcorepathprocessing.code.tex 2023-01-15 v3.1.10 (3.1.10)
)
(/opt/homebrew/Cellar/texlive/20240312_3/share/texmf-dist/tex/generic/pgf/basic
layer/pgfcorearrows.code.tex
File: pgfcorearrows.code.tex 2023-01-15 v3.1.10 (3.1.10)
\pgfarrowsep=\dimen180
)
(/opt/homebrew/Cellar/texlive/20240312_3/share/texmf-dist/tex/generic/pgf/basic
layer/pgfcoreshade.code.tex
File: pgfcoreshade.code.tex 2023-01-15 v3.1.10 (3.1.10)
\pgf@max=\dimen181
\pgf@sys@shading@range@num=\count285
\pgf@shadingcount=\count286
)
(/opt/homebrew/Cellar/texlive/20240312_3/share/texmf-dist/tex/generic/pgf/basic
layer/pgfcoreimage.code.tex
File: pgfcoreimage.code.tex 2023-01-15 v3.1.10 (3.1.10)
)
(/opt/homebrew/Cellar/texlive/20240312_3/share/texmf-dist/tex/generic/pgf/basic
layer/pgfcoreexternal.code.tex
File: pgfcoreexternal.code.tex 2023-01-15 v3.1.10 (3.1.10)
\pgfexternal@startupbox=\box59
)
(/opt/homebrew/Cellar/texlive/20240312_3/share/texmf-dist/tex/generic/pgf/basic
layer/pgfcorelayers.code.tex
File: pgfcorelayers.code.tex 2023-01-15 v3.1.10 (3.1.10)
)
(/opt/homebrew/Cellar/texlive/20240312_3/share/texmf-dist/tex/generic/pgf/basic
layer/pgfcoretransparency.code.tex
File: pgfcoretransparency.code.tex 2023-01-15 v3.1.10 (3.1.10)
)
(/opt/homebrew/Cellar/texlive/20240312_3/share/texmf-dist/tex/generic/pgf/basic
layer/pgfcorepatterns.code.tex
File: pgfcorepatterns.code.tex 2023-01-15 v3.1.10 (3.1.10)
)
(/opt/homebrew/Cellar/texlive/20240312_3/share/texmf-dist/tex/generic/pgf/basic
layer/pgfcorerdf.code.tex
File: pgfcorerdf.code.tex 2023-01-15 v3.1.10 (3.1.10)
)))
(/opt/homebrew/Cellar/texlive/20240312_3/share/texmf-dist/tex/generic/pgf/modul
es/pgfmoduleshapes.code.tex
File: pgfmoduleshapes.code.tex 2023-01-15 v3.1.10 (3.1.10)
\pgfnodeparttextbox=\box60
)
(/opt/homebrew/Cellar/texlive/20240312_3/share/texmf-dist/tex/generic/pgf/modul
es/pgfmoduleplot.code.tex
File: pgfmoduleplot.code.tex 2023-01-15 v3.1.10 (3.1.10)
)
(/opt/homebrew/Cellar/texlive/20240312_3/share/texmf-dist/tex/latex/pgf/compati
bility/pgfcomp-version-0-65.sty
Package: pgfcomp-version-0-65 2023-01-15 v3.1.10 (3.1.10)
\pgf@nodesepstart=\dimen182
\pgf@nodesepend=\dimen183
)
(/opt/homebrew/Cellar/texlive/20240312_3/share/texmf-dist/tex/latex/pgf/compati
bility/pgfcomp-version-1-18.sty
Package: pgfcomp-version-1-18 2023-01-15 v3.1.10 (3.1.10)
))
(/opt/homebrew/Cellar/texlive/20240312_3/share/texmf-dist/tex/latex/pgf/utiliti
es/pgffor.sty
(/opt/homebrew/Cellar/texlive/20240312_3/share/texmf-dist/tex/latex/pgf/utiliti
es/pgfkeys.sty
(/opt/homebrew/Cellar/texlive/20240312_3/share/texmf-dist/tex/generic/pgf/utili
ties/pgfkeys.code.tex))
(/opt/homebrew/Cellar/texlive/20240312_3/share/texmf-dist/tex/latex/pgf/math/pg
fmath.sty
(/opt/homebrew/Cellar/texlive/20240312_3/share/texmf-dist/tex/generic/pgf/math/
pgfmath.code.tex))
(/opt/homebrew/Cellar/texlive/20240312_3/share/texmf-dist/tex/generic/pgf/utili
ties/pgffor.code.tex
Package: pgffor 2023-01-15 v3.1.10 (3.1.10)
\pgffor@iter=\dimen184
\pgffor@skip=\dimen185
\pgffor@stack=\toks31
\pgffor@toks=\toks32
))
(/opt/homebrew/Cellar/texlive/20240312_3/share/texmf-dist/tex/generic/pgf/front
endlayer/tikz/tikz.code.tex
Package: tikz 2023-01-15 v3.1.10 (3.1.10)

(/opt/homebrew/Cellar/texlive/20240312_3/share/texmf-dist/tex/generic/pgf/libra
ries/pgflibraryplothandlers.code.tex
File: pgflibraryplothandlers.code.tex 2023-01-15 v3.1.10 (3.1.10)
\pgf@plot@mark@count=\count287
\pgfplotmarksize=\dimen186
)
\tikz@lastx=\dimen187
\tikz@lasty=\dimen188
\tikz@lastxsaved=\dimen189
\tikz@lastysaved=\dimen190
\tikz@lastmovetox=\dimen191
\tikz@lastmovetoy=\dimen192
\tikzleveldistance=\dimen193
\tikzsiblingdistance=\dimen194
\tikz@figbox=\box61
\tikz@figbox@bg=\box62
\tikz@tempbox=\box63
\tikz@tempbox@bg=\box64
\tikztreelevel=\count288
\tikznumberofchildren=\count289
\tikznumberofcurrentchild=\count290
\tikz@fig@count=\count291

(/opt/homebrew/Cellar/texlive/20240312_3/share/texmf-dist/tex/generic/pgf/modul
es/pgfmodulematrix.code.tex
File: pgfmodulematrix.code.tex 2023-01-15 v3.1.10 (3.1.10)
\pgfmatrixcurrentrow=\count292
\pgfmatrixcurrentcolumn=\count293
\pgf@matrix@numberofcolumns=\count294
)
\tikz@expandcount=\count295

(/opt/homebrew/Cellar/texlive/20240312_3/share/texmf-dist/tex/generic/pgf/front
endlayer/tikz/libraries/tikzlibrarytopaths.code.tex
File: tikzlibrarytopaths.code.tex 2023-01-15 v3.1.10 (3.1.10)
)))
(/opt/homebrew/Cellar/texlive/20240312_3/share/texmf-dist/tex/latex/pgfplots/pg
fplots.sty
(/opt/homebrew/Cellar/texlive/20240312_3/share/texmf-dist/tex/generic/pgfplots/
pgfplots.revision.tex)
Package: pgfplots 2021/05/15 v1.18.1 Data Visualization (1.18.1)

(/opt/homebrew/Cellar/texlive/20240312_3/share/texmf-dist/tex/generic/pgfplots/
pgfplots.code.tex
(/opt/homebrew/Cellar/texlive/20240312_3/share/texmf-dist/tex/generic/pgfplots/
pgfplotscore.code.tex
\t@pgfplots@toka=\toks33
\t@pgfplots@tokb=\toks34
\t@pgfplots@tokc=\toks35
\pgfplots@tmpa=\dimen195
\c@pgfplots@coordindex=\count296
\c@pgfplots@scanlineindex=\count297

(/opt/homebrew/Cellar/texlive/20240312_3/share/texmf-dist/tex/generic/pgfplots/
sys/pgfplotssysgeneric.code.tex))
(/opt/homebrew/Cellar/texlive/20240312_3/share/texmf-dist/tex/generic/pgfplots/
libs/pgfplotslibrary.code.tex)
(/opt/homebrew/Cellar/texlive/20240312_3/share/texmf-dist/tex/generic/pgfplots/
oldpgfcompatib/pgfplotsoldpgfsupp_loader.code.tex
(/opt/homebrew/Cellar/texlive/20240312_3/share/texmf-dist/tex/generic/pgf/libra
ries/pgflibraryfpu.code.tex)
Package pgfplots: loading complementary utilities for your pgf version...
\t@pgf@toka=\toks36
\t@pgf@tokb=\toks37
\t@pgf@tokc=\toks38

(/opt/homebrew/Cellar/texlive/20240312_3/share/texmf-dist/tex/generic/pgfplots/
oldpgfcompatib/pgfplotsoldpgfsupp_pgfutil-common-lists.tex))
(/opt/homebrew/Cellar/texlive/20240312_3/share/texmf-dist/tex/generic/pgfplots/
util/pgfplotsutil.code.tex
(/opt/homebrew/Cellar/texlive/20240312_3/share/texmf-dist/tex/generic/pgfplots/
liststructure/pgfplotsliststructure.code.tex)
(/opt/homebrew/Cellar/texlive/20240312_3/share/texmf-dist/tex/generic/pgfplots/
liststructure/pgfplotsliststructureext.code.tex)
(/opt/homebrew/Cellar/texlive/20240312_3/share/texmf-dist/tex/generic/pgfplots/
liststructure/pgfplotsarray.code.tex
\c@pgfplotsarray@tmp=\count298
)
(/opt/homebrew/Cellar/texlive/20240312_3/share/texmf-dist/tex/generic/pgfplots/
liststructure/pgfplotsmatrix.code.tex)
(/opt/homebrew/Cellar/texlive/20240312_3/share/texmf-dist/tex/generic/pgfplots/
numtable/pgfplotstableshared.code.tex
\c@pgfplotstable@counta=\count299
\t@pgfplotstable@a=\toks39
)
(/opt/homebrew/Cellar/texlive/20240312_3/share/texmf-dist/tex/generic/pgfplots/
liststructure/pgfplotsdeque.code.tex)
(/opt/homebrew/Cellar/texlive/20240312_3/share/texmf-dist/tex/generic/pgfplots/
util/pgfplotsbinary.code.tex
(/opt/homebrew/Cellar/texlive/20240312_3/share/texmf-dist/tex/generic/pgfplots/
util/pgfplotsbinary.data.code.tex))
(/opt/homebrew/Cellar/texlive/20240312_3/share/texmf-dist/tex/generic/pgfplots/
util/pgfplotsutil.verb.code.tex)
(/opt/homebrew/Cellar/texlive/20240312_3/share/texmf-dist/tex/generic/pgfplots/
libs/pgflibrarypgfplots.surfshading.code.tex
\c@pgfplotslibrarysurf@no=\count300

(/opt/homebrew/Cellar/texlive/20240312_3/share/texmf-dist/tex/generic/pgfplots/
sys/pgflibrarypgfplots.surfshading.pgfsys-pdftex.def)))
(/opt/homebrew/Cellar/texlive/20240312_3/share/texmf-dist/tex/generic/pgfplots/
util/pgfplotscolormap.code.tex
(/opt/homebrew/Cellar/texlive/20240312_3/share/texmf-dist/tex/generic/pgfplots/
util/pgfplotscolor.code.tex))
(/opt/homebrew/Cellar/texlive/20240312_3/share/texmf-dist/tex/generic/pgfplots/
pgfplotsstackedplots.code.tex)
(/opt/homebrew/Cellar/texlive/20240312_3/share/texmf-dist/tex/generic/pgfplots/
pgfplotsplothandlers.code.tex
(/opt/homebrew/Cellar/texlive/20240312_3/share/texmf-dist/tex/generic/pgfplots/
pgfplotsmeshplothandler.code.tex
(/opt/homebrew/Cellar/texlive/20240312_3/share/texmf-dist/tex/generic/pgfplots/
pgfplotsmeshplotimage.code.tex)))
(/opt/homebrew/Cellar/texlive/20240312_3/share/texmf-dist/tex/generic/pgfplots/
pgfplots.scaling.code.tex)
(/opt/homebrew/Cellar/texlive/20240312_3/share/texmf-dist/tex/generic/pgfplots/
pgfplotscoordprocessing.code.tex)
(/opt/homebrew/Cellar/texlive/20240312_3/share/texmf-dist/tex/generic/pgfplots/
pgfplots.errorbars.code.tex)
(/opt/homebrew/Cellar/texlive/20240312_3/share/texmf-dist/tex/generic/pgfplots/
pgfplots.markers.code.tex)
(/opt/homebrew/Cellar/texlive/20240312_3/share/texmf-dist/tex/generic/pgfplots/
pgfplotsticks.code.tex)
(/opt/homebrew/Cellar/texlive/20240312_3/share/texmf-dist/tex/generic/pgfplots/
pgfplots.paths.code.tex)
(/opt/homebrew/Cellar/texlive/20240312_3/share/texmf-dist/tex/generic/pgf/front
endlayer/tikz/libraries/tikzlibrarydecorations.code.tex
(/opt/homebrew/Cellar/texlive/20240312_3/share/texmf-dist/tex/generic/pgf/modul
es/pgfmoduledecorations.code.tex
\pgfdecoratedcompleteddistance=\dimen196
\pgfdecoratedremainingdistance=\dimen197
\pgfdecoratedinputsegmentcompleteddistance=\dimen198
\pgfdecoratedinputsegmentremainingdistance=\dimen199
\pgf@decorate@distancetomove=\dimen256
\pgf@decorate@repeatstate=\count301
\pgfdecorationsegmentamplitude=\dimen257
\pgfdecorationsegmentlength=\dimen258
)
\tikz@lib@dec@box=\box65
)
(/opt/homebrew/Cellar/texlive/20240312_3/share/texmf-dist/tex/generic/pgf/front
endlayer/tikz/libraries/tikzlibrarydecorations.pathmorphing.code.tex
(/opt/homebrew/Cellar/texlive/20240312_3/share/texmf-dist/tex/generic/pgf/libra
ries/decorations/pgflibrarydecorations.pathmorphing.code.tex))
(/opt/homebrew/Cellar/texlive/20240312_3/share/texmf-dist/tex/generic/pgf/front
endlayer/tikz/libraries/tikzlibrarydecorations.pathreplacing.code.tex
(/opt/homebrew/Cellar/texlive/20240312_3/share/texmf-dist/tex/generic/pgf/libra
ries/decorations/pgflibrarydecorations.pathreplacing.code.tex))
(/opt/homebrew/Cellar/texlive/20240312_3/share/texmf-dist/tex/generic/pgfplots/
libs/tikzlibrarypgfplots.contourlua.code.tex)
\pgfplots@numplots=\count302
\pgfplots@xmin@reg=\dimen259
\pgfplots@xmax@reg=\dimen260
\pgfplots@ymin@reg=\dimen261
\pgfplots@ymax@reg=\dimen262
\pgfplots@zmin@reg=\dimen263
\pgfplots@zmax@reg=\dimen264
)
(/opt/homebrew/Cellar/texlive/20240312_3/share/texmf-dist/tex/generic/pgf/front
endlayer/tikz/libraries/tikzlibraryplotmarks.code.tex
File: tikzlibraryplotmarks.code.tex 2023-01-15 v3.1.10 (3.1.10)

(/opt/homebrew/Cellar/texlive/20240312_3/share/texmf-dist/tex/generic/pgf/libra
ries/pgflibraryplotmarks.code.tex
File: pgflibraryplotmarks.code.tex 2023-01-15 v3.1.10 (3.1.10)
)))
(/opt/homebrew/Cellar/texlive/20240312_3/share/texmf-dist/tex/latex/biblatex/bi
blatex.sty
Package: biblatex 2024/03/21 v3.20 programmable bibliographies (PK/MW)

(/opt/homebrew/Cellar/texlive/20240312_3/share/texmf-dist/tex/generic/pdftexcmd
s/pdftexcmds.sty
Package: pdftexcmds 2020-06-27 v0.33 Utility functions of pdfTeX for LuaTeX (HO
)

(/opt/homebrew/Cellar/texlive/20240312_3/share/texmf-dist/tex/generic/infwarerr
/infwarerr.sty
Package: infwarerr 2019/12/03 v1.5 Providing info/warning/error messages (HO)
)
(/opt/homebrew/Cellar/texlive/20240312_3/share/texmf-dist/tex/generic/ltxcmds/l
txcmds.sty
Package: ltxcmds 2023-12-04 v1.26 LaTeX kernel commands for general use (HO)
)
Package pdftexcmds Info: \pdf@primitive is available.
Package pdftexcmds Info: \pdf@ifprimitive is available.
Package pdftexcmds Info: \pdfdraftmode found.
)
(/opt/homebrew/Cellar/texlive/20240312_3/share/texmf-dist/tex/latex/kvoptions/k
voptions.sty
Package: kvoptions 2022-06-15 v3.15 Key value format for package options (HO)

(/opt/homebrew/Cellar/texlive/20240312_3/share/texmf-dist/tex/latex/kvsetkeys/k
vsetkeys.sty
Package: kvsetkeys 2022-10-05 v1.19 Key value parser (HO)
))
(/opt/homebrew/Cellar/texlive/20240312_3/share/texmf-dist/tex/latex/logreq/logr
eq.sty
Package: logreq 2010/08/04 v1.0 xml request logger
\lrq@indent=\count303

(/opt/homebrew/Cellar/texlive/20240312_3/share/texmf-dist/tex/latex/logreq/logr
eq.def
File: logreq.def 2010/08/04 v1.0 logreq spec v1.0
))
(/opt/homebrew/Cellar/texlive/20240312_3/share/texmf-dist/tex/latex/base/ifthen
.sty
Package: ifthen 2022/04/13 v1.1d Standard LaTeX ifthen package (DPC)
)
(/opt/homebrew/Cellar/texlive/20240312_3/share/texmf-dist/tex/latex/url/url.sty
\Urlmuskip=\muskip16
Package: url 2013/09/16  ver 3.4  Verb mode for urls, etc.
)
\c@tabx@nest=\count304
\c@listtotal=\count305
\c@listcount=\count306
\c@liststart=\count307
\c@liststop=\count308
\c@citecount=\count309
\c@citetotal=\count310
\c@multicitecount=\count311
\c@multicitetotal=\count312
\c@instcount=\count313
\c@maxnames=\count314
\c@minnames=\count315
\c@maxitems=\count316
\c@minitems=\count317
\c@citecounter=\count318
\c@maxcitecounter=\count319
\c@savedcitecounter=\count320
\c@uniquelist=\count321
\c@uniquename=\count322
\c@refsection=\count323
\c@refsegment=\count324
\c@maxextratitle=\count325
\c@maxextratitleyear=\count326
\c@maxextraname=\count327
\c@maxextradate=\count328
\c@maxextraalpha=\count329
\c@abbrvpenalty=\count330
\c@highnamepenalty=\count331
\c@lownamepenalty=\count332
\c@maxparens=\count333
\c@parenlevel=\count334
\blx@tempcnta=\count335
\blx@tempcntb=\count336
\blx@tempcntc=\count337
\c@blx@maxsection=\count338
\blx@maxsegment@0=\count339
\blx@notetype=\count340
\blx@parenlevel@text=\count341
\blx@parenlevel@foot=\count342
\blx@sectionciteorder@0=\count343
\blx@sectionciteorderinternal@0=\count344
\blx@entrysetcounter=\count345
\blx@biblioinstance=\count346
\labelnumberwidth=\skip66
\labelalphawidth=\skip67
\biblabelsep=\skip68
\bibitemsep=\skip69
\bibnamesep=\skip70
\bibinitsep=\skip71
\bibparsep=\skip72
\bibhang=\skip73
\blx@bcfin=\read4
\blx@bcfout=\write4
\blx@langwohyphens=\language90
\c@mincomprange=\count347
\c@maxcomprange=\count348
\c@mincompwidth=\count349
Package biblatex Info: Trying to load biblatex default data model...
Package biblatex Info: ... file 'blx-dm.def' found.

(/opt/homebrew/Cellar/texlive/20240312_3/share/texmf-dist/tex/latex/biblatex/bl
x-dm.def
File: blx-dm.def 2024/03/21 v3.20 biblatex datamodel (PK/MW)
)
Package biblatex Info: Trying to load biblatex custom data model...
Package biblatex Info: ... file 'biblatex-dm.cfg' not found.
\c@afterword=\count350
\c@savedafterword=\count351
\c@annotator=\count352
\c@savedannotator=\count353
\c@author=\count354
\c@savedauthor=\count355
\c@bookauthor=\count356
\c@savedbookauthor=\count357
\c@commentator=\count358
\c@savedcommentator=\count359
\c@editor=\count360
\c@savededitor=\count361
\c@editora=\count362
\c@savededitora=\count363
\c@editorb=\count364
\c@savededitorb=\count365
\c@editorc=\count366
\c@savededitorc=\count367
\c@foreword=\count368
\c@savedforeword=\count369
\c@holder=\count370
\c@savedholder=\count371
\c@introduction=\count372
\c@savedintroduction=\count373
\c@namea=\count374
\c@savednamea=\count375
\c@nameb=\count376
\c@savednameb=\count377
\c@namec=\count378
\c@savednamec=\count379
\c@translator=\count380
\c@savedtranslator=\count381
\c@shortauthor=\count382
\c@savedshortauthor=\count383
\c@shorteditor=\count384
\c@savedshorteditor=\count385
\c@labelname=\count386
\c@savedlabelname=\count387
\c@institution=\count388
\c@savedinstitution=\count389
\c@lista=\count390
\c@savedlista=\count391
\c@listb=\count392
\c@savedlistb=\count393
\c@listc=\count394
\c@savedlistc=\count395
\c@listd=\count396
\c@savedlistd=\count397
\c@liste=\count398
\c@savedliste=\count399
\c@listf=\count400
\c@savedlistf=\count401
\c@location=\count402
\c@savedlocation=\count403
\c@organization=\count404
\c@savedorganization=\count405
\c@origlocation=\count406
\c@savedoriglocation=\count407
\c@origpublisher=\count408
\c@savedorigpublisher=\count409
\c@publisher=\count410
\c@savedpublisher=\count411
\c@language=\count412
\c@savedlanguage=\count413
\c@origlanguage=\count414
\c@savedoriglanguage=\count415
\c@pageref=\count416
\c@savedpageref=\count417
\shorthandwidth=\skip74
\shortjournalwidth=\skip75
\shortserieswidth=\skip76
\shorttitlewidth=\skip77
\shortauthorwidth=\skip78
\shorteditorwidth=\skip79
\locallabelnumberwidth=\skip80
\locallabelalphawidth=\skip81
\localshorthandwidth=\skip82
\localshortjournalwidth=\skip83
\localshortserieswidth=\skip84
\localshorttitlewidth=\skip85
\localshortauthorwidth=\skip86
\localshorteditorwidth=\skip87
Package biblatex Info: Trying to load compatibility code...
Package biblatex Info: ... file 'blx-compat.def' found.

(/opt/homebrew/Cellar/texlive/20240312_3/share/texmf-dist/tex/latex/biblatex/bl
x-compat.def
File: blx-compat.def 2024/03/21 v3.20 biblatex compatibility (PK/MW)
)
Package biblatex Info: Trying to load generic definitions...
Package biblatex Info: ... file 'biblatex.def' found.

(/opt/homebrew/Cellar/texlive/20240312_3/share/texmf-dist/tex/latex/biblatex/bi
blatex.def
File: biblatex.def 2024/03/21 v3.20 biblatex compatibility (PK/MW)
\c@textcitecount=\count418
\c@textcitetotal=\count419
\c@textcitemaxnames=\count420
\c@biburlbigbreakpenalty=\count421
\c@biburlbreakpenalty=\count422
\c@biburlnumpenalty=\count423
\c@biburlucpenalty=\count424
\c@biburllcpenalty=\count425
\biburlbigskip=\muskip17
\biburlnumskip=\muskip18
\biburlucskip=\muskip19
\biburllcskip=\muskip20
\c@smartand=\count426
)
Package biblatex Info: Trying to load bibliography style 'numeric'...
Package biblatex Info: ... file 'numeric.bbx' found.

(/opt/homebrew/Cellar/texlive/20240312_3/share/texmf-dist/tex/latex/biblatex/bb
x/numeric.bbx
File: numeric.bbx 2024/03/21 v3.20 biblatex bibliography style (PK/MW)
Package biblatex Info: Trying to load bibliography style 'standard'...
Package biblatex Info: ... file 'standard.bbx' found.

(/opt/homebrew/Cellar/texlive/20240312_3/share/texmf-dist/tex/latex/biblatex/bb
x/standard.bbx
File: standard.bbx 2024/03/21 v3.20 biblatex bibliography style (PK/MW)
\c@bbx:relatedcount=\count427
\c@bbx:relatedtotal=\count428
))
Package biblatex Info: Trying to load citation style 'numeric'...
Package biblatex Info: ... file 'numeric.cbx' found.

(/opt/homebrew/Cellar/texlive/20240312_3/share/texmf-dist/tex/latex/biblatex/cb
x/numeric.cbx
File: numeric.cbx 2024/03/21 v3.20 biblatex citation style (PK/MW)
Package biblatex Info: Redefining '\cite'.
Package biblatex Info: Redefining '\parencite'.
Package biblatex Info: Redefining '\footcite'.
Package biblatex Info: Redefining '\footcitetext'.
Package biblatex Info: Redefining '\smartcite'.
Package biblatex Info: Redefining '\supercite'.
Package biblatex Info: Redefining '\textcite'.
Package biblatex Info: Redefining '\textcites'.
Package biblatex Info: Redefining '\cites'.
Package biblatex Info: Redefining '\parencites'.
Package biblatex Info: Redefining '\smartcites'.
)
Package biblatex Info: Trying to load configuration file...
Package biblatex Info: ... file 'biblatex.cfg' found.

(/opt/homebrew/Cellar/texlive/20240312_3/share/texmf-dist/tex/latex/biblatex/bi
blatex.cfg
File: biblatex.cfg 
)
Package biblatex Info: Input encoding 'utf8' detected.
Package biblatex Info: Document encoding is UTF8 ....

(/opt/homebrew/Cellar/texlive/20240312_3/share/texmf-dist/tex/latex/l3kernel/ex
pl3.sty
Package: expl3 2024-02-20 L3 programming layer (loader) 

(/opt/homebrew/Cellar/texlive/20240312_3/share/texmf-dist/tex/latex/l3backend/l
3backend-pdftex.def
File: l3backend-pdftex.def 2024-02-20 L3 backend support: PDF output (pdfTeX)
\l__color_backend_stack_int=\count429
\l__pdf_internal_box=\box66
))
Package biblatex Info: ... and expl3
(biblatex)             2024-02-20 L3 programming layer (loader) 
(biblatex)             is new enough (at least 2020/04/06),
(biblatex)             setting 'casechanger=expl3'.

(/opt/homebrew/Cellar/texlive/20240312_3/share/texmf-dist/tex/latex/biblatex/bl
x-case-expl3.sty
(/opt/homebrew/Cellar/texlive/20240312_3/share/texmf-dist/tex/latex/l3packages/
xparse/xparse.sty
Package: xparse 2024-02-18 L3 Experimental document command parser
)
Package: blx-case-expl3 2024/03/21 v3.20 expl3 case changing code for biblatex
))
(/opt/homebrew/Cellar/texlive/20240312_3/share/texmf-dist/tex/latex/amsmath/ams
math.sty
Package: amsmath 2023/05/13 v2.17o AMS math features
\@mathmargin=\skip88

For additional information on amsmath, use the `?' option.

(/opt/homebrew/Cellar/texlive/20240312_3/share/texmf-dist/tex/latex/amsmath/ams
text.sty
Package: amstext 2021/08/26 v2.01 AMS text

(/opt/homebrew/Cellar/texlive/20240312_3/share/texmf-dist/tex/latex/amsmath/ams
gen.sty
File: amsgen.sty 1999/11/30 v2.0 generic functions
\@emptytoks=\toks40
\ex@=\dimen265
))
(/opt/homebrew/Cellar/texlive/20240312_3/share/texmf-dist/tex/latex/amsmath/ams
bsy.sty
Package: amsbsy 1999/11/29 v1.2d Bold Symbols
\pmbraise@=\dimen266
)
(/opt/homebrew/Cellar/texlive/20240312_3/share/texmf-dist/tex/latex/amsmath/ams
opn.sty
Package: amsopn 2022/04/08 v2.04 operator names
)
\inf@bad=\count430
LaTeX Info: Redefining \frac on input line 234.
\uproot@=\count431
\leftroot@=\count432
LaTeX Info: Redefining \overline on input line 399.
LaTeX Info: Redefining \colon on input line 410.
\classnum@=\count433
\DOTSCASE@=\count434
LaTeX Info: Redefining \ldots on input line 496.
LaTeX Info: Redefining \dots on input line 499.
LaTeX Info: Redefining \cdots on input line 620.
\Mathstrutbox@=\box67
\strutbox@=\box68
LaTeX Info: Redefining \big on input line 722.
LaTeX Info: Redefining \Big on input line 723.
LaTeX Info: Redefining \bigg on input line 724.
LaTeX Info: Redefining \Bigg on input line 725.
\big@size=\dimen267
LaTeX Font Info:    Redeclaring font encoding OML on input line 743.
LaTeX Font Info:    Redeclaring font encoding OMS on input line 744.
\macc@depth=\count435
LaTeX Info: Redefining \bmod on input line 905.
LaTeX Info: Redefining \pmod on input line 910.
LaTeX Info: Redefining \smash on input line 940.
LaTeX Info: Redefining \relbar on input line 970.
LaTeX Info: Redefining \Relbar on input line 971.
\c@MaxMatrixCols=\count436
\dotsspace@=\muskip21
\c@parentequation=\count437
\dspbrk@lvl=\count438
\tag@help=\toks41
\row@=\count439
\column@=\count440
\maxfields@=\count441
\andhelp@=\toks42
\eqnshift@=\dimen268
\alignsep@=\dimen269
\tagshift@=\dimen270
\tagwidth@=\dimen271
\totwidth@=\dimen272
\lineht@=\dimen273
\@envbody=\toks43
\multlinegap=\skip89
\multlinetaggap=\skip90
\mathdisplay@stack=\toks44
LaTeX Info: Redefining \[ on input line 2953.
LaTeX Info: Redefining \] on input line 2954.
)
(/opt/homebrew/Cellar/texlive/20240312_3/share/texmf-dist/tex/latex/amsfonts/am
ssymb.sty
Package: amssymb 2013/01/14 v3.01 AMS font symbols

(/opt/homebrew/Cellar/texlive/20240312_3/share/texmf-dist/tex/latex/amsfonts/am
sfonts.sty
Package: amsfonts 2013/01/14 v3.01 Basic AMSFonts support
\symAMSa=\mathgroup4
\symAMSb=\mathgroup5
LaTeX Font Info:    Redeclaring math symbol \hbar on input line 98.
LaTeX Font Info:    Overwriting math alphabet `\mathfrak' in version `bold'
(Font)                  U/euf/m/n --> U/euf/b/n on input line 106.
))
(/opt/homebrew/Cellar/texlive/20240312_3/share/texmf-dist/tex/latex/lm/lmodern.
sty
Package: lmodern 2015/05/01 v1.6.1 Latin Modern Fonts
LaTeX Font Info:    Overwriting symbol font `operators' in version `normal'
(Font)                  OT1/cmr/m/n --> OT1/lmr/m/n on input line 22.
LaTeX Font Info:    Overwriting symbol font `letters' in version `normal'
(Font)                  OML/cmm/m/it --> OML/lmm/m/it on input line 23.
LaTeX Font Info:    Overwriting symbol font `symbols' in version `normal'
(Font)                  OMS/cmsy/m/n --> OMS/lmsy/m/n on input line 24.
LaTeX Font Info:    Overwriting symbol font `largesymbols' in version `normal'
(Font)                  OMX/cmex/m/n --> OMX/lmex/m/n on input line 25.
LaTeX Font Info:    Overwriting symbol font `operators' in version `bold'
(Font)                  OT1/cmr/bx/n --> OT1/lmr/bx/n on input line 26.
LaTeX Font Info:    Overwriting symbol font `letters' in version `bold'
(Font)                  OML/cmm/b/it --> OML/lmm/b/it on input line 27.
LaTeX Font Info:    Overwriting symbol font `symbols' in version `bold'
(Font)                  OMS/cmsy/b/n --> OMS/lmsy/b/n on input line 28.
LaTeX Font Info:    Overwriting symbol font `largesymbols' in version `bold'
(Font)                  OMX/cmex/m/n --> OMX/lmex/m/n on input line 29.
LaTeX Font Info:    Overwriting math alphabet `\mathbf' in version `normal'
(Font)                  OT1/cmr/bx/n --> OT1/lmr/bx/n on input line 31.
LaTeX Font Info:    Overwriting math alphabet `\mathsf' in version `normal'
(Font)                  OT1/cmss/m/n --> OT1/lmss/m/n on input line 32.
LaTeX Font Info:    Overwriting math alphabet `\mathit' in version `normal'
(Font)                  OT1/cmr/m/it --> OT1/lmr/m/it on input line 33.
LaTeX Font Info:    Overwriting math alphabet `\mathtt' in version `normal'
(Font)                  OT1/cmtt/m/n --> OT1/lmtt/m/n on input line 34.
LaTeX Font Info:    Overwriting math alphabet `\mathbf' in version `bold'
(Font)                  OT1/cmr/bx/n --> OT1/lmr/bx/n on input line 35.
LaTeX Font Info:    Overwriting math alphabet `\mathsf' in version `bold'
(Font)                  OT1/cmss/bx/n --> OT1/lmss/bx/n on input line 36.
LaTeX Font Info:    Overwriting math alphabet `\mathit' in version `bold'
(Font)                  OT1/cmr/bx/it --> OT1/lmr/bx/it on input line 37.
LaTeX Font Info:    Overwriting math alphabet `\mathtt' in version `bold'
(Font)                  OT1/cmtt/m/n --> OT1/lmtt/m/n on input line 38.
)
(/opt/homebrew/Cellar/texlive/20240312_3/share/texmf-dist/tex/latex/hyperref/hy
perref.sty
Package: hyperref 2024-01-20 v7.01h Hypertext links for LaTeX

(/opt/homebrew/Cellar/texlive/20240312_3/share/texmf-dist/tex/generic/kvdefinek
eys/kvdefinekeys.sty
Package: kvdefinekeys 2019-12-19 v1.6 Define keys (HO)
)
(/opt/homebrew/Cellar/texlive/20240312_3/share/texmf-dist/tex/generic/pdfescape
/pdfescape.sty
Package: pdfescape 2019/12/09 v1.15 Implements pdfTeX's escape features (HO)
)
(/opt/homebrew/Cellar/texlive/20240312_3/share/texmf-dist/tex/latex/hycolor/hyc
olor.sty
Package: hycolor 2020-01-27 v1.10 Color options for hyperref/bookmark (HO)
)
(/opt/homebrew/Cellar/texlive/20240312_3/share/texmf-dist/tex/latex/auxhook/aux
hook.sty
Package: auxhook 2019-12-17 v1.6 Hooks for auxiliary files (HO)
)
(/opt/homebrew/Cellar/texlive/20240312_3/share/texmf-dist/tex/latex/hyperref/na
meref.sty
Package: nameref 2023-11-26 v2.56 Cross-referencing by name of section

(/opt/homebrew/Cellar/texlive/20240312_3/share/texmf-dist/tex/latex/refcount/re
fcount.sty
Package: refcount 2019/12/15 v3.6 Data extraction from label references (HO)
)
(/opt/homebrew/Cellar/texlive/20240312_3/share/texmf-dist/tex/generic/gettitles
tring/gettitlestring.sty
Package: gettitlestring 2019/12/15 v1.6 Cleanup title references (HO)
)
\c@section@level=\count442
)
\@linkdim=\dimen274
\Hy@linkcounter=\count443
\Hy@pagecounter=\count444

(/opt/homebrew/Cellar/texlive/20240312_3/share/texmf-dist/tex/latex/hyperref/pd
1enc.def
File: pd1enc.def 2024-01-20 v7.01h Hyperref: PDFDocEncoding definition (HO)
Now handling font encoding PD1 ...
... no UTF-8 mapping file for font encoding PD1
)
(/opt/homebrew/Cellar/texlive/20240312_3/share/texmf-dist/tex/generic/intcalc/i
ntcalc.sty
Package: intcalc 2019/12/15 v1.3 Expandable calculations with integers (HO)
)
\Hy@SavedSpaceFactor=\count445

(/opt/homebrew/Cellar/texlive/20240312_3/share/texmf-dist/tex/latex/hyperref/pu
enc.def
File: puenc.def 2024-01-20 v7.01h Hyperref: PDF Unicode definition (HO)
Now handling font encoding PU ...
... no UTF-8 mapping file for font encoding PU
)
Package hyperref Info: Hyper figures OFF on input line 4179.
Package hyperref Info: Link nesting OFF on input line 4184.
Package hyperref Info: Hyper index ON on input line 4187.
Package hyperref Info: Plain pages OFF on input line 4194.
Package hyperref Info: Backreferencing OFF on input line 4199.
Package hyperref Info: Implicit mode ON; LaTeX internals redefined.
Package hyperref Info: Bookmarks ON on input line 4446.
\c@Hy@tempcnt=\count446
LaTeX Info: Redefining \url on input line 4784.
\XeTeXLinkMargin=\dimen275

(/opt/homebrew/Cellar/texlive/20240312_3/share/texmf-dist/tex/generic/bitset/bi
tset.sty
Package: bitset 2019/12/09 v1.3 Handle bit-vector datatype (HO)

(/opt/homebrew/Cellar/texlive/20240312_3/share/texmf-dist/tex/generic/bigintcal
c/bigintcalc.sty
Package: bigintcalc 2019/12/15 v1.5 Expandable calculations on big integers (HO
)
))
\Fld@menulength=\count447
\Field@Width=\dimen276
\Fld@charsize=\dimen277
Package hyperref Info: Hyper figures OFF on input line 6063.
Package hyperref Info: Link nesting OFF on input line 6068.
Package hyperref Info: Hyper index ON on input line 6071.
Package hyperref Info: backreferencing OFF on input line 6078.
Package hyperref Info: Link coloring OFF on input line 6083.
Package hyperref Info: Link coloring with OCG OFF on input line 6088.
Package hyperref Info: PDF/A mode OFF on input line 6093.

(/opt/homebrew/Cellar/texlive/20240312_3/share/texmf-dist/tex/latex/base/atbegs
hi-ltx.sty
Package: atbegshi-ltx 2021/01/10 v1.0c Emulation of the original atbegshi
package with kernel methods
)
\Hy@abspage=\count448
\c@Item=\count449
\c@Hfootnote=\count450
)
Package hyperref Info: Driver (autodetected): hpdftex.

(/opt/homebrew/Cellar/texlive/20240312_3/share/texmf-dist/tex/latex/hyperref/hp
dftex.def
File: hpdftex.def 2024-01-20 v7.01h Hyperref driver for pdfTeX

(/opt/homebrew/Cellar/texlive/20240312_3/share/texmf-dist/tex/latex/base/atvery
end-ltx.sty
Package: atveryend-ltx 2020/08/19 v1.0a Emulation of the original atveryend pac
kage
with kernel methods
)
\Fld@listcount=\count451
\c@bookmark@seq@number=\count452

(/opt/homebrew/Cellar/texlive/20240312_3/share/texmf-dist/tex/latex/rerunfilech
eck/rerunfilecheck.sty
Package: rerunfilecheck 2022-07-10 v1.10 Rerun checks for auxiliary files (HO)

(/opt/homebrew/Cellar/texlive/20240312_3/share/texmf-dist/tex/generic/uniquecou
nter/uniquecounter.sty
Package: uniquecounter 2019/12/15 v1.4 Provide unlimited unique counter (HO)
)
Package uniquecounter Info: New unique counter `rerunfilecheck' on input line 2
85.
)
\Hy@SectionHShift=\skip91
)
(/opt/homebrew/Cellar/texlive/20240312_3/share/texmf-dist/tex/latex/koma-script
/scrhack.sty
Package: scrhack 2023/07/07 v3.41 KOMA-Script package (hacking other packages)

(/opt/homebrew/Cellar/texlive/20240312_3/share/texmf-dist/tex/latex/xpatch/xpat
ch.sty
Package: xpatch 2020/03/25 v0.3a Extending etoolbox patching commands
)
Package scrhack Info: hyperref hack deactivated because of
(scrhack)             detection of hyperref version, that doesn't
(scrhack)             need that hack, on input line 162.
)
(/opt/homebrew/Cellar/texlive/20240312_3/share/texmf-dist/tex/latex/listings/li
stings.sty
\lst@mode=\count453
\lst@gtempboxa=\box69
\lst@token=\toks45
\lst@length=\count454
\lst@currlwidth=\dimen278
\lst@column=\count455
\lst@pos=\count456
\lst@lostspace=\dimen279
\lst@width=\dimen280
\lst@newlines=\count457
\lst@lineno=\count458
\lst@maxwidth=\dimen281

(/opt/homebrew/Cellar/texlive/20240312_3/share/texmf-dist/tex/latex/listings/ls
tpatch.sty
File: lstpatch.sty 2024/02/21 1.10 (Carsten Heinz)
)
(/opt/homebrew/Cellar/texlive/20240312_3/share/texmf-dist/tex/latex/listings/ls
tmisc.sty
File: lstmisc.sty 2024/02/21 1.10 (Carsten Heinz)
\c@lstnumber=\count459
\lst@skipnumbers=\count460
\lst@framebox=\box70
)
(/opt/homebrew/Cellar/texlive/20240312_3/share/texmf-dist/tex/latex/listings/li
stings.cfg
File: listings.cfg 2024/02/21 1.10 listings configuration
))
Package scrhack Info: loading listings hack on input line 41.

(/opt/homebrew/Cellar/texlive/20240312_3/share/texmf-dist/tex/latex/koma-script
/listings.hak
File: listings.hak 2023/07/07 v3.41 KOMA-Script scrhack part (hacking package l
istings)


Package scrhack Warning: unknown \lstlistoflistings definition found!
(scrhack)                Maybe you are using a unsupported listings version.

)
Package: listings 2024/02/21 1.10 (Carsten Heinz)

(/opt/homebrew/Cellar/texlive/20240312_3/share/texmf-dist/tex/latex/cleveref/cl
everef.sty
Package: cleveref 2018/03/27 v0.21.4 Intelligent cross-referencing
Package cleveref Info: `hyperref' support loaded on input line 2370.
LaTeX Info: Redefining \cref on input line 2370.
LaTeX Info: Redefining \Cref on input line 2370.
LaTeX Info: Redefining \crefrange on input line 2370.
LaTeX Info: Redefining \Crefrange on input line 2370.
LaTeX Info: Redefining \cpageref on input line 2370.
LaTeX Info: Redefining \Cpageref on input line 2370.
LaTeX Info: Redefining \cpagerefrange on input line 2370.
LaTeX Info: Redefining \Cpagerefrange on input line 2370.
LaTeX Info: Redefining \labelcref on input line 2370.
LaTeX Info: Redefining \labelcpageref on input line 2370.
Package cleveref Info: `listings' support loaded on input line 3131.
Package cleveref Info: include cross-reference names in hyperlinks on input lin
e 7836.
Package cleveref Info: include cross-reference names in hyperlinks on input lin
e 7852.
)
(/opt/homebrew/Cellar/texlive/20240312_3/share/texmf-dist/tex/latex/oberdiek/hy
pcap.sty
Package: hypcap 2016/05/16 v1.12 Adjusting the anchors of captions (HO)

(/opt/homebrew/Cellar/texlive/20240312_3/share/texmf-dist/tex/latex/letltxmacro
/letltxmacro.sty
Package: letltxmacro 2019/12/03 v1.6 Let assignment for LaTeX macros (HO)
)))
(/opt/homebrew/Cellar/texlive/20240312_3/share/texmf-dist/tex/latex/glossaries/
base/glossaries.sty
Package: glossaries 2023/09/29 v4.53 (NLCT)

(/opt/homebrew/Cellar/texlive/20240312_3/share/texmf-dist/tex/latex/xkeyval/xke
yval.sty
Package: xkeyval 2022/06/16 v2.9 package option processing (HA)

(/opt/homebrew/Cellar/texlive/20240312_3/share/texmf-dist/tex/generic/xkeyval/x
keyval.tex
(/opt/homebrew/Cellar/texlive/20240312_3/share/texmf-dist/tex/generic/xkeyval/x
kvutils.tex
\XKV@toks=\toks46
\XKV@tempa@toks=\toks47
)
\XKV@depth=\count461
File: xkeyval.tex 2014/12/03 v2.7a key=value parser (HA)
))
(/opt/homebrew/Cellar/texlive/20240312_3/share/texmf-dist/tex/latex/mfirstuc/mf
irstuc.sty
Package: mfirstuc 2022/10/14 v2.08 (NLCT)
\@glsmfirst=\toks48
\@glsmrest=\toks49
)
(/opt/homebrew/Cellar/texlive/20240312_3/share/texmf-dist/tex/latex/xfor/xfor.s
ty
Package: xfor 2009/02/05 v1.05 (NLCT)
)
(/opt/homebrew/Cellar/texlive/20240312_3/share/texmf-dist/tex/latex/datatool/da
tatool-base.sty
Package: datatool-base 2019/09/27 v2.32 (NLCT)

(/opt/homebrew/Cellar/texlive/20240312_3/share/texmf-dist/tex/latex/substr/subs
tr.sty
Package: substr 2009/10/20 v1.2 Handle substrings
\c@su@anzahl=\count462
)
(/opt/homebrew/Cellar/texlive/20240312_3/share/texmf-dist/tex/latex/datatool/da
tatool-fp.sty
Package: datatool-fp 2019/09/27 v2.32 (NLCT)

(/opt/homebrew/Cellar/texlive/20240312_3/share/texmf-dist/tex/latex/fp/fp.sty
Package: fp 1995/04/02

`Fixed Point Package', Version 0.8, April 2, 1995 (C) Michael Mehlich
(/opt/homebrew/Cellar/texlive/20240312_3/share/texmf-dist/tex/latex/fp/defpatte
rn.sty
Package: defpattern 1994/10/12
\actioncount=\count463
)
(/opt/homebrew/Cellar/texlive/20240312_3/share/texmf-dist/tex/latex/fp/fp-basic
.sty
Package: fp-basic 1996/05/13
\FP@xs=\count464
\FP@xia=\count465
\FP@xib=\count466
\FP@xfa=\count467
\FP@xfb=\count468
\FP@rega=\count469
\FP@regb=\count470
\FP@regs=\count471
\FP@times=\count472
)
(/opt/homebrew/Cellar/texlive/20240312_3/share/texmf-dist/tex/latex/fp/fp-addon
s.sty
Package: fp-addons 1995/03/15
)
(/opt/homebrew/Cellar/texlive/20240312_3/share/texmf-dist/tex/latex/fp/fp-snap.
sty
Package: fp-snap 1995/04/05
)
(/opt/homebrew/Cellar/texlive/20240312_3/share/texmf-dist/tex/latex/fp/fp-exp.s
ty
Package: fp-exp 1995/04/03
)
(/opt/homebrew/Cellar/texlive/20240312_3/share/texmf-dist/tex/latex/fp/fp-trigo
.sty
Package: fp-trigo 1995/04/14
)
(/opt/homebrew/Cellar/texlive/20240312_3/share/texmf-dist/tex/latex/fp/fp-pas.s
ty
Package: fp-pas 1994/08/29
)
(/opt/homebrew/Cellar/texlive/20240312_3/share/texmf-dist/tex/latex/fp/fp-rando
m.sty
Package: fp-random 1995/02/23
\FPseed=\count473
)
(/opt/homebrew/Cellar/texlive/20240312_3/share/texmf-dist/tex/latex/fp/fp-eqn.s
ty
Package: fp-eqn 1995/04/03
)
(/opt/homebrew/Cellar/texlive/20240312_3/share/texmf-dist/tex/latex/fp/fp-upn.s
ty
Package: fp-upn 1996/10/21
)
(/opt/homebrew/Cellar/texlive/20240312_3/share/texmf-dist/tex/latex/fp/fp-eval.
sty
Package: fp-eval 1995/04/03
)))
\@dtl@toks=\toks50
\@dtl@tmpcount=\count474
\dtl@tmplength=\skip92
\dtl@sortresult=\count475
\@dtl@numgrpsepcount=\count476
\@dtl@datatype=\count477
\dtl@codeA=\count478
\dtl@codeB=\count479
\@dtl@foreach@level=\count480
)
(/opt/homebrew/Cellar/texlive/20240312_3/share/texmf-dist/tex/latex/tracklang/t
racklang.sty
Package: tracklang 2022/12/13 v1.6.1 (NLCT) Track Languages

(/opt/homebrew/Cellar/texlive/20240312_3/share/texmf-dist/tex/generic/tracklang
/tracklang.tex))
(/opt/homebrew/Cellar/texlive/20240312_3/share/texmf-dist/tex/latex/translator/
translator.sty
Package: translator 2021-05-31 v1.12d Easy translation of strings in LaTeX
)
(/opt/homebrew/Cellar/texlive/20240312_3/share/texmf-dist/tex/latex/glossaries-
german/glossaries-german.ldf
File: glossaries-german.ldf 2014/11/23 v1.0
)
\gls@level=\count481
\@gls@tmpb=\toks51
\gls@tmplen=\skip93
\glskeylisttok=\toks52
\glslabeltok=\toks53
\glsshorttok=\toks54
\glslongtok=\toks55

(/opt/homebrew/Cellar/texlive/20240312_3/share/texmf-dist/tex/latex/glossaries/
styles/glossary-hypernav.sty
Package: glossary-hypernav 2023/09/29 v4.53 (NLCT)
)
(/opt/homebrew/Cellar/texlive/20240312_3/share/texmf-dist/tex/latex/glossaries/
styles/glossary-list.sty
Package: glossary-list 2023/09/29 v4.53 (NLCT)
\glslistdottedwidth=\skip94
)
(/opt/homebrew/Cellar/texlive/20240312_3/share/texmf-dist/tex/latex/glossaries/
styles/glossary-long.sty
Package: glossary-long 2023/09/29 v4.53 (NLCT)

(/opt/homebrew/Cellar/texlive/20240312_3/share/texmf-dist/tex/latex/tools/longt
able.sty
Package: longtable 2023-11-01 v4.19 Multi-page Table package (DPC)
\LTleft=\skip95
\LTright=\skip96
\LTpre=\skip97
\LTpost=\skip98
\LTchunksize=\count482
\LTcapwidth=\dimen282
\LT@head=\box71
\LT@firsthead=\box72
\LT@foot=\box73
\LT@lastfoot=\box74
\LT@gbox=\box75
\LT@cols=\count483
\LT@rows=\count484
\c@LT@tables=\count485
\c@LT@chunks=\count486
\LT@p@ftn=\toks56
)
Class scrreprt Info: longtable captions redefined on input line 47.
\glsdescwidth=\skip99
\glspagelistwidth=\skip100
)
(/opt/homebrew/Cellar/texlive/20240312_3/share/texmf-dist/tex/latex/glossaries/
styles/glossary-super.sty
Package: glossary-super 2023/09/29 v4.53 (NLCT)

(/opt/homebrew/Cellar/texlive/20240312_3/share/texmf-dist/tex/latex/supertabula
r/supertabular.sty
Package: supertabular 2020/02/02 v4.1g the supertabular environment
\c@tracingst=\count487
\ST@wd=\dimen283
\ST@rightskip=\skip101
\ST@leftskip=\skip102
\ST@parfillskip=\skip103
\ST@pageleft=\dimen284
\ST@headht=\dimen285
\ST@tailht=\dimen286
\ST@pagesofar=\dimen287
\ST@pboxht=\dimen288
\ST@lineht=\dimen289
\ST@prevht=\dimen290
\ST@toadd=\dimen291
\ST@dimen=\dimen292
\ST@pbox=\box76
))
(/opt/homebrew/Cellar/texlive/20240312_3/share/texmf-dist/tex/latex/glossaries/
styles/glossary-tree.sty
Package: glossary-tree 2023/09/29 v4.53 (NLCT)
\glstreeindent=\skip104
)) (./definitions.tex
Package hyperref Info: Option `bookmarksnumbered' set `true' on input line 18.

(/opt/homebrew/Cellar/texlive/20240312_3/share/texmf-dist/tex/latex/listings/ls
tlang1.sty
File: lstlang1.sty 2024/02/21 1.10 listings language file
)
(/opt/homebrew/Cellar/texlive/20240312_3/share/texmf-dist/tex/latex/listings/ls
tlang2.sty
File: lstlang2.sty 2024/02/21 1.10 listings language file
)
(/opt/homebrew/Cellar/texlive/20240312_3/share/texmf-dist/tex/latex/listings/ls
tlang3.sty
File: lstlang3.sty 2024/02/21 1.10 listings language file
)
(/opt/homebrew/Cellar/texlive/20240312_3/share/texmf-dist/tex/latex/listings/ls
tlang1.sty
File: lstlang1.sty 2024/02/21 1.10 listings language file
)
(/opt/homebrew/Cellar/texlive/20240312_3/share/texmf-dist/tex/latex/listings/ls
tlang2.sty
File: lstlang2.sty 2024/02/21 1.10 listings language file
)
(/opt/homebrew/Cellar/texlive/20240312_3/share/texmf-dist/tex/latex/listings/ls
tlang3.sty
File: lstlang3.sty 2024/02/21 1.10 listings language file
)
(/opt/homebrew/Cellar/texlive/20240312_3/share/texmf-dist/tex/latex/listings/ls
tlang1.sty
File: lstlang1.sty 2024/02/21 1.10 listings language file
)
(/opt/homebrew/Cellar/texlive/20240312_3/share/texmf-dist/tex/latex/listings/ls
tlang2.sty
File: lstlang2.sty 2024/02/21 1.10 listings language file
)
(/opt/homebrew/Cellar/texlive/20240312_3/share/texmf-dist/tex/latex/listings/ls
tlang3.sty
File: lstlang3.sty 2024/02/21 1.10 listings language file
)
(/opt/homebrew/Cellar/texlive/20240312_3/share/texmf-dist/tex/latex/listings/ls
tmisc.sty
File: lstmisc.sty 2024/02/21 1.10 (Carsten Heinz)
)) (./glsdefs.tex)
\glswrite=\write5
\glo@main@file=\write6
\openout6 = `VorlageAbschlussarbeiten.glo'.

Package glossaries Info: Writing glossary file VorlageAbschlussarbeiten.glo on 
input line 22.
\glo@acronym@file=\write7
\openout7 = `VorlageAbschlussarbeiten.acn'.

Package glossaries Info: Writing glossary file VorlageAbschlussarbeiten.acn on 
input line 22.
\glo@symbols@file=\write8
\openout8 = `VorlageAbschlussarbeiten.slo'.

Package glossaries Info: Writing glossary file VorlageAbschlussarbeiten.slo on 
input line 22.
Package csquotes Info: Checking for multilingual support...
Package csquotes Info: ... found 'babel' package.
Package csquotes Info: Adjusting default style.
Package csquotes Info: Redefining alias 'default' -> 'ngerman'.
LaTeX Font Info:    Trying to load font information for T1+lmr on input line 44
.

(/opt/homebrew/Cellar/texlive/20240312_3/share/texmf-dist/tex/latex/lm/t1lmr.fd
File: t1lmr.fd 2015/05/01 v1.6.1 Font defs for Latin Modern
)
(/Users/christiankrenn/Downloads/latex-vorlagenpaket_fuer_wissenschaftliche_abs
chlussarbeiten (2)/out/VorlageAbschlussarbeiten.aux
(/Users/christiankrenn/Downloads/latex-vorlagenpaket_fuer_wissenschaftliche_abs
chlussarbeiten (2)/out/content/chapAbstract.aux)
(/Users/christiankrenn/Downloads/latex-vorlagenpaket_fuer_wissenschaftliche_abs
chlussarbeiten (2)/out/content/chapEinleitung.aux)
(/Users/christiankrenn/Downloads/latex-vorlagenpaket_fuer_wissenschaftliche_abs
chlussarbeiten (2)/out/content/chapForm.aux)
(/Users/christiankrenn/Downloads/latex-vorlagenpaket_fuer_wissenschaftliche_abs
chlussarbeiten (2)/out/content/chapGestaltung.aux)
(/Users/christiankrenn/Downloads/latex-vorlagenpaket_fuer_wissenschaftliche_abs
chlussarbeiten (2)/out/content/chapLiteratur.aux)
(/Users/christiankrenn/Downloads/latex-vorlagenpaket_fuer_wissenschaftliche_abs
chlussarbeiten (2)/out/content/chapImplement.aux

LaTeX Warning: Label `chap:literature' multiply defined.


LaTeX Warning: Label `chap:literature@cref' multiply defined.

)
(/Users/christiankrenn/Downloads/latex-vorlagenpaket_fuer_wissenschaftliche_abs
chlussarbeiten (2)/out/content/chapDeclaration.aux))
\openout1 = `VorlageAbschlussarbeiten.aux'.

LaTeX Font Info:    Checking defaults for OML/cmm/m/it on input line 44.
LaTeX Font Info:    ... okay on input line 44.
LaTeX Font Info:    Checking defaults for OMS/cmsy/m/n on input line 44.
LaTeX Font Info:    ... okay on input line 44.
LaTeX Font Info:    Checking defaults for OT1/cmr/m/n on input line 44.
LaTeX Font Info:    ... okay on input line 44.
LaTeX Font Info:    Checking defaults for T1/cmr/m/n on input line 44.
LaTeX Font Info:    ... okay on input line 44.
LaTeX Font Info:    Checking defaults for TS1/cmr/m/n on input line 44.
LaTeX Font Info:    ... okay on input line 44.
LaTeX Font Info:    Checking defaults for OMX/cmex/m/n on input line 44.
LaTeX Font Info:    ... okay on input line 44.
LaTeX Font Info:    Checking defaults for U/cmr/m/n on input line 44.
LaTeX Font Info:    ... okay on input line 44.
LaTeX Font Info:    Checking defaults for PD1/pdf/m/n on input line 44.
LaTeX Font Info:    ... okay on input line 44.
LaTeX Font Info:    Checking defaults for PU/pdf/m/n on input line 44.
LaTeX Font Info:    ... okay on input line 44.
LaTeX Info: Redefining \microtypecontext on input line 44.
Package microtype Info: Applying patch `item' on input line 44.
Package microtype Info: Applying patch `toc' on input line 44.
Package microtype Info: Applying patch `eqnum' on input line 44.
Package microtype Info: Applying patch `footnote' on input line 44.
Package microtype Info: Applying patch `verbatim' on input line 44.
Package microtype Info: Generating PDF output.
Package microtype Info: Character protrusion enabled (level 2).
Package microtype Info: Using default protrusion set `alltext'.
Package microtype Info: Automatic font expansion enabled (level 2),
(microtype)             stretch: 20, shrink: 20, step: 1, non-selected.
Package microtype Info: Using default expansion set `alltext-nott'.
LaTeX Info: Redefining \showhyphens on input line 44.
Package microtype Info: No adjustment of tracking.
Package microtype Info: No adjustment of interword spacing.
Package microtype Info: No adjustment of character kerning.

(/opt/homebrew/Cellar/texlive/20240312_3/share/texmf-dist/tex/latex/microtype/m
t-cmr.cfg
File: mt-cmr.cfg 2013/05/19 v2.2 microtype config. file: Computer Modern Roman 
(RS)
)
(/opt/homebrew/Cellar/texlive/20240312_3/share/texmf-dist/tex/context/base/mkii
/supp-pdf.mkii
[Loading MPS to PDF converter (version 2006.09.02).]
\scratchcounter=\count488
\scratchdimen=\dimen293
\scratchbox=\box77
\nofMPsegments=\count489
\nofMParguments=\count490
\everyMPshowfont=\toks57
\MPscratchCnt=\count491
\MPscratchDim=\dimen294
\MPnumerator=\count492
\makeMPintoPDFobject=\count493
\everyMPtoPDFconversion=\toks58
)
(/opt/homebrew/Cellar/texlive/20240312_3/share/texmf-dist/tex/latex/epstopdf-pk
g/epstopdf-base.sty
Package: epstopdf-base 2020-01-24 v2.11 Base part for package epstopdf
Package epstopdf-base Info: Redefining graphics rule for `.eps' on input line 4
85.

(/opt/homebrew/Cellar/texlive/20240312_3/share/texmf-dist/tex/latex/latexconfig
/epstopdf-sys.cfg
File: epstopdf-sys.cfg 2010/07/13 v1.3 Configuration of (r)epstopdf for TeX Liv
e
))
Package pgfplots notification 'compat/show suggested version=true': document ha
s been generated with the most recent feature set (\pgfplotsset{compat=1.18}).

Package biblatex Info: Trying to load language 'ngerman'...
Package biblatex Info: ... file 'ngerman.lbx' found.

(/opt/homebrew/Cellar/texlive/20240312_3/share/texmf-dist/tex/latex/biblatex/lb
x/ngerman.lbx
File: ngerman.lbx 2024/03/21 v3.20 biblatex localization (PK/MW)
Package biblatex Info: Trying to load language 'german'...
Package biblatex Info: ... file 'german.lbx' found.

(/opt/homebrew/Cellar/texlive/20240312_3/share/texmf-dist/tex/latex/biblatex/lb
x/german.lbx
File: german.lbx 2024/03/21 v3.20 biblatex localization (PK/MW)
)
Package biblatex Info: Trying to load language 'german'...
Package biblatex Info: ... file 'german.lbx' found.

(/opt/homebrew/Cellar/texlive/20240312_3/share/texmf-dist/tex/latex/biblatex/lb
x/german.lbx
File: german.lbx 2024/03/21 v3.20 biblatex localization (PK/MW)
))
Package biblatex Info: Input encoding 'utf8' detected.
Package biblatex Info: Automatic encoding selection.
(biblatex)             Assuming data encoding 'utf8'.
\openout4 = `VorlageAbschlussarbeiten.bcf'.

Package biblatex Info: Trying to load bibliographic data...
Package biblatex Info: ... file 'VorlageAbschlussarbeiten.bbl' found.

(/Users/christiankrenn/Downloads/latex-vorlagenpaket_fuer_wissenschaftliche_abs
chlussarbeiten (2)/out/VorlageAbschlussarbeiten.bbl)
Package biblatex Info: Reference section=0 on input line 44.
Package biblatex Info: Reference segment=0 on input line 44.
Package hyperref Info: Link coloring OFF on input line 44.

(/Users/christiankrenn/Downloads/latex-vorlagenpaket_fuer_wissenschaftliche_abs
chlussarbeiten (2)/out/VorlageAbschlussarbeiten.out)
(/Users/christiankrenn/Downloads/latex-vorlagenpaket_fuer_wissenschaftliche_abs
chlussarbeiten (2)/out/VorlageAbschlussarbeiten.out)
\@outlinefile=\write9
\openout9 = `VorlageAbschlussarbeiten.out'.

Class scrreprt Info: loading recommended package `bookmark'.
(scrreprt)           Using `bookmark' together with `hyperref' is recommended,
(scrreprt)           because of handling of possible bookmark level gaps.
(scrreprt)           You can avoid loading `bookmark' with KOMA-Script option
(scrreprt)           `bookmarkpackage=false' before \begin{document} and
(scrreprt)           you can avoid this message adding:
(scrreprt)             \usepackage{bookmark}
(scrreprt)           before \begin{document} on input line 44.

(/opt/homebrew/Cellar/texlive/20240312_3/share/texmf-dist/tex/latex/bookmark/bo
okmark.sty
Package: bookmark 2023-12-10 v1.31 PDF bookmarks (HO)

(/opt/homebrew/Cellar/texlive/20240312_3/share/texmf-dist/tex/latex/bookmark/bk
m-pdftex.def
File: bkm-pdftex.def 2023-12-10 v1.31 bookmark driver for pdfTeX and luaTeX (HO
)
\BKM@id=\count494
))
\c@lstlisting=\count495
Package tocbasic Info: setting babel extension for `lol' on input line 44.
\scr@dte@lstlisting@maxnumwidth=\skip105
 (./content/Cover.tex
LaTeX Font Info:    Trying to load font information for T1+lmss on input line 3
.

(/opt/homebrew/Cellar/texlive/20240312_3/share/texmf-dist/tex/latex/lm/t1lmss.f
d
File: t1lmss.fd 2015/05/01 v1.6.1 Font defs for Latin Modern
)
Package microtype Info: Loading generic protrusion settings for font family
(microtype)             `lmss' (encoding: T1).
(microtype)             For optimal results, create family-specific settings.
(microtype)             See the microtype manual for details.
LaTeX Font Info:    Font shape `T1/lmss/m/it' in size <10.95> not available
(Font)              Font shape `T1/lmss/m/sl' tried instead on input line 21.

Overfull \hbox (15.21349pt too wide) in paragraph at lines 16--26
\T1/lmss/m/n/20.74 (-20) mi-fi-zier-ten Spen-den-ver-tei-lung: Gutenberg-Integr
ation
 []

LaTeX Font Info:    Trying to load font information for OT1+lmr on input line 2
8.

(/opt/homebrew/Cellar/texlive/20240312_3/share/texmf-dist/tex/latex/lm/ot1lmr.f
d
File: ot1lmr.fd 2015/05/01 v1.6.1 Font defs for Latin Modern
)
LaTeX Font Info:    Trying to load font information for OML+lmm on input line 2
8.

(/opt/homebrew/Cellar/texlive/20240312_3/share/texmf-dist/tex/latex/lm/omllmm.f
d
File: omllmm.fd 2015/05/01 v1.6.1 Font defs for Latin Modern
)
LaTeX Font Info:    Trying to load font information for OMS+lmsy on input line 
28.

(/opt/homebrew/Cellar/texlive/20240312_3/share/texmf-dist/tex/latex/lm/omslmsy.
fd
File: omslmsy.fd 2015/05/01 v1.6.1 Font defs for Latin Modern
)
LaTeX Font Info:    Trying to load font information for OMX+lmex on input line 
28.

(/opt/homebrew/Cellar/texlive/20240312_3/share/texmf-dist/tex/latex/lm/omxlmex.
fd
File: omxlmex.fd 2015/05/01 v1.6.1 Font defs for Latin Modern
)
LaTeX Font Info:    External font `lmex10' loaded for size
(Font)              <10.95> on input line 28.
LaTeX Font Info:    External font `lmex10' loaded for size
(Font)              <8> on input line 28.
LaTeX Font Info:    External font `lmex10' loaded for size
(Font)              <6> on input line 28.
LaTeX Font Info:    Trying to load font information for U+msa on input line 28.


(/opt/homebrew/Cellar/texlive/20240312_3/share/texmf-dist/tex/latex/amsfonts/um
sa.fd
File: umsa.fd 2013/01/14 v3.01 AMS symbols A
)
(/opt/homebrew/Cellar/texlive/20240312_3/share/texmf-dist/tex/latex/microtype/m
t-msa.cfg
File: mt-msa.cfg 2006/02/04 v1.1 microtype config. file: AMS symbols (a) (RS)
)
LaTeX Font Info:    Trying to load font information for U+msb on input line 28.


(/opt/homebrew/Cellar/texlive/20240312_3/share/texmf-dist/tex/latex/amsfonts/um
sb.fd
File: umsb.fd 2013/01/14 v3.01 AMS symbols B
)
(/opt/homebrew/Cellar/texlive/20240312_3/share/texmf-dist/tex/latex/microtype/m
t-msb.cfg
File: mt-msb.cfg 2005/06/01 v1.0 microtype config. file: AMS symbols (b) (RS)
) [1

\openout5 = `VorlageAbschlussarbeiten.ist'.



{/opt/homebrew/Cellar/texlive/20240312_3/share/texmf-dist/fonts/map/pdftex/updm
ap/pdftex.map}{/opt/homebrew/Cellar/texlive/20240312_3/share/texmf-dist/fonts/e
nc/dvips/lm/lm-ec.enc}])
\openout2 = `content/chapAbstract.aux'.

 (./content/chapAbstract.tex
LaTeX Font Info:    Font shape `T1/lmss/bx/it' in size <17.28> not available
(Font)              Font shape `T1/lmss/bx/sl' tried instead on input line 1.
) [1




]
Package tocbasic Info: character protrusion at toc deactivated on input line 54
.

(/Users/christiankrenn/Downloads/latex-vorlagenpaket_fuer_wissenschaftliche_abs
chlussarbeiten (2)/out/VorlageAbschlussarbeiten.toc
Package cleveref Info: loaded `ngerman' language definitions on input line 1.

Overfull \hbox (2.58478pt too wide) detected at line 6
 []\T1/lmss/bx/n/10.95 VIII
 []

[2





])
\tf@toc=\write10
\openout10 = `VorlageAbschlussarbeiten.toc'.

Package cleveref Info: loaded `ngerman' language definitions on input line 55.
 [3]
Package tocbasic Info: character protrusion at lot deactivated on input line 55
.

(/Users/christiankrenn/Downloads/latex-vorlagenpaket_fuer_wissenschaftliche_abs
chlussarbeiten (2)/out/VorlageAbschlussarbeiten.lot
Package cleveref Info: loaded `ngerman' language definitions on input line 1.
)
\tf@lot=\write11
\openout11 = `VorlageAbschlussarbeiten.lot'.

 [4

]
Package tocbasic Info: character protrusion at lof deactivated on input line 56
.

(/Users/christiankrenn/Downloads/latex-vorlagenpaket_fuer_wissenschaftliche_abs
chlussarbeiten (2)/out/VorlageAbschlussarbeiten.lof
Package cleveref Info: loaded `ngerman' language definitions on input line 1.
)
\tf@lof=\write12
\openout12 = `VorlageAbschlussarbeiten.lof'.


(/Users/christiankrenn/Downloads/latex-vorlagenpaket_fuer_wissenschaftliche_abs
chlussarbeiten (2)/out/VorlageAbschlussarbeiten.gls [5

])
(/Users/christiankrenn/Downloads/latex-vorlagenpaket_fuer_wissenschaftliche_abs
chlussarbeiten (2)/out/VorlageAbschlussarbeiten.acr [6


])
(/Users/christiankrenn/Downloads/latex-vorlagenpaket_fuer_wissenschaftliche_abs
chlussarbeiten (2)/out/VorlageAbschlussarbeiten.sls [7


]) [8


{/opt/homebrew/Cellar/texlive/20240312_3/share/texmf-dist/fonts/enc/dvips/lm/lm
-mathit.enc}]
\openout2 = `content/chapEinleitung.aux'.


(./content/chapEinleitung.tex
chapter 1.
LaTeX Font Info:    External font `lmex10' loaded for size
(Font)              <9> on input line 14.
LaTeX Font Info:    External font `lmex10' loaded for size
(Font)              <5> on input line 14.

pdfTeX warning (ext4): destination with the same identifier (name{page.1}) has 
been already used, duplicate ignored
<to be read again> 
                   \relax 
l.17 \par
          [1





])
Package cleveref Info: loaded `ngerman' language definitions on input line 64.
 [2]
\openout2 = `content/chapForm.aux'.

 (./content/chapForm.tex
chapter 2.
[3





]
Package cleveref Info: loaded `ngerman' language definitions on input line 68.
 [4])
Package cleveref Info: loaded `ngerman' language definitions on input line 65.
 [5]
\openout2 = `content/chapGestaltung.aux'.

 (./content/chapGestaltung.tex
chapter 3.
LaTeX Font Info:    Trying to load font information for T1+lmtt on input line 1
2.

(/opt/homebrew/Cellar/texlive/20240312_3/share/texmf-dist/tex/latex/lm/t1lmtt.f
d
File: t1lmtt.fd 2015/05/01 v1.6.1 Font defs for Latin Modern
)
Package microtype Info: Loading generic protrusion settings for font family
(microtype)             `lmtt' (encoding: T1).
(microtype)             For optimal results, create family-specific settings.
(microtype)             See the microtype manual for details.
 [6





]
Package cleveref Info: loaded `ngerman' language definitions on input line 70.
 [7]
LaTeX Font Info:    Trying to load font information for TS1+lmr on input line 8
5.

(/opt/homebrew/Cellar/texlive/20240312_3/share/texmf-dist/tex/latex/lm/ts1lmr.f
d
File: ts1lmr.fd 2015/05/01 v1.6.1 Font defs for Latin Modern
)
Package cleveref Info: loaded `ngerman' language definitions on input line 103.

 [8{/opt/homebrew/Cellar/texlive/20240312_3/share/texmf-dist/fonts/enc/dvips/lm
/lm-ts1.enc}]
<images/ThkKunst.png, id=229, 521.95pt x 422.67pt>
File: images/ThkKunst.png Graphic file (type png)
<use images/ThkKunst.png>
Package pdftex.def Info: images/ThkKunst.png  used on input line 113.
(pdftex.def)             Requested size: 140.81517pt x 114.03212pt.
 (./tikz/figFleuret.tex
PGFPlots: reading {data/pointsFleuret.csv}
PGFPlots: reading {data/pointsFleuret.csv}
)
Package cleveref Info: loaded `ngerman' language definitions on input line 140.

 [9 <./images/ThkKunst.png>]
Package cleveref Info: loaded `ngerman' language definitions on input line 175.

 [10{/opt/homebrew/Cellar/texlive/20240312_3/share/texmf-dist/fonts/enc/dvips/l
m/lm-rm.enc}]
Package cleveref Info: loaded `ngerman' language definitions on input line 206.

 [11{/opt/homebrew/Cellar/texlive/20240312_3/share/texmf-dist/fonts/enc/dvips/l
m/lm-mathex.enc}{/opt/homebrew/Cellar/texlive/20240312_3/share/texmf-dist/fonts
/enc/dvips/lm/lm-mathsy.enc}]
Overfull \hbox (8.99515pt too wide) in paragraph at lines 219--220
[][][][][][][][][][][][][][] 
 []


Overfull \hbox (8.99515pt too wide) in paragraph at lines 231--232
[][][][][][][][][][][][][][] 
 []

Package cleveref Info: loaded `ngerman' language definitions on input line 268.

[12]
Overfull \hbox (72.22034pt too wide) in paragraph at lines 269--280
\T1/lmr/m/n/10.95 (-20) den. Ein Ein-trag im Glossar kann dann ber den Be-fehl
 \T1/lmtt/m/n/10.95 \newglossaryentry{$\OMS/lmsy/m/n/10.95 h$\T1/lmr/m/it/10.95
 (-20) Label$\OMS/lmsy/m/n/10.95 i$\T1/lmtt/m/n/10.95 }{$\OMS/lmsy/m/n/10.95 h$
\T1/lmr/m/it/10.95 (-20) Spezifikation$\OMS/lmsy/m/n/10.95 i$\T1/lmtt/m/n/10.95
 }
 []


Overfull \hbox (39.79915pt too wide) in paragraph at lines 282--292
\T1/lmr/m/n/10.95 (-20) dann in der Pr-am-bel ber den Be-fehl \T1/lmtt/m/n/10
.95 \newacronym{$\OMS/lmsy/m/n/10.95 h$\T1/lmr/m/it/10.95 (-20) Label$\OMS/lmsy
/m/n/10.95 i$\T1/lmtt/m/n/10.95 }{$\OMS/lmsy/m/n/10.95 h$\T1/lmr/m/it/10.95 (-2
0) Abkrzung$\OMS/lmsy/m/n/10.95 i$\T1/lmtt/m/n/10.95 }{$\OMS/lmsy/m/n/10.95 h$
\T1/lmr/m/it/10.95 (-20) Ausgeschrieben$\OMS/lmsy/m/n/10.95 i$\T1/lmtt/m/n/10.9
5 }
 []

Package cleveref Info: loaded `ngerman' language definitions on input line 320.

[13]
Package cleveref Info: loaded `ngerman' language definitions on input line 351.

 [14]
Package cleveref Info: loaded `ngerman' language definitions on input line 393.

 [15]
LaTeX Font Info:    Font shape `T1/lmtt/bx/n' in size <10.95> not available
(Font)              Font shape `T1/lmtt/b/n' tried instead on input line 414.
Package cleveref Info: loaded `ngerman' language definitions on input line 416.

 [16])
Package cleveref Info: loaded `ngerman' language definitions on input line 66.
 [17]
\openout2 = `content/chapLiteratur.aux'.

 (./content/chapLiteratur.tex
chapter 4.
[18





]
Package cleveref Info: loaded `ngerman' language definitions on input line 42.
 [19]
Package cleveref Info: loaded `ngerman' language definitions on input line 62.
 [20])
Package cleveref Info: loaded `ngerman' language definitions on input line 67.
 [21]
\openout2 = `content/chapImplement.aux'.

 (./content/chapImplement.tex
chapter 5.
[22





])
Package cleveref Info: loaded `ngerman' language definitions on input line 68.
 [23]
chapter without number
[24




]
Package cleveref Info: loaded `ngerman' language definitions on input line 70.
 [25]
Package cleveref Info: loaded `ngerman' language definitions on input line 73.
 [26]
chapter without number
[27


]
\openout2 = `content/chapDeclaration.aux'.

 (./content/chapDeclaration.tex) [28


]
(/Users/christiankrenn/Downloads/latex-vorlagenpaket_fuer_wissenschaftliche_abs
chlussarbeiten (2)/out/VorlageAbschlussarbeiten.aux
Package cleveref Info: loaded `ngerman' language definitions on input line 21.

(/Users/christiankrenn/Downloads/latex-vorlagenpaket_fuer_wissenschaftliche_abs
chlussarbeiten (2)/out/content/chapAbstract.aux)
(/Users/christiankrenn/Downloads/latex-vorlagenpaket_fuer_wissenschaftliche_abs
chlussarbeiten (2)/out/content/chapEinleitung.aux)
(/Users/christiankrenn/Downloads/latex-vorlagenpaket_fuer_wissenschaftliche_abs
chlussarbeiten (2)/out/content/chapForm.aux)
(/Users/christiankrenn/Downloads/latex-vorlagenpaket_fuer_wissenschaftliche_abs
chlussarbeiten (2)/out/content/chapGestaltung.aux)
(/Users/christiankrenn/Downloads/latex-vorlagenpaket_fuer_wissenschaftliche_abs
chlussarbeiten (2)/out/content/chapLiteratur.aux)
(/Users/christiankrenn/Downloads/latex-vorlagenpaket_fuer_wissenschaftliche_abs
chlussarbeiten (2)/out/content/chapImplement.aux)
(/Users/christiankrenn/Downloads/latex-vorlagenpaket_fuer_wissenschaftliche_abs
chlussarbeiten (2)/out/content/chapDeclaration.aux))
 ***********
LaTeX2e <2023-11-01> patch level 1
L3 programming layer <2020/03/25>
 ***********


LaTeX Warning: There were multiply-defined labels.

Package rerunfilecheck Info: File `VorlageAbschlussarbeiten.out' has not change
d.
(rerunfilecheck)             Checksum: D41D8CD98F00B204E9800998ECF8427E;0.
Package logreq Info: Writing requests to 'VorlageAbschlussarbeiten.run.xml'.
\openout1 = `VorlageAbschlussarbeiten.run.xml'.

 ) 
Here is how much of TeX's memory you used:
 58103 strings out of 474116
 1314244 string characters out of 5732612
 2414638 words of memory out of 5000000
 79101 multiletter control sequences out of 15000+600000
 675110 words of font info for 234 fonts, out of 8000000 for 9000
 1143 hyphenation exceptions out of 8191
 115i,20n,148p,10935b,2608s stack positions out of 10000i,1000n,20000p,200000b,200000s
</opt/homebrew/Cellar/texlive/20240312_3/share/texmf-dist/fonts/type1/public/
lm/lmbx10.pfb></opt/homebrew/Cellar/texlive/20240312_3/share/texmf-dist/fonts/t
ype1/public/lm/lmex10.pfb></opt/homebrew/Cellar/texlive/20240312_3/share/texmf-
dist/fonts/type1/public/lm/lmmi10.pfb></opt/homebrew/Cellar/texlive/20240312_3/
share/texmf-dist/fonts/type1/public/lm/lmmi8.pfb></opt/homebrew/Cellar/texlive/
20240312_3/share/texmf-dist/fonts/type1/public/lm/lmr10.pfb></opt/homebrew/Cell
ar/texlive/20240312_3/share/texmf-dist/fonts/type1/public/lm/lmr6.pfb></opt/hom
ebrew/Cellar/texlive/20240312_3/share/texmf-dist/fonts/type1/public/lm/lmr8.pfb
></opt/homebrew/Cellar/texlive/20240312_3/share/texmf-dist/fonts/type1/public/l
m/lmr9.pfb></opt/homebrew/Cellar/texlive/20240312_3/share/texmf-dist/fonts/type
1/public/lm/lmri10.pfb></opt/homebrew/Cellar/texlive/20240312_3/share/texmf-dis
t/fonts/type1/public/lm/lmri8.pfb></opt/homebrew/Cellar/texlive/20240312_3/shar
e/texmf-dist/fonts/type1/public/lm/lmro10.pfb></opt/homebrew/Cellar/texlive/202
40312_3/share/texmf-dist/fonts/type1/public/lm/lmss10.pfb></opt/homebrew/Cellar
/texlive/20240312_3/share/texmf-dist/fonts/type1/public/lm/lmss17.pfb></opt/hom
ebrew/Cellar/texlive/20240312_3/share/texmf-dist/fonts/type1/public/lm/lmssbo10
.pfb></opt/homebrew/Cellar/texlive/20240312_3/share/texmf-dist/fonts/type1/publ
ic/lm/lmssbx10.pfb></opt/homebrew/Cellar/texlive/20240312_3/share/texmf-dist/fo
nts/type1/public/lm/lmsso10.pfb></opt/homebrew/Cellar/texlive/20240312_3/share/
texmf-dist/fonts/type1/public/lm/lmsy10.pfb></opt/homebrew/Cellar/texlive/20240
312_3/share/texmf-dist/fonts/type1/public/lm/lmtk10.pfb></opt/homebrew/Cellar/t
exlive/20240312_3/share/texmf-dist/fonts/type1/public/lm/lmtt10.pfb></opt/homeb
rew/Cellar/texlive/20240312_3/share/texmf-dist/fonts/type1/public/lm/lmtt9.pfb>
</opt/homebrew/Cellar/texlive/20240312_3/share/texmf-dist/fonts/type1/public/am
sfonts/symbols/msbm10.pfb>
Output written on "/Users/christiankrenn/Downloads/latex-vorlagenpaket_fuer_wis
senschaftliche_abschlussarbeiten (2)/out/VorlageAbschlussarbeiten.pdf" (37 page
s, 541422 bytes).
PDF statistics:
 672 PDF objects out of 1000 (max. 8388607)
 580 compressed objects within 6 object streams
 159 named destinations out of 1000 (max. 500000)
 65354 words of extra memory for PDF output out of 74296 (max. 10000000)

