This is pdfTeX, Version 3.141592653-2.6-1.40.24 (MiKTeX 22.1) (preloaded format=pdflatex 2024.11.10)  4 JUL 2025 15:12
entering extended mode
 restricted \write18 enabled.
 %&-line parsing enabled.
**"/Users/christiankrenn/Downloads/latex-vorlagenpaket_fuer_wissenschaftliche_a
bschlussarbeiten (2)/VorlageAbschlussarbeiten.tex"

(/Users/christiankrenn/Downloads/latex-vorlagenpaket_fuer_wissenschaftliche_abs
chlussarbeiten (2)/VorlageAbschlussarbeiten.tex
LaTeX2e <2024-11-01>
L3 programming layer <2024-11-02>

(/Users/christiankrenn/Library/Application Support/MiKTeX/texmfs/install/tex/la
tex/koma-script/scrreprt.cls
Document Class: scrreprt 2024/10/24 v3.43 KOMA-Script document class (report)

(/Users/christiankrenn/Library/Application Support/MiKTeX/texmfs/install/tex/la
tex/koma-script/scrkbase.sty
Package: scrkbase 2024/10/24 v3.43 KOMA-Script package (KOMA-Script-dependent b
asics and keyval usage)

(/Users/christiankrenn/Library/Application Support/MiKTeX/texmfs/install/tex/la
tex/koma-script/scrbase.sty
Package: scrbase 2024/10/24 v3.43 KOMA-Script package (KOMA-Script-independent 
basics and keyval usage)

(/Users/christiankrenn/Library/Application Support/MiKTeX/texmfs/install/tex/la
tex/koma-script/scrlfile.sty
Package: scrlfile 2024/10/24 v3.43 KOMA-Script package (file load hooks)

(/Users/christiankrenn/Library/Application Support/MiKTeX/texmfs/install/tex/la
tex/koma-script/scrlfile-hook.sty
Package: scrlfile-hook 2024/10/24 v3.43 KOMA-Script package (using LaTeX hooks)


(/Users/christiankrenn/Library/Application Support/MiKTeX/texmfs/install/tex/la
tex/koma-script/scrlogo.sty
Package: scrlogo 2024/10/24 v3.43 KOMA-Script package (logo)
)))
(/Users/christiankrenn/Library/Application Support/MiKTeX/texmfs/install/tex/la
tex/graphics/keyval.sty
Package: keyval 2022/05/29 v1.15 key=value parser (DPC)
\KV@toks@=\toks17
)
Applying: [2021/05/01] Usage of raw or classic option list on input line 254.
Already applied: [0000/00/00] Usage of raw or classic option list on input line
 370.
))
(/Users/christiankrenn/Library/Application Support/MiKTeX/texmfs/install/tex/la
tex/koma-script/tocbasic.sty
Package: tocbasic 2024/10/24 v3.43 KOMA-Script package (handling toc-files)
\scr@dte@tocline@numberwidth=\skip49
\scr@dte@tocline@numbox=\box52
)
Package tocbasic Info: omitting babel extension for `toc'
(tocbasic)             because of feature `nobabel' available
(tocbasic)             for `toc' on input line 137.
Class scrreprt Info: File `scrsize11pt.clo' used instead of
(scrreprt)           file `scrsize11.clo' to setup font sizes on input line 271
3.

(/Users/christiankrenn/Library/Application Support/MiKTeX/texmfs/install/tex/la
tex/koma-script/scrsize11pt.clo
File: scrsize11pt.clo 2024/10/24 v3.43 KOMA-Script font size class option (11pt
)
)
(/Users/christiankrenn/Library/Application Support/MiKTeX/texmfs/install/tex/la
tex/koma-script/typearea.sty
Package: typearea 2024/10/24 v3.43 KOMA-Script package (type area)
\ta@bcor=\skip50
\ta@div=\count196
\ta@hblk=\skip51
\ta@vblk=\skip52
\ta@temp=\skip53
\footheight=\skip54
Package typearea Info: These are the values describing the layout:
(typearea)             DIV  = 10
(typearea)             BCOR = 22.76219pt
(typearea)             \paperwidth      = 597.50793pt
(typearea)              \textwidth      = 402.32205pt
(typearea)              DIV departure   = -2%
(typearea)              \evensidemargin = 36.70404pt
(typearea)              \oddsidemargin  = 36.70404pt
(typearea)             \paperheight     = 845.04694pt
(typearea)              \textheight     = 555.00024pt
(typearea)              \topmargin      = 12.2347pt
(typearea)              \headheight     = 17.0pt
(typearea)              \headsep        = 20.40001pt
(typearea)              \topskip        = 11.0pt
(typearea)              \footskip       = 47.6pt
(typearea)              \baselineskip   = 13.6pt
(typearea)              on input line 1802.
)
\c@part=\count197
\c@chapter=\count198
\c@section=\count199
\c@subsection=\count266
\c@subsubsection=\count267
\c@paragraph=\count268
\c@subparagraph=\count269
\scr@dte@chapter@maxnumwidth=\skip55
Class scrreprt Info: using compatibility default `afterindent=bysign'
(scrreprt)           for `\chapter on input line 6020.
\scr@dte@section@maxnumwidth=\skip56
Class scrreprt Info: using compatibility default `runin=bysign'
(scrreprt)           for `\section on input line 6031.
Class scrreprt Info: using compatibility default `afterindent=bysign'
(scrreprt)           for `\section on input line 6031.
\scr@dte@part@maxnumwidth=\skip57
Class scrreprt Info: using compatibility default `afterindent=true'
(scrreprt)           for `\part on input line 6040.
\scr@dte@subsection@maxnumwidth=\skip58
Class scrreprt Info: using compatibility default `runin=bysign'
(scrreprt)           for `\subsection on input line 6050.
Class scrreprt Info: using compatibility default `afterindent=bysign'
(scrreprt)           for `\subsection on input line 6050.
\scr@dte@subsubsection@maxnumwidth=\skip59
Class scrreprt Info: using compatibility default `runin=bysign'
(scrreprt)           for `\subsubsection on input line 6060.
Class scrreprt Info: using compatibility default `afterindent=bysign'
(scrreprt)           for `\subsubsection on input line 6060.
\scr@dte@paragraph@maxnumwidth=\skip60
Class scrreprt Info: using compatibility default `runin=bysign'
(scrreprt)           for `\paragraph on input line 6071.
Class scrreprt Info: using compatibility default `afterindent=bysign'
(scrreprt)           for `\paragraph on input line 6071.
\scr@dte@subparagraph@maxnumwidth=\skip61
Class scrreprt Info: using compatibility default `runin=bysign'
(scrreprt)           for `\subparagraph on input line 6081.
Class scrreprt Info: using compatibility default `afterindent=bysign'
(scrreprt)           for `\subparagraph on input line 6081.
\abovecaptionskip=\skip62
\belowcaptionskip=\skip63
\c@pti@nb@sid@b@x=\box53
Package tocbasic Info: omitting babel extension for `lof'
(tocbasic)             because of feature `nobabel' available
(tocbasic)             for `lof' on input line 7269.
\scr@dte@figure@maxnumwidth=\skip64
\c@figure=\count270
Package tocbasic Info: omitting babel extension for `lot'
(tocbasic)             because of feature `nobabel' available
(tocbasic)             for `lot' on input line 7286.
\scr@dte@table@maxnumwidth=\skip65
\c@table=\count271
Class scrreprt Info: Redefining `\numberline' on input line 7457.
\bibindent=\dimen141
)
(/Users/christiankrenn/Downloads/latex-vorlagenpaket_fuer_wissenschaftliche_abs
chlussarbeiten (2)/packages.tex
(/Users/christiankrenn/Library/Application Support/MiKTeX/texmfs/install/tex/ge
neric/iftex/ifluatex.sty
Package: ifluatex 2019/10/25 v1.5 ifluatex legacy package. Use iftex instead.

(/Users/christiankrenn/Library/Application Support/MiKTeX/texmfs/install/tex/ge
neric/iftex/iftex.sty
Package: iftex 2022/02/03 v1.0f TeX engine tests
))
(/Users/christiankrenn/Library/Application Support/MiKTeX/texmfs/install/tex/ge
neric/babel/babel.sty
Package: babel 2024/11/08 v24.13 The multilingual framework for pdfLaTeX, LuaLa
TeX and XeLaTeX
\babel@savecnt=\count272
\U@D=\dimen142
\l@unhyphenated=\language79

(/Users/christiankrenn/Library/Application Support/MiKTeX/texmfs/install/tex/ge
neric/babel/txtbabel.def)
\bbl@readstream=\read2
\bbl@dirlevel=\count273

*************************************
* Local config file bblopts.cfg used
*

(/Users/christiankrenn/Library/Application Support/MiKTeX/texmfs/install/tex/la
tex/arabi/bblopts.cfg
File: bblopts.cfg 2005/09/08 v0.1 add Arabic and Farsi to "declared" options of
 babel
)
(/Users/christiankrenn/Library/Application Support/MiKTeX/texmfs/install/tex/la
tex/babel-german/ngerman.ldf
Language: ngerman 2024/01/19 v2.14 German support for babel (post-1996 orthogra
phy)

(/Users/christiankrenn/Library/Application Support/MiKTeX/texmfs/install/tex/la
tex/babel-german/ngermanb.ldf
Language: ngermanb 2024/01/19 v2.14 German support for babel (post-1996 orthogr
aphy)
Package babel Info: Making " an active character on input line 122.
)))
(/Users/christiankrenn/Library/Application Support/MiKTeX/texmfs/install/tex/ge
neric/babel/locale/de/babel-ngerman.tex
Package babel Info: Importing font and identification data for ngerman
(babel)             from babel-de.ini. Reported on input line 11.
)
(/Users/christiankrenn/Library/Application Support/MiKTeX/texmfs/install/tex/la
tex/base/fontenc.sty
Package: fontenc 2021/04/29 v2.0v Standard LaTeX package
)
(/Users/christiankrenn/Library/Application Support/MiKTeX/texmfs/install/tex/la
tex/csquotes/csquotes.sty
Package: csquotes 2024-04-04 v5.2o context-sensitive quotations (JAW)

(/Users/christiankrenn/Library/Application Support/MiKTeX/texmfs/install/tex/la
tex/etoolbox/etoolbox.sty
Package: etoolbox 2020/10/05 v2.5k e-TeX tools for LaTeX (JAW)
\etb@tempcnta=\count274
)
\csq@reset=\count275
\csq@gtype=\count276
\csq@glevel=\count277
\csq@qlevel=\count278
\csq@maxlvl=\count279
\csq@tshold=\count280
\csq@ltx@everypar=\toks18

(/Users/christiankrenn/Library/Application Support/MiKTeX/texmfs/install/tex/la
tex/csquotes/csquotes.def
File: csquotes.def 2024-04-04 v5.2o csquotes generic definitions (JAW)
)
Package csquotes Info: Trying to load configuration file 'csquotes.cfg'...
Package csquotes Info: ... configuration file loaded successfully.

(/Users/christiankrenn/Library/Application Support/MiKTeX/texmfs/install/tex/la
tex/csquotes/csquotes.cfg
File: csquotes.cfg 
))
(/Users/christiankrenn/Library/Application Support/MiKTeX/texmfs/install/tex/la
tex/koma-script/scrlayer-scrpage.sty
Package: scrlayer-scrpage 2024/10/24 v3.43 KOMA-Script package (end user interf
ace for scrlayer)

(/Users/christiankrenn/Library/Application Support/MiKTeX/texmfs/install/tex/la
tex/koma-script/scrlayer.sty
Package: scrlayer 2024/10/24 v3.43 KOMA-Script package (defining layers and pag
e styles)
Package scrlayer Info: patching LaTeX kernel macro \pagestyle on input line 218
2.
)
Package scrlayer-scrpage Info: Makeing stand-alone element `pagehead' from
(scrlayer-scrpage)             alias to `pageheadfoot' on input line 1106.
)
(/Users/christiankrenn/Library/Application Support/MiKTeX/texmfs/install/tex/la
tex/microtype/microtype.sty
Package: microtype 2025/02/11 v3.2a Micro-typographical refinements (RS)
\MT@toks=\toks19
\MT@tempbox=\box54
\MT@count=\count281
LaTeX Info: Redefining \noprotrusionifhmode on input line 1087.
LaTeX Info: Redefining \leftprotrusion on input line 1088.
\MT@prot@toks=\toks20
LaTeX Info: Redefining \rightprotrusion on input line 1107.
LaTeX Info: Redefining \textls on input line 1449.
\MT@outer@kern=\dimen143
LaTeX Info: Redefining \microtypecontext on input line 2053.
LaTeX Info: Redefining \textmicrotypecontext on input line 2070.
\MT@listname@count=\count282

(/Users/christiankrenn/Library/Application Support/MiKTeX/texmfs/install/tex/la
tex/microtype/microtype-pdftex.def
File: microtype-pdftex.def 2025/02/11 v3.2a Definitions specific to pdftex (RS)

LaTeX Info: Redefining \lsstyle on input line 944.
LaTeX Info: Redefining \lslig on input line 944.
\MT@outer@space=\skip66
)
Package microtype Info: Loading configuration file microtype.cfg.

(/Users/christiankrenn/Library/Application Support/MiKTeX/texmfs/install/tex/la
tex/microtype/microtype.cfg
File: microtype.cfg 2025/02/11 v3.2a microtype main configuration file (RS)
)
LaTeX Info: Redefining \microtypesetup on input line 3065.
)
(/Users/christiankrenn/Library/Application Support/MiKTeX/texmfs/install/tex/la
tex/pgf/frontendlayer/tikz.sty
(/Users/christiankrenn/Library/Application Support/MiKTeX/texmfs/install/tex/la
tex/pgf/basiclayer/pgf.sty
(/Users/christiankrenn/Library/Application Support/MiKTeX/texmfs/install/tex/la
tex/pgf/utilities/pgfrcs.sty
(/Users/christiankrenn/Library/Application Support/MiKTeX/texmfs/install/tex/ge
neric/pgf/utilities/pgfutil-common.tex
\pgfutil@everybye=\toks21
\pgfutil@tempdima=\dimen144
\pgfutil@tempdimb=\dimen145
)
(/Users/christiankrenn/Library/Application Support/MiKTeX/texmfs/install/tex/ge
neric/pgf/utilities/pgfutil-latex.def
\pgfutil@abb=\box55
)
(/Users/christiankrenn/Library/Application Support/MiKTeX/texmfs/install/tex/ge
neric/pgf/utilities/pgfrcs.code.tex
(/Users/christiankrenn/Library/Application Support/MiKTeX/texmfs/install/tex/ge
neric/pgf/pgf.revision.tex)
Package: pgfrcs 2023-01-15 v3.1.10 (3.1.10)
))
Package: pgf 2023-01-15 v3.1.10 (3.1.10)

(/Users/christiankrenn/Library/Application Support/MiKTeX/texmfs/install/tex/la
tex/pgf/basiclayer/pgfcore.sty
(/Users/christiankrenn/Library/Application Support/MiKTeX/texmfs/install/tex/la
tex/graphics/graphicx.sty
Package: graphicx 2021/09/16 v1.2d Enhanced LaTeX Graphics (DPC,SPQR)

(/Users/christiankrenn/Library/Application Support/MiKTeX/texmfs/install/tex/la
tex/graphics/graphics.sty
Package: graphics 2024/08/06 v1.4g Standard LaTeX Graphics (DPC,SPQR)

(/Users/christiankrenn/Library/Application Support/MiKTeX/texmfs/install/tex/la
tex/graphics/trig.sty
Package: trig 2023/12/02 v1.11 sin cos tan (DPC)
)
(/Users/christiankrenn/Library/Application Support/MiKTeX/texmfs/install/tex/la
tex/graphics-cfg/graphics.cfg
File: graphics.cfg 2016/06/04 v1.11 sample graphics configuration
)
Package graphics Info: Driver file: pdftex.def on input line 106.

(/Users/christiankrenn/Library/Application Support/MiKTeX/texmfs/install/tex/la
tex/graphics-def/pdftex.def
File: pdftex.def 2024/04/13 v1.2c Graphics/color driver for pdftex
))
\Gin@req@height=\dimen146
\Gin@req@width=\dimen147
)
(/Users/christiankrenn/Library/Application Support/MiKTeX/texmfs/install/tex/la
tex/pgf/systemlayer/pgfsys.sty
(/Users/christiankrenn/Library/Application Support/MiKTeX/texmfs/install/tex/ge
neric/pgf/systemlayer/pgfsys.code.tex
Package: pgfsys 2023-01-15 v3.1.10 (3.1.10)

(/Users/christiankrenn/Library/Application Support/MiKTeX/texmfs/install/tex/ge
neric/pgf/utilities/pgfkeys.code.tex
\pgfkeys@pathtoks=\toks22
\pgfkeys@temptoks=\toks23

(/Users/christiankrenn/Library/Application Support/MiKTeX/texmfs/install/tex/ge
neric/pgf/utilities/pgfkeyslibraryfiltered.code.tex
\pgfkeys@tmptoks=\toks24
))
\pgf@x=\dimen148
\pgf@y=\dimen149
\pgf@xa=\dimen150
\pgf@ya=\dimen151
\pgf@xb=\dimen152
\pgf@yb=\dimen153
\pgf@xc=\dimen154
\pgf@yc=\dimen155
\pgf@xd=\dimen156
\pgf@yd=\dimen157
\w@pgf@writea=\write3
\r@pgf@reada=\read3
\c@pgf@counta=\count283
\c@pgf@countb=\count284
\c@pgf@countc=\count285
\c@pgf@countd=\count286
\t@pgf@toka=\toks25
\t@pgf@tokb=\toks26
\t@pgf@tokc=\toks27
\pgf@sys@id@count=\count287

(/Users/christiankrenn/Library/Application Support/MiKTeX/texmfs/install/tex/ge
neric/pgf/systemlayer/pgf.cfg
File: pgf.cfg 2023-01-15 v3.1.10 (3.1.10)
)
Driver file for pgf: pgfsys-pdftex.def

(/Users/christiankrenn/Library/Application Support/MiKTeX/texmfs/install/tex/ge
neric/pgf/systemlayer/pgfsys-pdftex.def
File: pgfsys-pdftex.def 2023-01-15 v3.1.10 (3.1.10)

(/Users/christiankrenn/Library/Application Support/MiKTeX/texmfs/install/tex/ge
neric/pgf/systemlayer/pgfsys-common-pdf.def
File: pgfsys-common-pdf.def 2023-01-15 v3.1.10 (3.1.10)
)))
(/Users/christiankrenn/Library/Application Support/MiKTeX/texmfs/install/tex/ge
neric/pgf/systemlayer/pgfsyssoftpath.code.tex
File: pgfsyssoftpath.code.tex 2023-01-15 v3.1.10 (3.1.10)
\pgfsyssoftpath@smallbuffer@items=\count288
\pgfsyssoftpath@bigbuffer@items=\count289
)
(/Users/christiankrenn/Library/Application Support/MiKTeX/texmfs/install/tex/ge
neric/pgf/systemlayer/pgfsysprotocol.code.tex
File: pgfsysprotocol.code.tex 2023-01-15 v3.1.10 (3.1.10)
))
(/Users/christiankrenn/Library/Application Support/MiKTeX/texmfs/install/tex/la
tex/xcolor/xcolor.sty
Package: xcolor 2024/09/29 v3.02 LaTeX color extensions (UK)

(/Users/christiankrenn/Library/Application Support/MiKTeX/texmfs/install/tex/la
tex/graphics-cfg/color.cfg
File: color.cfg 2016/01/02 v1.6 sample color configuration
)
Package xcolor Info: Driver file: pdftex.def on input line 274.

(/Users/christiankrenn/Library/Application Support/MiKTeX/texmfs/install/tex/la
tex/graphics/mathcolor.ltx)
Package xcolor Info: Model `cmy' substituted by `cmy0' on input line 1349.
Package xcolor Info: Model `hsb' substituted by `rgb' on input line 1353.
Package xcolor Info: Model `RGB' extended on input line 1365.
Package xcolor Info: Model `HTML' substituted by `rgb' on input line 1367.
Package xcolor Info: Model `Hsb' substituted by `hsb' on input line 1368.
Package xcolor Info: Model `tHsb' substituted by `hsb' on input line 1369.
Package xcolor Info: Model `HSB' substituted by `hsb' on input line 1370.
Package xcolor Info: Model `Gray' substituted by `gray' on input line 1371.
Package xcolor Info: Model `wave' substituted by `hsb' on input line 1372.
)
(/Users/christiankrenn/Library/Application Support/MiKTeX/texmfs/install/tex/ge
neric/pgf/basiclayer/pgfcore.code.tex
Package: pgfcore 2023-01-15 v3.1.10 (3.1.10)

(/Users/christiankrenn/Library/Application Support/MiKTeX/texmfs/install/tex/ge
neric/pgf/math/pgfmath.code.tex
(/Users/christiankrenn/Library/Application Support/MiKTeX/texmfs/install/tex/ge
neric/pgf/math/pgfmathutil.code.tex)
(/Users/christiankrenn/Library/Application Support/MiKTeX/texmfs/install/tex/ge
neric/pgf/math/pgfmathparser.code.tex
\pgfmath@dimen=\dimen158
\pgfmath@count=\count290
\pgfmath@box=\box56
\pgfmath@toks=\toks28
\pgfmath@stack@operand=\toks29
\pgfmath@stack@operation=\toks30
)
(/Users/christiankrenn/Library/Application Support/MiKTeX/texmfs/install/tex/ge
neric/pgf/math/pgfmathfunctions.code.tex)
(/Users/christiankrenn/Library/Application Support/MiKTeX/texmfs/install/tex/ge
neric/pgf/math/pgfmathfunctions.basic.code.tex)
(/Users/christiankrenn/Library/Application Support/MiKTeX/texmfs/install/tex/ge
neric/pgf/math/pgfmathfunctions.trigonometric.code.tex)
(/Users/christiankrenn/Library/Application Support/MiKTeX/texmfs/install/tex/ge
neric/pgf/math/pgfmathfunctions.random.code.tex)
(/Users/christiankrenn/Library/Application Support/MiKTeX/texmfs/install/tex/ge
neric/pgf/math/pgfmathfunctions.comparison.code.tex)
(/Users/christiankrenn/Library/Application Support/MiKTeX/texmfs/install/tex/ge
neric/pgf/math/pgfmathfunctions.base.code.tex)
(/Users/christiankrenn/Library/Application Support/MiKTeX/texmfs/install/tex/ge
neric/pgf/math/pgfmathfunctions.round.code.tex)
(/Users/christiankrenn/Library/Application Support/MiKTeX/texmfs/install/tex/ge
neric/pgf/math/pgfmathfunctions.misc.code.tex)
(/Users/christiankrenn/Library/Application Support/MiKTeX/texmfs/install/tex/ge
neric/pgf/math/pgfmathfunctions.integerarithmetics.code.tex)
(/Users/christiankrenn/Library/Application Support/MiKTeX/texmfs/install/tex/ge
neric/pgf/math/pgfmathcalc.code.tex)
(/Users/christiankrenn/Library/Application Support/MiKTeX/texmfs/install/tex/ge
neric/pgf/math/pgfmathfloat.code.tex
\c@pgfmathroundto@lastzeros=\count291
))
(/Users/christiankrenn/Library/Application Support/MiKTeX/texmfs/install/tex/ge
neric/pgf/math/pgfint.code.tex)
(/Users/christiankrenn/Library/Application Support/MiKTeX/texmfs/install/tex/ge
neric/pgf/basiclayer/pgfcorepoints.code.tex
File: pgfcorepoints.code.tex 2023-01-15 v3.1.10 (3.1.10)
\pgf@picminx=\dimen159
\pgf@picmaxx=\dimen160
\pgf@picminy=\dimen161
\pgf@picmaxy=\dimen162
\pgf@pathminx=\dimen163
\pgf@pathmaxx=\dimen164
\pgf@pathminy=\dimen165
\pgf@pathmaxy=\dimen166
\pgf@xx=\dimen167
\pgf@xy=\dimen168
\pgf@yx=\dimen169
\pgf@yy=\dimen170
\pgf@zx=\dimen171
\pgf@zy=\dimen172
)
(/Users/christiankrenn/Library/Application Support/MiKTeX/texmfs/install/tex/ge
neric/pgf/basiclayer/pgfcorepathconstruct.code.tex
File: pgfcorepathconstruct.code.tex 2023-01-15 v3.1.10 (3.1.10)
\pgf@path@lastx=\dimen173
\pgf@path@lasty=\dimen174
)
(/Users/christiankrenn/Library/Application Support/MiKTeX/texmfs/install/tex/ge
neric/pgf/basiclayer/pgfcorepathusage.code.tex
File: pgfcorepathusage.code.tex 2023-01-15 v3.1.10 (3.1.10)
\pgf@shorten@end@additional=\dimen175
\pgf@shorten@start@additional=\dimen176
)
(/Users/christiankrenn/Library/Application Support/MiKTeX/texmfs/install/tex/ge
neric/pgf/basiclayer/pgfcorescopes.code.tex
File: pgfcorescopes.code.tex 2023-01-15 v3.1.10 (3.1.10)
\pgfpic=\box57
\pgf@hbox=\box58
\pgf@layerbox@main=\box59
\pgf@picture@serial@count=\count292
)
(/Users/christiankrenn/Library/Application Support/MiKTeX/texmfs/install/tex/ge
neric/pgf/basiclayer/pgfcoregraphicstate.code.tex
File: pgfcoregraphicstate.code.tex 2023-01-15 v3.1.10 (3.1.10)
\pgflinewidth=\dimen177
)
(/Users/christiankrenn/Library/Application Support/MiKTeX/texmfs/install/tex/ge
neric/pgf/basiclayer/pgfcoretransformations.code.tex
File: pgfcoretransformations.code.tex 2023-01-15 v3.1.10 (3.1.10)
\pgf@pt@x=\dimen178
\pgf@pt@y=\dimen179
\pgf@pt@temp=\dimen180
)
(/Users/christiankrenn/Library/Application Support/MiKTeX/texmfs/install/tex/ge
neric/pgf/basiclayer/pgfcorequick.code.tex
File: pgfcorequick.code.tex 2023-01-15 v3.1.10 (3.1.10)
)
(/Users/christiankrenn/Library/Application Support/MiKTeX/texmfs/install/tex/ge
neric/pgf/basiclayer/pgfcoreobjects.code.tex
File: pgfcoreobjects.code.tex 2023-01-15 v3.1.10 (3.1.10)
)
(/Users/christiankrenn/Library/Application Support/MiKTeX/texmfs/install/tex/ge
neric/pgf/basiclayer/pgfcorepathprocessing.code.tex
File: pgfcorepathprocessing.code.tex 2023-01-15 v3.1.10 (3.1.10)
)
(/Users/christiankrenn/Library/Application Support/MiKTeX/texmfs/install/tex/ge
neric/pgf/basiclayer/pgfcorearrows.code.tex
File: pgfcorearrows.code.tex 2023-01-15 v3.1.10 (3.1.10)
\pgfarrowsep=\dimen181
)
(/Users/christiankrenn/Library/Application Support/MiKTeX/texmfs/install/tex/ge
neric/pgf/basiclayer/pgfcoreshade.code.tex
File: pgfcoreshade.code.tex 2023-01-15 v3.1.10 (3.1.10)
\pgf@max=\dimen182
\pgf@sys@shading@range@num=\count293
\pgf@shadingcount=\count294
)
(/Users/christiankrenn/Library/Application Support/MiKTeX/texmfs/install/tex/ge
neric/pgf/basiclayer/pgfcoreimage.code.tex
File: pgfcoreimage.code.tex 2023-01-15 v3.1.10 (3.1.10)
)
(/Users/christiankrenn/Library/Application Support/MiKTeX/texmfs/install/tex/ge
neric/pgf/basiclayer/pgfcoreexternal.code.tex
File: pgfcoreexternal.code.tex 2023-01-15 v3.1.10 (3.1.10)
\pgfexternal@startupbox=\box60
)
(/Users/christiankrenn/Library/Application Support/MiKTeX/texmfs/install/tex/ge
neric/pgf/basiclayer/pgfcorelayers.code.tex
File: pgfcorelayers.code.tex 2023-01-15 v3.1.10 (3.1.10)
)
(/Users/christiankrenn/Library/Application Support/MiKTeX/texmfs/install/tex/ge
neric/pgf/basiclayer/pgfcoretransparency.code.tex
File: pgfcoretransparency.code.tex 2023-01-15 v3.1.10 (3.1.10)
)
(/Users/christiankrenn/Library/Application Support/MiKTeX/texmfs/install/tex/ge
neric/pgf/basiclayer/pgfcorepatterns.code.tex
File: pgfcorepatterns.code.tex 2023-01-15 v3.1.10 (3.1.10)
)
(/Users/christiankrenn/Library/Application Support/MiKTeX/texmfs/install/tex/ge
neric/pgf/basiclayer/pgfcorerdf.code.tex
File: pgfcorerdf.code.tex 2023-01-15 v3.1.10 (3.1.10)
)))
(/Users/christiankrenn/Library/Application Support/MiKTeX/texmfs/install/tex/ge
neric/pgf/modules/pgfmoduleshapes.code.tex
File: pgfmoduleshapes.code.tex 2023-01-15 v3.1.10 (3.1.10)
\pgfnodeparttextbox=\box61
)
(/Users/christiankrenn/Library/Application Support/MiKTeX/texmfs/install/tex/ge
neric/pgf/modules/pgfmoduleplot.code.tex
File: pgfmoduleplot.code.tex 2023-01-15 v3.1.10 (3.1.10)
)
(/Users/christiankrenn/Library/Application Support/MiKTeX/texmfs/install/tex/la
tex/pgf/compatibility/pgfcomp-version-0-65.sty
Package: pgfcomp-version-0-65 2023-01-15 v3.1.10 (3.1.10)
\pgf@nodesepstart=\dimen183
\pgf@nodesepend=\dimen184
)
(/Users/christiankrenn/Library/Application Support/MiKTeX/texmfs/install/tex/la
tex/pgf/compatibility/pgfcomp-version-1-18.sty
Package: pgfcomp-version-1-18 2023-01-15 v3.1.10 (3.1.10)
))
(/Users/christiankrenn/Library/Application Support/MiKTeX/texmfs/install/tex/la
tex/pgf/utilities/pgffor.sty
(/Users/christiankrenn/Library/Application Support/MiKTeX/texmfs/install/tex/la
tex/pgf/utilities/pgfkeys.sty
(/Users/christiankrenn/Library/Application Support/MiKTeX/texmfs/install/tex/ge
neric/pgf/utilities/pgfkeys.code.tex))
(/Users/christiankrenn/Library/Application Support/MiKTeX/texmfs/install/tex/la
tex/pgf/math/pgfmath.sty
(/Users/christiankrenn/Library/Application Support/MiKTeX/texmfs/install/tex/ge
neric/pgf/math/pgfmath.code.tex))
(/Users/christiankrenn/Library/Application Support/MiKTeX/texmfs/install/tex/ge
neric/pgf/utilities/pgffor.code.tex
Package: pgffor 2023-01-15 v3.1.10 (3.1.10)
\pgffor@iter=\dimen185
\pgffor@skip=\dimen186
\pgffor@stack=\toks31
\pgffor@toks=\toks32
))
(/Users/christiankrenn/Library/Application Support/MiKTeX/texmfs/install/tex/ge
neric/pgf/frontendlayer/tikz/tikz.code.tex
Package: tikz 2023-01-15 v3.1.10 (3.1.10)

(/Users/christiankrenn/Library/Application Support/MiKTeX/texmfs/install/tex/ge
neric/pgf/libraries/pgflibraryplothandlers.code.tex
File: pgflibraryplothandlers.code.tex 2023-01-15 v3.1.10 (3.1.10)
\pgf@plot@mark@count=\count295
\pgfplotmarksize=\dimen187
)
\tikz@lastx=\dimen188
\tikz@lasty=\dimen189
\tikz@lastxsaved=\dimen190
\tikz@lastysaved=\dimen191
\tikz@lastmovetox=\dimen192
\tikz@lastmovetoy=\dimen193
\tikzleveldistance=\dimen194
\tikzsiblingdistance=\dimen195
\tikz@figbox=\box62
\tikz@figbox@bg=\box63
\tikz@tempbox=\box64
\tikz@tempbox@bg=\box65
\tikztreelevel=\count296
\tikznumberofchildren=\count297
\tikznumberofcurrentchild=\count298
\tikz@fig@count=\count299

(/Users/christiankrenn/Library/Application Support/MiKTeX/texmfs/install/tex/ge
neric/pgf/modules/pgfmodulematrix.code.tex
File: pgfmodulematrix.code.tex 2023-01-15 v3.1.10 (3.1.10)
\pgfmatrixcurrentrow=\count300
\pgfmatrixcurrentcolumn=\count301
\pgf@matrix@numberofcolumns=\count302
)
\tikz@expandcount=\count303

(/Users/christiankrenn/Library/Application Support/MiKTeX/texmfs/install/tex/ge
neric/pgf/frontendlayer/tikz/libraries/tikzlibrarytopaths.code.tex
File: tikzlibrarytopaths.code.tex 2023-01-15 v3.1.10 (3.1.10)
)))
(/Users/christiankrenn/Library/Application Support/MiKTeX/texmfs/install/tex/la
tex/pgfplots/pgfplots.sty
(/Users/christiankrenn/Library/Application Support/MiKTeX/texmfs/install/tex/ge
neric/pgfplots/pgfplots.revision.tex)
Package: pgfplots 2021/05/15 v1.18.1 Data Visualization (1.18.1)

(/Users/christiankrenn/Library/Application Support/MiKTeX/texmfs/install/tex/ge
neric/pgfplots/pgfplots.code.tex
(/Users/christiankrenn/Library/Application Support/MiKTeX/texmfs/install/tex/ge
neric/pgfplots/pgfplotscore.code.tex
\t@pgfplots@toka=\toks33
\t@pgfplots@tokb=\toks34
\t@pgfplots@tokc=\toks35
\pgfplots@tmpa=\dimen196
\c@pgfplots@coordindex=\count304
\c@pgfplots@scanlineindex=\count305

(/Users/christiankrenn/Library/Application Support/MiKTeX/texmfs/install/tex/ge
neric/pgfplots/sys/pgfplotssysgeneric.code.tex))
(/Users/christiankrenn/Library/Application Support/MiKTeX/texmfs/install/tex/ge
neric/pgfplots/libs/pgfplotslibrary.code.tex)
(/Users/christiankrenn/Library/Application Support/MiKTeX/texmfs/install/tex/ge
neric/pgfplots/oldpgfcompatib/pgfplotsoldpgfsupp_loader.code.tex
(/Users/christiankrenn/Library/Application Support/MiKTeX/texmfs/install/tex/ge
neric/pgf/libraries/pgflibraryfpu.code.tex)
Package pgfplots: loading complementary utilities for your pgf version...
\t@pgf@toka=\toks36
\t@pgf@tokb=\toks37
\t@pgf@tokc=\toks38

(/Users/christiankrenn/Library/Application Support/MiKTeX/texmfs/install/tex/ge
neric/pgfplots/oldpgfcompatib/pgfplotsoldpgfsupp_pgfutil-common-lists.tex))
(/Users/christiankrenn/Library/Application Support/MiKTeX/texmfs/install/tex/ge
neric/pgfplots/util/pgfplotsutil.code.tex
(/Users/christiankrenn/Library/Application Support/MiKTeX/texmfs/install/tex/ge
neric/pgfplots/liststructure/pgfplotsliststructure.code.tex)
(/Users/christiankrenn/Library/Application Support/MiKTeX/texmfs/install/tex/ge
neric/pgfplots/liststructure/pgfplotsliststructureext.code.tex)
(/Users/christiankrenn/Library/Application Support/MiKTeX/texmfs/install/tex/ge
neric/pgfplots/liststructure/pgfplotsarray.code.tex
\c@pgfplotsarray@tmp=\count306
)
(/Users/christiankrenn/Library/Application Support/MiKTeX/texmfs/install/tex/ge
neric/pgfplots/liststructure/pgfplotsmatrix.code.tex)
(/Users/christiankrenn/Library/Application Support/MiKTeX/texmfs/install/tex/ge
neric/pgfplots/numtable/pgfplotstableshared.code.tex
\c@pgfplotstable@counta=\count307
\t@pgfplotstable@a=\toks39
)
(/Users/christiankrenn/Library/Application Support/MiKTeX/texmfs/install/tex/ge
neric/pgfplots/liststructure/pgfplotsdeque.code.tex)
(/Users/christiankrenn/Library/Application Support/MiKTeX/texmfs/install/tex/ge
neric/pgfplots/util/pgfplotsbinary.code.tex
(/Users/christiankrenn/Library/Application Support/MiKTeX/texmfs/install/tex/ge
neric/pgfplots/util/pgfplotsbinary.data.code.tex))
(/Users/christiankrenn/Library/Application Support/MiKTeX/texmfs/install/tex/ge
neric/pgfplots/util/pgfplotsutil.verb.code.tex)
(/Users/christiankrenn/Library/Application Support/MiKTeX/texmfs/install/tex/ge
neric/pgfplots/libs/pgflibrarypgfplots.surfshading.code.tex
\c@pgfplotslibrarysurf@no=\count308

(/Users/christiankrenn/Library/Application Support/MiKTeX/texmfs/install/tex/ge
neric/pgfplots/sys/pgflibrarypgfplots.surfshading.pgfsys-pdftex.def)))
(/Users/christiankrenn/Library/Application Support/MiKTeX/texmfs/install/tex/ge
neric/pgfplots/util/pgfplotscolormap.code.tex
(/Users/christiankrenn/Library/Application Support/MiKTeX/texmfs/install/tex/ge
neric/pgfplots/util/pgfplotscolor.code.tex))
(/Users/christiankrenn/Library/Application Support/MiKTeX/texmfs/install/tex/ge
neric/pgfplots/pgfplotsstackedplots.code.tex)
(/Users/christiankrenn/Library/Application Support/MiKTeX/texmfs/install/tex/ge
neric/pgfplots/pgfplotsplothandlers.code.tex
(/Users/christiankrenn/Library/Application Support/MiKTeX/texmfs/install/tex/ge
neric/pgfplots/pgfplotsmeshplothandler.code.tex
(/Users/christiankrenn/Library/Application Support/MiKTeX/texmfs/install/tex/ge
neric/pgfplots/pgfplotsmeshplotimage.code.tex)))
(/Users/christiankrenn/Library/Application Support/MiKTeX/texmfs/install/tex/ge
neric/pgfplots/pgfplots.scaling.code.tex)
(/Users/christiankrenn/Library/Application Support/MiKTeX/texmfs/install/tex/ge
neric/pgfplots/pgfplotscoordprocessing.code.tex)
(/Users/christiankrenn/Library/Application Support/MiKTeX/texmfs/install/tex/ge
neric/pgfplots/pgfplots.errorbars.code.tex)
(/Users/christiankrenn/Library/Application Support/MiKTeX/texmfs/install/tex/ge
neric/pgfplots/pgfplots.markers.code.tex)
(/Users/christiankrenn/Library/Application Support/MiKTeX/texmfs/install/tex/ge
neric/pgfplots/pgfplotsticks.code.tex)
(/Users/christiankrenn/Library/Application Support/MiKTeX/texmfs/install/tex/ge
neric/pgfplots/pgfplots.paths.code.tex)
(/Users/christiankrenn/Library/Application Support/MiKTeX/texmfs/install/tex/ge
neric/pgf/frontendlayer/tikz/libraries/tikzlibrarydecorations.code.tex
(/Users/christiankrenn/Library/Application Support/MiKTeX/texmfs/install/tex/ge
neric/pgf/modules/pgfmoduledecorations.code.tex
\pgfdecoratedcompleteddistance=\dimen197
\pgfdecoratedremainingdistance=\dimen198
\pgfdecoratedinputsegmentcompleteddistance=\dimen199
\pgfdecoratedinputsegmentremainingdistance=\dimen256
\pgf@decorate@distancetomove=\dimen257
\pgf@decorate@repeatstate=\count309
\pgfdecorationsegmentamplitude=\dimen258
\pgfdecorationsegmentlength=\dimen259
)
\tikz@lib@dec@box=\box66
)
(/Users/christiankrenn/Library/Application Support/MiKTeX/texmfs/install/tex/ge
neric/pgf/frontendlayer/tikz/libraries/tikzlibrarydecorations.pathmorphing.code
.tex
(/Users/christiankrenn/Library/Application Support/MiKTeX/texmfs/install/tex/ge
neric/pgf/libraries/decorations/pgflibrarydecorations.pathmorphing.code.tex))
(/Users/christiankrenn/Library/Application Support/MiKTeX/texmfs/install/tex/ge
neric/pgf/frontendlayer/tikz/libraries/tikzlibrarydecorations.pathreplacing.cod
e.tex
(/Users/christiankrenn/Library/Application Support/MiKTeX/texmfs/install/tex/ge
neric/pgf/libraries/decorations/pgflibrarydecorations.pathreplacing.code.tex))
(/Users/christiankrenn/Library/Application Support/MiKTeX/texmfs/install/tex/ge
neric/pgfplots/libs/tikzlibrarypgfplots.contourlua.code.tex)
\pgfplots@numplots=\count310
\pgfplots@xmin@reg=\dimen260
\pgfplots@xmax@reg=\dimen261
\pgfplots@ymin@reg=\dimen262
\pgfplots@ymax@reg=\dimen263
\pgfplots@zmin@reg=\dimen264
\pgfplots@zmax@reg=\dimen265
)
(/Users/christiankrenn/Library/Application Support/MiKTeX/texmfs/install/tex/ge
neric/pgf/frontendlayer/tikz/libraries/tikzlibraryplotmarks.code.tex
File: tikzlibraryplotmarks.code.tex 2023-01-15 v3.1.10 (3.1.10)

(/Users/christiankrenn/Library/Application Support/MiKTeX/texmfs/install/tex/ge
neric/pgf/libraries/pgflibraryplotmarks.code.tex
File: pgflibraryplotmarks.code.tex 2023-01-15 v3.1.10 (3.1.10)
)))
(/Users/christiankrenn/Library/Application Support/MiKTeX/texmfs/install/tex/la
tex/biblatex/biblatex.sty
Package: biblatex 2024/03/21 v3.20 programmable bibliographies (PK/MW)

(/Users/christiankrenn/Library/Application Support/MiKTeX/texmfs/install/tex/ge
neric/pdftexcmds/pdftexcmds.sty
Package: pdftexcmds 2020-06-27 v0.33 Utility functions of pdfTeX for LuaTeX (HO
)

(/Users/christiankrenn/Library/Application Support/MiKTeX/texmfs/install/tex/ge
neric/infwarerr/infwarerr.sty
Package: infwarerr 2019/12/03 v1.5 Providing info/warning/error messages (HO)
)
(/Users/christiankrenn/Library/Application Support/MiKTeX/texmfs/install/tex/ge
neric/ltxcmds/ltxcmds.sty
Package: ltxcmds 2023-12-04 v1.26 LaTeX kernel commands for general use (HO)
)
Package pdftexcmds Info: \pdf@primitive is available.
Package pdftexcmds Info: \pdf@ifprimitive is available.
Package pdftexcmds Info: \pdfdraftmode found.
)
(/Users/christiankrenn/Library/Application Support/MiKTeX/texmfs/install/tex/la
tex/kvoptions/kvoptions.sty
Package: kvoptions 2022-06-15 v3.15 Key value format for package options (HO)

(/Users/christiankrenn/Library/Application Support/MiKTeX/texmfs/install/tex/la
tex/kvsetkeys/kvsetkeys.sty
Package: kvsetkeys 2022-10-05 v1.19 Key value parser (HO)
))
(/Users/christiankrenn/Library/Application Support/MiKTeX/texmfs/install/tex/la
tex/logreq/logreq.sty
Package: logreq 2010/08/04 v1.0 xml request logger
\lrq@indent=\count311

(/Users/christiankrenn/Library/Application Support/MiKTeX/texmfs/install/tex/la
tex/logreq/logreq.def
File: logreq.def 2010/08/04 v1.0 logreq spec v1.0
))
(/Users/christiankrenn/Library/Application Support/MiKTeX/texmfs/install/tex/la
tex/base/ifthen.sty
Package: ifthen 2024/03/16 v1.1e Standard LaTeX ifthen package (DPC)
)
(/Users/christiankrenn/Library/Application Support/MiKTeX/texmfs/install/tex/la
tex/url/url.sty
\Urlmuskip=\muskip17
Package: url 2013/09/16  ver 3.4  Verb mode for urls, etc.
)
\c@tabx@nest=\count312
\c@listtotal=\count313
\c@listcount=\count314
\c@liststart=\count315
\c@liststop=\count316
\c@citecount=\count317
\c@citetotal=\count318
\c@multicitecount=\count319
\c@multicitetotal=\count320
\c@instcount=\count321
\c@maxnames=\count322
\c@minnames=\count323
\c@maxitems=\count324
\c@minitems=\count325
\c@citecounter=\count326
\c@maxcitecounter=\count327
\c@savedcitecounter=\count328
\c@uniquelist=\count329
\c@uniquename=\count330
\c@refsection=\count331
\c@refsegment=\count332
\c@maxextratitle=\count333
\c@maxextratitleyear=\count334
\c@maxextraname=\count335
\c@maxextradate=\count336
\c@maxextraalpha=\count337
\c@abbrvpenalty=\count338
\c@highnamepenalty=\count339
\c@lownamepenalty=\count340
\c@maxparens=\count341
\c@parenlevel=\count342
\blx@tempcnta=\count343
\blx@tempcntb=\count344
\blx@tempcntc=\count345
\c@blx@maxsection=\count346
\blx@maxsegment@0=\count347
\blx@notetype=\count348
\blx@parenlevel@text=\count349
\blx@parenlevel@foot=\count350
\blx@sectionciteorder@0=\count351
\blx@sectionciteorderinternal@0=\count352
\blx@entrysetcounter=\count353
\blx@biblioinstance=\count354
\labelnumberwidth=\skip67
\labelalphawidth=\skip68
\biblabelsep=\skip69
\bibitemsep=\skip70
\bibnamesep=\skip71
\bibinitsep=\skip72
\bibparsep=\skip73
\bibhang=\skip74
\blx@bcfin=\read4
\blx@bcfout=\write4
\blx@langwohyphens=\language80
\c@mincomprange=\count355
\c@maxcomprange=\count356
\c@mincompwidth=\count357
Package biblatex Info: Trying to load biblatex default data model...
Package biblatex Info: ... file 'blx-dm.def' found.

(/Users/christiankrenn/Library/Application Support/MiKTeX/texmfs/install/tex/la
tex/biblatex/blx-dm.def
File: blx-dm.def 2024/03/21 v3.20 biblatex datamodel (PK/MW)
)
Package biblatex Info: Trying to load biblatex custom data model...
Package biblatex Info: ... file 'biblatex-dm.cfg' not found.
\c@afterword=\count358
\c@savedafterword=\count359
\c@annotator=\count360
\c@savedannotator=\count361
\c@author=\count362
\c@savedauthor=\count363
\c@bookauthor=\count364
\c@savedbookauthor=\count365
\c@commentator=\count366
\c@savedcommentator=\count367
\c@editor=\count368
\c@savededitor=\count369
\c@editora=\count370
\c@savededitora=\count371
\c@editorb=\count372
\c@savededitorb=\count373
\c@editorc=\count374
\c@savededitorc=\count375
\c@foreword=\count376
\c@savedforeword=\count377
\c@holder=\count378
\c@savedholder=\count379
\c@introduction=\count380
\c@savedintroduction=\count381
\c@namea=\count382
\c@savednamea=\count383
\c@nameb=\count384
\c@savednameb=\count385
\c@namec=\count386
\c@savednamec=\count387
\c@translator=\count388
\c@savedtranslator=\count389
\c@shortauthor=\count390
\c@savedshortauthor=\count391
\c@shorteditor=\count392
\c@savedshorteditor=\count393
\c@labelname=\count394
\c@savedlabelname=\count395
\c@institution=\count396
\c@savedinstitution=\count397
\c@lista=\count398
\c@savedlista=\count399
\c@listb=\count400
\c@savedlistb=\count401
\c@listc=\count402
\c@savedlistc=\count403
\c@listd=\count404
\c@savedlistd=\count405
\c@liste=\count406
\c@savedliste=\count407
\c@listf=\count408
\c@savedlistf=\count409
\c@location=\count410
\c@savedlocation=\count411
\c@organization=\count412
\c@savedorganization=\count413
\c@origlocation=\count414
\c@savedoriglocation=\count415
\c@origpublisher=\count416
\c@savedorigpublisher=\count417
\c@publisher=\count418
\c@savedpublisher=\count419
\c@language=\count420
\c@savedlanguage=\count421
\c@origlanguage=\count422
\c@savedoriglanguage=\count423
\c@pageref=\count424
\c@savedpageref=\count425
\shorthandwidth=\skip75
\shortjournalwidth=\skip76
\shortserieswidth=\skip77
\shorttitlewidth=\skip78
\shortauthorwidth=\skip79
\shorteditorwidth=\skip80
\locallabelnumberwidth=\skip81
\locallabelalphawidth=\skip82
\localshorthandwidth=\skip83
\localshortjournalwidth=\skip84
\localshortserieswidth=\skip85
\localshorttitlewidth=\skip86
\localshortauthorwidth=\skip87
\localshorteditorwidth=\skip88
Package biblatex Info: Trying to load compatibility code...
Package biblatex Info: ... file 'blx-compat.def' found.

(/Users/christiankrenn/Library/Application Support/MiKTeX/texmfs/install/tex/la
tex/biblatex/blx-compat.def
File: blx-compat.def 2024/03/21 v3.20 biblatex compatibility (PK/MW)
)
Package biblatex Info: Trying to load generic definitions...
Package biblatex Info: ... file 'biblatex.def' found.

(/Users/christiankrenn/Library/Application Support/MiKTeX/texmfs/install/tex/la
tex/biblatex/biblatex.def
File: biblatex.def 2024/03/21 v3.20 biblatex compatibility (PK/MW)
\c@textcitecount=\count426
\c@textcitetotal=\count427
\c@textcitemaxnames=\count428
\c@biburlbigbreakpenalty=\count429
\c@biburlbreakpenalty=\count430
\c@biburlnumpenalty=\count431
\c@biburlucpenalty=\count432
\c@biburllcpenalty=\count433
\biburlbigskip=\muskip18
\biburlnumskip=\muskip19
\biburlucskip=\muskip20
\biburllcskip=\muskip21
\c@smartand=\count434
)
Package biblatex Info: Trying to load bibliography style 'numeric'...
Package biblatex Info: ... file 'numeric.bbx' found.

(/Users/christiankrenn/Library/Application Support/MiKTeX/texmfs/install/tex/la
tex/biblatex/bbx/numeric.bbx
File: numeric.bbx 2024/03/21 v3.20 biblatex bibliography style (PK/MW)
Package biblatex Info: Trying to load bibliography style 'standard'...
Package biblatex Info: ... file 'standard.bbx' found.

(/Users/christiankrenn/Library/Application Support/MiKTeX/texmfs/install/tex/la
tex/biblatex/bbx/standard.bbx
File: standard.bbx 2024/03/21 v3.20 biblatex bibliography style (PK/MW)
\c@bbx:relatedcount=\count435
\c@bbx:relatedtotal=\count436
))
Package biblatex Info: Trying to load citation style 'numeric'...
Package biblatex Info: ... file 'numeric.cbx' found.

(/Users/christiankrenn/Library/Application Support/MiKTeX/texmfs/install/tex/la
tex/biblatex/cbx/numeric.cbx
File: numeric.cbx 2024/03/21 v3.20 biblatex citation style (PK/MW)
Package biblatex Info: Redefining '\cite'.
Package biblatex Info: Redefining '\parencite'.
Package biblatex Info: Redefining '\footcite'.
Package biblatex Info: Redefining '\footcitetext'.
Package biblatex Info: Redefining '\smartcite'.
Package biblatex Info: Redefining '\supercite'.
Package biblatex Info: Redefining '\textcite'.
Package biblatex Info: Redefining '\textcites'.
Package biblatex Info: Redefining '\cites'.
Package biblatex Info: Redefining '\parencites'.
Package biblatex Info: Redefining '\smartcites'.
)
Package biblatex Info: Trying to load configuration file...
Package biblatex Info: ... file 'biblatex.cfg' found.

(/Users/christiankrenn/Library/Application Support/MiKTeX/texmfs/install/tex/la
tex/biblatex/biblatex.cfg
File: biblatex.cfg 
)
Package biblatex Info: Input encoding 'utf8' detected.
Package biblatex Info: Document encoding is UTF8 ....

(/Users/christiankrenn/Library/Application Support/MiKTeX/texmfs/install/tex/la
tex/l3kernel/expl3.sty
Package: expl3 2024-11-02 L3 programming layer (loader) 

(/Users/christiankrenn/Library/Application Support/MiKTeX/texmfs/install/tex/la
tex/l3backend/l3backend-pdftex.def
File: l3backend-pdftex.def 2024-05-08 L3 backend support: PDF output (pdfTeX)
\l__color_backend_stack_int=\count437
\l__pdf_internal_box=\box67
))
Package biblatex Info: ... and expl3
(biblatex)             2024-11-02 L3 programming layer (loader) 
(biblatex)             is new enough (at least 2020/04/06),
(biblatex)             setting 'casechanger=expl3'.

(/Users/christiankrenn/Library/Application Support/MiKTeX/texmfs/install/tex/la
tex/biblatex/blx-case-expl3.sty
(/Users/christiankrenn/Library/Application Support/MiKTeX/texmfs/install/tex/la
tex/l3packages/xparse/xparse.sty
Package: xparse 2024-08-16 L3 Experimental document command parser
)
Package: blx-case-expl3 2024/03/21 v3.20 expl3 case changing code for biblatex
))
(/Users/christiankrenn/Library/Application Support/MiKTeX/texmfs/install/tex/la
tex/amsmath/amsmath.sty
Package: amsmath 2024/11/05 v2.17t AMS math features
\@mathmargin=\skip89

For additional information on amsmath, use the `?' option.

(/Users/christiankrenn/Library/Application Support/MiKTeX/texmfs/install/tex/la
tex/amsmath/amstext.sty
Package: amstext 2021/08/26 v2.01 AMS text

(/Users/christiankrenn/Library/Application Support/MiKTeX/texmfs/install/tex/la
tex/amsmath/amsgen.sty
File: amsgen.sty 1999/11/30 v2.0 generic functions
\@emptytoks=\toks40
\ex@=\dimen266
))
(/Users/christiankrenn/Library/Application Support/MiKTeX/texmfs/install/tex/la
tex/amsmath/amsbsy.sty
Package: amsbsy 1999/11/29 v1.2d Bold Symbols
\pmbraise@=\dimen267
)
(/Users/christiankrenn/Library/Application Support/MiKTeX/texmfs/install/tex/la
tex/amsmath/amsopn.sty
Package: amsopn 2022/04/08 v2.04 operator names
)
\inf@bad=\count438
LaTeX Info: Redefining \frac on input line 233.
\uproot@=\count439
\leftroot@=\count440
LaTeX Info: Redefining \overline on input line 398.
LaTeX Info: Redefining \colon on input line 409.
\classnum@=\count441
\DOTSCASE@=\count442
LaTeX Info: Redefining \ldots on input line 495.
LaTeX Info: Redefining \dots on input line 498.
LaTeX Info: Redefining \cdots on input line 619.
\Mathstrutbox@=\box68
\strutbox@=\box69
LaTeX Info: Redefining \big on input line 721.
LaTeX Info: Redefining \Big on input line 722.
LaTeX Info: Redefining \bigg on input line 723.
LaTeX Info: Redefining \Bigg on input line 724.
\big@size=\dimen268
LaTeX Font Info:    Redeclaring font encoding OML on input line 742.
LaTeX Font Info:    Redeclaring font encoding OMS on input line 743.
\macc@depth=\count443
LaTeX Info: Redefining \bmod on input line 904.
LaTeX Info: Redefining \pmod on input line 909.
LaTeX Info: Redefining \smash on input line 939.
LaTeX Info: Redefining \relbar on input line 969.
LaTeX Info: Redefining \Relbar on input line 970.
\c@MaxMatrixCols=\count444
\dotsspace@=\muskip22
\c@parentequation=\count445
\dspbrk@lvl=\count446
\tag@help=\toks41
\row@=\count447
\column@=\count448
\maxfields@=\count449
\andhelp@=\toks42
\eqnshift@=\dimen269
\alignsep@=\dimen270
\tagshift@=\dimen271
\tagwidth@=\dimen272
\totwidth@=\dimen273
\lineht@=\dimen274
\@envbody=\toks43
\multlinegap=\skip90
\multlinetaggap=\skip91
\mathdisplay@stack=\toks44
LaTeX Info: Redefining \[ on input line 2953.
LaTeX Info: Redefining \] on input line 2954.
)
(/Users/christiankrenn/Library/Application Support/MiKTeX/texmfs/install/tex/la
tex/amsfonts/amssymb.sty
Package: amssymb 2013/01/14 v3.01 AMS font symbols

(/Users/christiankrenn/Library/Application Support/MiKTeX/texmfs/install/tex/la
tex/amsfonts/amsfonts.sty
Package: amsfonts 2013/01/14 v3.01 Basic AMSFonts support
\symAMSa=\mathgroup4
\symAMSb=\mathgroup5
LaTeX Font Info:    Redeclaring math symbol \hbar on input line 98.
LaTeX Font Info:    Overwriting math alphabet `\mathfrak' in version `bold'
(Font)                  U/euf/m/n --> U/euf/b/n on input line 106.
))
(/Users/christiankrenn/Library/Application Support/MiKTeX/texmfs/install/tex/la
tex/hyperref/hyperref.sty
Package: hyperref 2024-11-05 v7.01l Hypertext links for LaTeX

(/Users/christiankrenn/Library/Application Support/MiKTeX/texmfs/install/tex/ge
neric/kvdefinekeys/kvdefinekeys.sty
Package: kvdefinekeys 2019-12-19 v1.6 Define keys (HO)
)
(/Users/christiankrenn/Library/Application Support/MiKTeX/texmfs/install/tex/ge
neric/pdfescape/pdfescape.sty
Package: pdfescape 2019/12/09 v1.15 Implements pdfTeX's escape features (HO)
)
(/Users/christiankrenn/Library/Application Support/MiKTeX/texmfs/install/tex/la
tex/hycolor/hycolor.sty
Package: hycolor 2020-01-27 v1.10 Color options for hyperref/bookmark (HO)
)
(/Users/christiankrenn/Library/Application Support/MiKTeX/texmfs/install/tex/la
tex/hyperref/nameref.sty
Package: nameref 2023-11-26 v2.56 Cross-referencing by name of section

(/Users/christiankrenn/Library/Application Support/MiKTeX/texmfs/install/tex/la
tex/refcount/refcount.sty
Package: refcount 2019/12/15 v3.6 Data extraction from label references (HO)
)
(/Users/christiankrenn/Library/Application Support/MiKTeX/texmfs/install/tex/ge
neric/gettitlestring/gettitlestring.sty
Package: gettitlestring 2019/12/15 v1.6 Cleanup title references (HO)
)
\c@section@level=\count450
)
(/Users/christiankrenn/Library/Application Support/MiKTeX/texmfs/install/tex/ge
neric/stringenc/stringenc.sty
Package: stringenc 2019/11/29 v1.12 Convert strings between diff. encodings (HO
)
)
\@linkdim=\dimen275
\Hy@linkcounter=\count451
\Hy@pagecounter=\count452

(/Users/christiankrenn/Library/Application Support/MiKTeX/texmfs/install/tex/la
tex/hyperref/pd1enc.def
File: pd1enc.def 2024-11-05 v7.01l Hyperref: PDFDocEncoding definition (HO)
Now handling font encoding PD1 ...
... no UTF-8 mapping file for font encoding PD1
)
(/Users/christiankrenn/Library/Application Support/MiKTeX/texmfs/install/tex/ge
neric/intcalc/intcalc.sty
Package: intcalc 2019/12/15 v1.3 Expandable calculations with integers (HO)
)
\Hy@SavedSpaceFactor=\count453

(/Users/christiankrenn/Library/Application Support/MiKTeX/texmfs/install/tex/la
tex/hyperref/puenc.def
File: puenc.def 2024-11-05 v7.01l Hyperref: PDF Unicode definition (HO)
Now handling font encoding PU ...
... no UTF-8 mapping file for font encoding PU
)
Package hyperref Info: Hyper figures OFF on input line 4157.
Package hyperref Info: Link nesting OFF on input line 4162.
Package hyperref Info: Hyper index ON on input line 4165.
Package hyperref Info: Plain pages OFF on input line 4172.
Package hyperref Info: Backreferencing OFF on input line 4177.
Package hyperref Info: Implicit mode ON; LaTeX internals redefined.
Package hyperref Info: Bookmarks ON on input line 4424.
\c@Hy@tempcnt=\count454
LaTeX Info: Redefining \url on input line 4763.
\XeTeXLinkMargin=\dimen276

(/Users/christiankrenn/Library/Application Support/MiKTeX/texmfs/install/tex/ge
neric/bitset/bitset.sty
Package: bitset 2019/12/09 v1.3 Handle bit-vector datatype (HO)

(/Users/christiankrenn/Library/Application Support/MiKTeX/texmfs/install/tex/ge
neric/bigintcalc/bigintcalc.sty
Package: bigintcalc 2019/12/15 v1.5 Expandable calculations on big integers (HO
)
))
\Fld@menulength=\count455
\Field@Width=\dimen277
\Fld@charsize=\dimen278
Package hyperref Info: Hyper figures OFF on input line 6042.
Package hyperref Info: Link nesting OFF on input line 6047.
Package hyperref Info: Hyper index ON on input line 6050.
Package hyperref Info: backreferencing OFF on input line 6057.
Package hyperref Info: Link coloring OFF on input line 6062.
Package hyperref Info: Link coloring with OCG OFF on input line 6067.
Package hyperref Info: PDF/A mode OFF on input line 6072.

(/Users/christiankrenn/Library/Application Support/MiKTeX/texmfs/install/tex/la
tex/base/atbegshi-ltx.sty
Package: atbegshi-ltx 2021/01/10 v1.0c Emulation of the original atbegshi
package with kernel methods
)
\Hy@abspage=\count456
\c@Item=\count457
\c@Hfootnote=\count458
)
Package hyperref Info: Driver (autodetected): hpdftex.

(/Users/christiankrenn/Library/Application Support/MiKTeX/texmfs/install/tex/la
tex/hyperref/hpdftex.def
File: hpdftex.def 2024-11-05 v7.01l Hyperref driver for pdfTeX

(/Users/christiankrenn/Library/Application Support/MiKTeX/texmfs/install/tex/la
tex/base/atveryend-ltx.sty
Package: atveryend-ltx 2020/08/19 v1.0a Emulation of the original atveryend pac
kage
with kernel methods
)
\Fld@listcount=\count459
\c@bookmark@seq@number=\count460

(/Users/christiankrenn/Library/Application Support/MiKTeX/texmfs/install/tex/la
tex/rerunfilecheck/rerunfilecheck.sty
Package: rerunfilecheck 2022-07-10 v1.10 Rerun checks for auxiliary files (HO)

(/Users/christiankrenn/Library/Application Support/MiKTeX/texmfs/install/tex/ge
neric/uniquecounter/uniquecounter.sty
Package: uniquecounter 2019/12/15 v1.4 Provide unlimited unique counter (HO)
)
Package uniquecounter Info: New unique counter `rerunfilecheck' on input line 2
85.
)
\Hy@SectionHShift=\skip92
)
(/Users/christiankrenn/Library/Application Support/MiKTeX/texmfs/install/tex/la
tex/scrhack/scrhack.sty
Package: scrhack 2024-09-04 v3.42 scrhack emulation package
)
(/Users/christiankrenn/Library/Application Support/MiKTeX/texmfs/install/tex/la
tex/listings/listings.sty
\lst@mode=\count461
\lst@gtempboxa=\box70
\lst@token=\toks45
\lst@length=\count462
\lst@currlwidth=\dimen279
\lst@column=\count463
\lst@pos=\count464
\lst@lostspace=\dimen280
\lst@width=\dimen281
\lst@newlines=\count465
\lst@lineno=\count466
\lst@maxwidth=\dimen282

(/Users/christiankrenn/Library/Application Support/MiKTeX/texmfs/install/tex/la
tex/listings/lstpatch.sty
File: lstpatch.sty 2024/09/23 1.10c (Carsten Heinz)
)
(/Users/christiankrenn/Library/Application Support/MiKTeX/texmfs/install/tex/la
tex/listings/lstmisc.sty
File: lstmisc.sty 2024/09/23 1.10c (Carsten Heinz)
\c@lstnumber=\count467
\lst@skipnumbers=\count468
\lst@framebox=\box71
)
(/Users/christiankrenn/Library/Application Support/MiKTeX/texmfs/install/tex/la
tex/listings/listings.cfg
File: listings.cfg 2024/09/23 1.10c listings configuration
))
Package: listings 2024/09/23 1.10c (Carsten Heinz)

(/Users/christiankrenn/Library/Application Support/MiKTeX/texmfs/install/tex/la
tex/cleveref/cleveref.sty
Package: cleveref 2018/03/27 v0.21.4 Intelligent cross-referencing
Package cleveref Info: `hyperref' support loaded on input line 2370.
LaTeX Info: Redefining \cref on input line 2370.
LaTeX Info: Redefining \Cref on input line 2370.
LaTeX Info: Redefining \crefrange on input line 2370.
LaTeX Info: Redefining \Crefrange on input line 2370.
LaTeX Info: Redefining \cpageref on input line 2370.
LaTeX Info: Redefining \Cpageref on input line 2370.
LaTeX Info: Redefining \cpagerefrange on input line 2370.
LaTeX Info: Redefining \Cpagerefrange on input line 2370.
LaTeX Info: Redefining \labelcref on input line 2370.
LaTeX Info: Redefining \labelcpageref on input line 2370.
Package cleveref Info: `listings' support loaded on input line 3131.
Package cleveref Info: include cross-reference names in hyperlinks on input lin
e 7836.
Package cleveref Info: include cross-reference names in hyperlinks on input lin
e 7852.
)
(/Users/christiankrenn/Library/Application Support/MiKTeX/texmfs/install/tex/la
tex/hypcap/hypcap.sty
Package: hypcap 2024-07-26 v1.13 Adjusting the anchors of captions (HO)

(/Users/christiankrenn/Library/Application Support/MiKTeX/texmfs/install/tex/la
tex/letltxmacro/letltxmacro.sty
Package: letltxmacro 2019/12/03 v1.6 Let assignment for LaTeX macros (HO)
)))
(/Users/christiankrenn/Library/Application Support/MiKTeX/texmfs/install/tex/la
tex/glossaries/base/glossaries.sty
Package: glossaries 2025/05/14 v4.7 (NLCT)

(/Users/christiankrenn/Library/Application Support/MiKTeX/texmfs/install/tex/la
tex/xkeyval/xkeyval.sty
Package: xkeyval 2022/06/16 v2.9 package option processing (HA)

(/Users/christiankrenn/Library/Application Support/MiKTeX/texmfs/install/tex/ge
neric/xkeyval/xkeyval.tex
(/Users/christiankrenn/Library/Application Support/MiKTeX/texmfs/install/tex/ge
neric/xkeyval/xkvutils.tex
\XKV@toks=\toks46
\XKV@tempa@toks=\toks47
)
\XKV@depth=\count469
File: xkeyval.tex 2014/12/03 v2.7a key=value parser (HA)
))
(/Users/christiankrenn/Library/Application Support/MiKTeX/texmfs/install/tex/la
tex/mfirstuc/mfirstuc.sty
Package: mfirstuc 2025/04/03 v2.09 (NLCT)
\@glsmfirst=\toks48
\@glsmrest=\toks49
)
(/Users/christiankrenn/Library/Application Support/MiKTeX/texmfs/install/tex/la
tex/xfor/xfor.sty
Package: xfor 2009/02/05 v1.05 (NLCT)
)
(/Users/christiankrenn/Library/Application Support/MiKTeX/texmfs/install/tex/la
tex/tracklang/tracklang.sty
Package: tracklang 2025/03/11 v1.6.6 (NLCT) Track Languages

(/Users/christiankrenn/Library/Application Support/MiKTeX/texmfs/install/tex/ge
neric/tracklang/tracklang.tex)
Package tracklang Info: Tracking dialect `ngerman' (language `german') on input
 line 53.
)
(/Users/christiankrenn/Library/Application Support/MiKTeX/texmfs/install/tex/la
tex/translator/translator.sty
Package: translator 2021-05-31 v1.12d Easy translation of strings in LaTeX
)
(/Users/christiankrenn/Library/Application Support/MiKTeX/texmfs/install/tex/la
tex/glossaries-german/glossaries-german.ldf
File: glossaries-german.ldf 2014/11/23 v1.0
)
(/Users/christiankrenn/Library/Application Support/MiKTeX/texmfs/install/tex/la
tex/datatool/datatool-base.sty
Package: datatool-base 2025/04/25 v3.4.1 (NLCT)

(/Users/christiankrenn/Library/Application Support/MiKTeX/texmfs/install/tex/la
tex/datatool/datatool-l3fp.def
File: datatool-l3fp.def 2025/04/25 v3.4.1 (NLCT)
)
\@dtl@toks=\toks50
\@dtl@tmpcount=\count470
\dtl@tmplength=\skip93
\l__datatool_measure_box=\box72
\dtl@sortresult=\count471

(/Users/christiankrenn/Library/Application Support/MiKTeX/texmfs/install/tex/la
tex/datatool/datatool-utf8.ldf
File: datatool-utf8.ldf 2025/04/25 v3.4.1 (NLCT)
)
\@dtl@datatype=\count472
\l__datatool_tmpa_int=\count473
\l__datatool_tmpb_int=\count474
\l__datatool_tmpc_int=\count475
\l__datatool_tmpd_int=\count476
\l__datatool_count_int=\count477
\l__datatool_tmp_datatype_int=\count478
\l__datatool_tmpa_dim=\dimen283
\l__datatool_tmpb_dim=\dimen284
\c_datatool_unknown_int=\count479
\l__datatool_year_int=\count480
\l__datatool_month_int=\count481
\l__datatool_day_int=\count482
\l__datatool_hour_int=\count483
\l__datatool_minute_int=\count484
\l__datatool_second_int=\count485
\l__datatool_tzhour_int=\count486
\l__datatool_tzminute_int=\count487
\l__datatool_julian_int=\count488
\l__datatool_local_julian_int=\count489
\l__datatool_prefix_int=\count490
\l__datatool_suffix_int=\count491
\@dtl@foreach@level=\count492


Package tracklang Warning: No `datatool' support for dialect `ngerman'  on inpu
t line 9908.

\dtl@codeA=\count493
\dtl@codeB=\count494
)
\gls@level=\count495
\@gls@tmpb=\toks51
\gls@tmplen=\skip94
\l__glossaries_tmpa_dim=\dimen285
\l__glossaries_tmpb_dim=\dimen286
\glskeylisttok=\toks52
\glslabeltok=\toks53
\glsshorttok=\toks54
\glslongtok=\toks55

(/Users/christiankrenn/Library/Application Support/MiKTeX/texmfs/install/tex/la
tex/glossaries/styles/glossary-hypernav.sty
Package: glossary-hypernav 2025/05/14 v4.7 (NLCT)
)
(/Users/christiankrenn/Library/Application Support/MiKTeX/texmfs/install/tex/la
tex/glossaries/styles/glossary-list.sty
Package: glossary-list 2025/05/14 v4.7 (NLCT)
\glslistdottedwidth=\skip95
)
(/Users/christiankrenn/Library/Application Support/MiKTeX/texmfs/install/tex/la
tex/glossaries/styles/glossary-long.sty
Package: glossary-long 2025/05/14 v4.7 (NLCT)

(/Users/christiankrenn/Library/Application Support/MiKTeX/texmfs/install/tex/la
tex/tools/longtable.sty
Package: longtable 2024-10-27 v4.22 Multi-page Table package (DPC)
\LTleft=\skip96
\LTright=\skip97
\LTpre=\skip98
\LTpost=\skip99
\LTchunksize=\count496
\LTcapwidth=\dimen287
\LT@head=\box73
\LT@firsthead=\box74
\LT@foot=\box75
\LT@lastfoot=\box76
\LT@gbox=\box77
\LT@cols=\count497
\LT@rows=\count498
\c@LT@tables=\count499
\c@LT@chunks=\count500
\LT@p@ftn=\toks56
)
Class scrreprt Info: longtable captions redefined on input line 47.
\glsdescwidth=\skip100
\glspagelistwidth=\skip101
)
(/Users/christiankrenn/Library/Application Support/MiKTeX/texmfs/install/tex/la
tex/glossaries/styles/glossary-super.sty
Package: glossary-super 2025/05/14 v4.7 (NLCT)

(/Users/christiankrenn/Library/Application Support/MiKTeX/texmfs/install/tex/la
tex/supertabular/supertabular.sty
Package: supertabular 2024/07/20 v4.2c the supertabular environment
\c@tracingst=\count501
\ST@wd=\dimen288
\ST@rightskip=\skip102
\ST@leftskip=\skip103
\ST@parfillskip=\skip104
\ST@pageleft=\dimen289
\ST@headht=\dimen290
\ST@tailht=\dimen291
\ST@pagesofar=\dimen292
\ST@pboxht=\dimen293
\ST@rowht=\dimen294
\ST@prevht=\dimen295
\ST@toadd=\dimen296
\ST@dimen=\dimen297
\ST@pbox=\box78
))
(/Users/christiankrenn/Library/Application Support/MiKTeX/texmfs/install/tex/la
tex/glossaries/styles/glossary-tree.sty
Package: glossary-tree 2025/05/14 v4.7 (NLCT)
\l__glossaries_tree_max_known_level_int=\count502
\l__glossaries_tree_offset_dim=\dimen298
\l__glossaries_tree_namewidth_dim=\dimen299
\l__glossaries_tree_symbolwidth_dim=\dimen300
\l__glossaries_tree_prenamesym_width_dim=\dimen301
\l__glossaries_tree_presubnamesym_width_dim=\dimen302
\l__glossaries_tree_namewidth_padding_dim=\dimen303
\l__glossaries_tree_symbolwidth_padding_dim=\dimen304
\l__glossaries_tree_namesymbolwidth_dim=\dimen305
\l__glossaries_tree_namesymbolwidth_padding_dim=\dimen306
\l__glossaries_tree_level_int=\count503
\glstreeindent=\skip105
))
(/Users/christiankrenn/Downloads/latex-vorlagenpaket_fuer_wissenschaftliche_abs
chlussarbeiten (2)/definitions.tex
Package hyperref Info: Option `bookmarksnumbered' set `true' on input line 18.

(/Users/christiankrenn/Library/Application Support/MiKTeX/texmfs/install/tex/la
tex/listings/lstlang1.sty
File: lstlang1.sty 2024/09/23 1.10c listings language file
)
(/Users/christiankrenn/Library/Application Support/MiKTeX/texmfs/install/tex/la
tex/listings/lstlang2.sty
File: lstlang2.sty 2024/09/23 1.10c listings language file
)
(/Users/christiankrenn/Library/Application Support/MiKTeX/texmfs/install/tex/la
tex/listings/lstlang3.sty
File: lstlang3.sty 2024/09/23 1.10c listings language file
)
(/Users/christiankrenn/Library/Application Support/MiKTeX/texmfs/install/tex/la
tex/listings/lstlang1.sty
File: lstlang1.sty 2024/09/23 1.10c listings language file
)
(/Users/christiankrenn/Library/Application Support/MiKTeX/texmfs/install/tex/la
tex/listings/lstlang2.sty
File: lstlang2.sty 2024/09/23 1.10c listings language file
)
(/Users/christiankrenn/Library/Application Support/MiKTeX/texmfs/install/tex/la
tex/listings/lstlang3.sty
File: lstlang3.sty 2024/09/23 1.10c listings language file
)
(/Users/christiankrenn/Library/Application Support/MiKTeX/texmfs/install/tex/la
tex/listings/lstlang1.sty
File: lstlang1.sty 2024/09/23 1.10c listings language file
)
(/Users/christiankrenn/Library/Application Support/MiKTeX/texmfs/install/tex/la
tex/listings/lstlang2.sty
File: lstlang2.sty 2024/09/23 1.10c listings language file
)
(/Users/christiankrenn/Library/Application Support/MiKTeX/texmfs/install/tex/la
tex/listings/lstlang3.sty
File: lstlang3.sty 2024/09/23 1.10c listings language file
)
(/Users/christiankrenn/Library/Application Support/MiKTeX/texmfs/install/tex/la
tex/listings/lstmisc.sty
File: lstmisc.sty 2024/09/23 1.10c (Carsten Heinz)
))
(/Users/christiankrenn/Downloads/latex-vorlagenpaket_fuer_wissenschaftliche_abs
chlussarbeiten (2)/glsdefs.tex)
\glswrite=\write5
\glo@main@file=\write6
\openout6 = `VorlageAbschlussarbeiten.glo'.

Package glossaries Info: Writing glossary file VorlageAbschlussarbeiten.glo on 
input line 22.
\glo@acronym@file=\write7
\openout7 = `VorlageAbschlussarbeiten.acn'.

Package glossaries Info: Writing glossary file VorlageAbschlussarbeiten.acn on 
input line 22.
\glo@symbols@file=\write8
\openout8 = `VorlageAbschlussarbeiten.slo'.

Package glossaries Info: Writing glossary file VorlageAbschlussarbeiten.slo on 
input line 22.
Package csquotes Info: Checking for multilingual support...
Package csquotes Info: ... found 'babel' package.
Package csquotes Info: Adjusting default style.
Package csquotes Info: Redefining alias 'default' -> 'ngerman'.

No file VorlageAbschlussarbeiten.aux.
\openout1 = `VorlageAbschlussarbeiten.aux'.

LaTeX Font Info:    Checking defaults for OML/cmm/m/it on input line 43.
LaTeX Font Info:    ... okay on input line 43.
LaTeX Font Info:    Checking defaults for OMS/cmsy/m/n on input line 43.
LaTeX Font Info:    ... okay on input line 43.
LaTeX Font Info:    Checking defaults for OT1/cmr/m/n on input line 43.
LaTeX Font Info:    ... okay on input line 43.
LaTeX Font Info:    Checking defaults for T1/cmr/m/n on input line 43.
LaTeX Font Info:    ... okay on input line 43.
LaTeX Font Info:    Checking defaults for TS1/cmr/m/n on input line 43.
LaTeX Font Info:    ... okay on input line 43.
LaTeX Font Info:    Checking defaults for OMX/cmex/m/n on input line 43.
LaTeX Font Info:    ... okay on input line 43.
LaTeX Font Info:    Checking defaults for U/cmr/m/n on input line 43.
LaTeX Font Info:    ... okay on input line 43.
LaTeX Font Info:    Checking defaults for PD1/pdf/m/n on input line 43.
LaTeX Font Info:    ... okay on input line 43.
LaTeX Font Info:    Checking defaults for PU/pdf/m/n on input line 43.
LaTeX Font Info:    ... okay on input line 43.
LaTeX Info: Redefining \microtypecontext on input line 43.
Package microtype Info: Applying patch `item' on input line 43.
Package microtype Info: Applying patch `toc' on input line 43.
Package microtype Info: Applying patch `eqnum' on input line 43.
Package microtype Info: Applying patch `footnote' on input line 43.
Package microtype Info: Applying patch `verbatim' on input line 43.
LaTeX Info: Redefining \microtypesetup on input line 43.
Package microtype Info: Generating PDF output.
Package microtype Info: Character protrusion enabled (level 2).
Package microtype Info: Using default protrusion set `alltext'.
Package microtype Info: Automatic font expansion enabled (level 2),
(microtype)             stretch: 20, shrink: 20, step: 1, non-selected.
Package microtype Info: Using default expansion set `alltext-nott'.
LaTeX Info: Redefining \showhyphens on input line 43.
Package microtype Info: No adjustment of tracking.
Package microtype Info: No adjustment of interword spacing.
Package microtype Info: No adjustment of character kerning.

(/Users/christiankrenn/Library/Application Support/MiKTeX/texmfs/install/tex/la
tex/microtype/mt-cmr.cfg
File: mt-cmr.cfg 2013/05/19 v2.2 microtype config. file: Computer Modern Roman 
(RS)
)
(/Users/christiankrenn/Library/Application Support/MiKTeX/texmfs/install/tex/co
ntext/base/mkii/supp-pdf.mkii
[Loading MPS to PDF converter (version 2006.09.02).]
\scratchcounter=\count504
\scratchdimen=\dimen307
\scratchbox=\box79
\nofMPsegments=\count505
\nofMParguments=\count506
\everyMPshowfont=\toks57
\MPscratchCnt=\count507
\MPscratchDim=\dimen308
\MPnumerator=\count508
\makeMPintoPDFobject=\count509
\everyMPtoPDFconversion=\toks58
)
(/Users/christiankrenn/Library/Application Support/MiKTeX/texmfs/install/tex/la
tex/epstopdf-pkg/epstopdf-base.sty
Package: epstopdf-base 2020-01-24 v2.11 Base part for package epstopdf
Package epstopdf-base Info: Redefining graphics rule for `.eps' on input line 4
85.

(/Users/christiankrenn/Library/Application Support/MiKTeX/texmfs/install/tex/la
tex/00miktex/epstopdf-sys.cfg
File: epstopdf-sys.cfg 2021/03/18 v2.0 Configuration of epstopdf for MiKTeX
))
Package pgfplots notification 'compat/show suggested version=true': document ha
s been generated with the most recent feature set (\pgfplotsset{compat=1.18}).

Package biblatex Info: Trying to load language 'ngerman'...
Package biblatex Info: ... file 'ngerman.lbx' found.

(/Users/christiankrenn/Library/Application Support/MiKTeX/texmfs/install/tex/la
tex/biblatex/lbx/ngerman.lbx
File: ngerman.lbx 2024/03/21 v3.20 biblatex localization (PK/MW)
Package biblatex Info: Trying to load language 'german'...
Package biblatex Info: ... file 'german.lbx' found.

(/Users/christiankrenn/Library/Application Support/MiKTeX/texmfs/install/tex/la
tex/biblatex/lbx/german.lbx
File: german.lbx 2024/03/21 v3.20 biblatex localization (PK/MW)
)
Package biblatex Info: Trying to load language 'german'...
Package biblatex Info: ... file 'german.lbx' found.

(/Users/christiankrenn/Library/Application Support/MiKTeX/texmfs/install/tex/la
tex/biblatex/lbx/german.lbx
File: german.lbx 2024/03/21 v3.20 biblatex localization (PK/MW)
))
Package biblatex Info: Input encoding 'utf8' detected.
Package biblatex Info: Automatic encoding selection.
(biblatex)             Assuming data encoding 'utf8'.
\openout4 = `VorlageAbschlussarbeiten.bcf'.

Package biblatex Info: Trying to load bibliographic data...
Package biblatex Info: ... file 'VorlageAbschlussarbeiten.bbl' not found.

No file VorlageAbschlussarbeiten.bbl.
Package biblatex Info: Reference section=0 on input line 43.
Package biblatex Info: Reference segment=0 on input line 43.
Package hyperref Info: Link coloring OFF on input line 43.
\@outlinefile=\write9
\openout9 = `VorlageAbschlussarbeiten.out'.

Class scrreprt Info: loading recommended package `bookmark'.
(scrreprt)           Using `bookmark' together with `hyperref' is recommended,
(scrreprt)           because of handling of possible bookmark level gaps.
(scrreprt)           You can avoid loading `bookmark' with KOMA-Script option
(scrreprt)           `bookmarkpackage=false' before \begin{document} and
(scrreprt)           you can avoid this message adding:
(scrreprt)             \usepackage{bookmark}
(scrreprt)           before \begin{document} on input line 43.

(/Users/christiankrenn/Library/Application Support/MiKTeX/texmfs/install/tex/la
tex/bookmark/bookmark.sty
Package: bookmark 2023-12-10 v1.31 PDF bookmarks (HO)

(/Users/christiankrenn/Library/Application Support/MiKTeX/texmfs/install/tex/la
tex/bookmark/bkm-pdftex.def
File: bkm-pdftex.def 2023-12-10 v1.31 bookmark driver for pdfTeX and luaTeX (HO
)
\BKM@id=\count510
))
\c@lstlisting=\count511
Package tocbasic Info: setting babel extension for `lol' on input line 43.
\scr@dte@lstlisting@maxnumwidth=\skip106

(/Users/christiankrenn/Library/Application Support/MiKTeX/texmfs/install/tex/la
tex/glossaries-english/glossaries-dictionary-English.dict
Dictionary: glossaries-dictionary, Language: English 
)
(/Users/christiankrenn/Library/Application Support/MiKTeX/texmfs/install/tex/la
tex/glossaries-german/glossaries-dictionary-German.dict
Dictionary: glossaries-dictionary, Language: German 
)
(/Users/christiankrenn/Downloads/latex-vorlagenpaket_fuer_wissenschaftliche_abs
chlussarbeiten (2)/content/Cover.tex
Package microtype Info: Loading generic protrusion settings for font family
(microtype)             `cmss' (encoding: T1).
(microtype)             For optimal results, create family-specific settings.
(microtype)             See the microtype manual for details.

Overfull \hbox (8.84511pt too wide) in paragraph at lines 16--26
\T1/cmss/m/n/20.74 (-20) mi-fi-zier-ten Spen-den-ver-tei-lung: Gutenberg-Integr
ation
 []


Overfull \hbox (1.84164pt too wide) in paragraph at lines 16--26
\T1/cmss/m/n/20.74 (-20) und Plugin-Architektur am Bei-spiel von []Charigame^^e
fn
 []

LaTeX Font Info:    Trying to load font information for U+msa on input line 28.


(/Users/christiankrenn/Library/Application Support/MiKTeX/texmfs/install/tex/la
tex/amsfonts/umsa.fd
File: umsa.fd 2013/01/14 v3.01 AMS symbols A
)
(/Users/christiankrenn/Library/Application Support/MiKTeX/texmfs/install/tex/la
tex/microtype/mt-msa.cfg
File: mt-msa.cfg 2006/02/04 v1.1 microtype config. file: AMS symbols (a) (RS)
)
LaTeX Font Info:    Trying to load font information for U+msb on input line 28.


(/Users/christiankrenn/Library/Application Support/MiKTeX/texmfs/install/tex/la
tex/amsfonts/umsb.fd
File: umsb.fd 2013/01/14 v3.01 AMS symbols B
)
(/Users/christiankrenn/Library/Application Support/MiKTeX/texmfs/install/tex/la
tex/microtype/mt-msb.cfg
File: mt-msb.cfg 2005/06/01 v1.0 microtype config. file: AMS symbols (b) (RS)
)

[1

\openout5 = `VorlageAbschlussarbeiten.ist'.



{/Users/christiankrenn/Library/Application Support/MiKTeX/texmfs/data/fonts/map
/pdftex/pdftex.map}
! pdfTeX error (font expansion): auto expansion is only possible with scalable 
fonts.
<argument> ...shipout:D \box_use:N \l_shipout_box 
                                                  \__shipout_drop_firstpage_...
l.44 \end{titlepage}
                    

 
Here is how much of TeX's memory you used:
 56190 strings out of 473682
 1309649 string characters out of 5706403
 2439767 words of memory out of 5000000
 78503 multiletter control sequences out of 15000+600000
 567022 words of font info for 73 fonts, out of 8000000 for 9000
 1143 hyphenation exceptions out of 8191
 115i,8n,148p,11034b,2463s stack positions out of 10000i,1000n,20000p,200000b,200000s
!  ==> Fatal error occurred, no output PDF file produced!
